#
# A fatal error has been detected by the Java Runtime Environment:
#
#  EXCEPTION_ACCESS_VIOLATION (0xc0000005) at pc=0x00000000653dd13e, pid=776, tid=0x0000000000000380
#
# JRE version: OpenJDK Runtime Environment (8.0_242-b08) (build 1.8.0_242-b08)
# Java VM: OpenJDK 64-Bit Server VM (25.242-b08 mixed mode windows-amd64 compressed oops)
# Problematic frame:
# V  [jvm.dll+0x36d13e]
#
# Failed to write core dump. Minidumps are not enabled by default on client versions of Windows
#
# If you would like to submit a bug report, please visit:
#   
#

---------------  T H R E A D  ---------------

Current thread (0x00000000000c3800):  GCTaskThread [stack: 0x0000000011890000,0x0000000011990000] [id=896]

siginfo: ExceptionCode=0xc0000005, reading address 0xffffffffffffffff

Registers:
RAX=0x00000000656371f0, RBX=0x000000001da2afb0, RCX=0x000000001718f4d0, RDX=0x000000001da2afc0
RSP=0x000000001198f540, RBP=0x0000000000000000, RSI=0x000000001718f450, RDI=0x0100000000000000
R8 =0x0000000000000000, R9 =0x00000000c7fb1cf0, R10=0x00000000000c0140, R11=0x0000000000000246
R12=0x000000000000000c, R13=0x0000000000000000, R14=0x000000000000c0ed, R15=0x0000000000000000
RIP=0x00000000653dd13e, EFLAGS=0x0000000000010202

Top of Stack: (sp=0x000000001198f540)
0x000000001198f540:   0000000000000000 000000006524a643
0x000000001198f550:   0000000000000000 000000001198f3c0
0x000000001198f560:   000000000000c200 000000001718f450
0x000000001198f570:   0000000000000000 0000000000000000
0x000000001198f580:   0000000000000200 00000000653dd322
0x000000001198f590:   000000000000c000 0000000000000000
0x000000001198f5a0:   000000000000c200 0000000000010000
0x000000001198f5b0:   0000000000000000 00000000000c3800
0x000000001198f5c0:   0000000000000000 0000000000000000
0x000000001198f5d0:   000000001718f440 00000000653db200
0x000000001198f5e0:   0000000000000001 00000000000ad560
0x000000001198f5f0:   0000000000000000 000000006524a3f0
0x000000001198f600:   4083f5b7d3d7ccbd 000000000000001a
0x000000001198f610:   00000000000bd590 0000000000000000
0x000000001198f620:   000000001718f440 00000000652ad799
0x000000001198f630:   0000000000000001 0000000000000505 

Instructions: (pc=0x00000000653dd13e)
0x00000000653dd11e:   4a 8d 1c f2 0f 84 4e 01 00 00 41 bc 0c 00 00 00
0x00000000653dd12e:   66 90 48 8b 0e 48 8b 3b 48 85 c9 74 59 48 8b 01
0x00000000653dd13e:   48 8b 57 10 ff 10 84 c0 75 4c 48 8b 13 4d 8b c7
0x00000000653dd14e:   48 8b 02 49 c1 e0 06 48 89 03 4c 8b 0d c1 aa 41 


Register to memory mapping:

RAX=0x00000000656371f0 is an unknown value
RBX=0x000000001da2afb0 is an unknown value
RCX=0x000000001718f4d0 is an unknown value
RDX=0x000000001da2afc0 is an unknown value
RSP=0x000000001198f540 is an unknown value
RBP=0x0000000000000000 is an unknown value
RSI=0x000000001718f450 is an unknown value
RDI=0x0100000000000000 is an unknown value
R8 =0x0000000000000000 is an unknown value
R9 =0x00000000c7fb1cf0 is an oop
[C 
 - klass: {type array char}
 - length: 38
R10=0x00000000000c0140 is an unknown value
R11=0x0000000000000246 is an unknown value
R12=0x000000000000000c is an unknown value
R13=0x0000000000000000 is an unknown value
R14=0x000000000000c0ed is an unknown value
R15=0x0000000000000000 is an unknown value


Stack: [0x0000000011890000,0x0000000011990000],  sp=0x000000001198f540,  free space=1021k
Native frames: (J=compiled Java code, j=interpreted, Vv=VM code, C=native code)


---------------  P R O C E S S  ---------------

Java Threads: ( => current thread )
  0x000000001cb54000 JavaThread "Thread-614" [_thread_blocked, id=6660, stack(0x0000000024fb0000,0x00000000250b0000)]
  0x000000001cb4e000 JavaThread "Thread-612" [_thread_blocked, id=4964, stack(0x0000000024d30000,0x0000000024e30000)]
  0x000000001dfd6000 JavaThread "Thread-610" [_thread_blocked, id=3048, stack(0x000000001ffb0000,0x00000000200b0000)]
  0x000000001dfd6800 JavaThread "pool-27-thread-1" [_thread_blocked, id=1532, stack(0x0000000020570000,0x0000000020670000)]
  0x000000001a82c800 JavaThread "pool-26-thread-1" [_thread_blocked, id=824, stack(0x00000000246f0000,0x00000000247f0000)]
  0x000000001dfd3000 JavaThread "pool-25-thread-1" [_thread_blocked, id=5572, stack(0x00000000244b0000,0x00000000245b0000)]
  0x000000001a82f800 JavaThread "pool-24-thread-1" [_thread_blocked, id=5648, stack(0x0000000023e40000,0x0000000023f40000)]
  0x000000001dfd7800 JavaThread "pool-23-thread-1" [_thread_blocked, id=3712, stack(0x0000000023fe0000,0x00000000240e0000)]
  0x000000001dfd3800 JavaThread "pool-22-thread-1" [_thread_blocked, id=6404, stack(0x000000001b780000,0x000000001b880000)]
  0x000000001dfd0800 JavaThread "pool-21-thread-1" [_thread_blocked, id=6484, stack(0x0000000023c70000,0x0000000023d70000)]
  0x000000001cb51800 JavaThread "pool-20-thread-1" [_thread_blocked, id=3736, stack(0x00000000223d0000,0x00000000224d0000)]
  0x000000001dfd5000 JavaThread "pool-19-thread-1" [_thread_blocked, id=6596, stack(0x0000000023900000,0x0000000023a00000)]
  0x000000001a82e000 JavaThread "pool-18-thread-1" [_thread_blocked, id=5220, stack(0x00000000222b0000,0x00000000223b0000)]
  0x000000001dfd2000 JavaThread "pool-17-thread-1" [_thread_blocked, id=6496, stack(0x00000000236f0000,0x00000000237f0000)]
  0x000000001a830000 JavaThread "pool-16-thread-1" [_thread_blocked, id=3852, stack(0x0000000024bf0000,0x0000000024cf0000)]
  0x000000001cb53000 JavaThread "Worker-8" [_thread_blocked, id=4444, stack(0x000000001bf90000,0x000000001c090000)]
  0x000000001a82a000 JavaThread "Worker-7" [_thread_blocked, id=6364, stack(0x0000000020ad0000,0x0000000020bd0000)]
  0x000000001a82a800 JavaThread "Worker-6" [_thread_blocked, id=2160, stack(0x00000000221b0000,0x00000000222b0000)]
  0x000000001cb52800 JavaThread "Worker-4" [_thread_blocked, id=6772, stack(0x00000000203f0000,0x00000000204f0000)]
  0x0000000019272800 JavaThread "pool-1-thread-1" [_thread_blocked, id=6236, stack(0x000000001ef40000,0x000000001f040000)]
  0x0000000018eff000 JavaThread "Java indexing" daemon [_thread_blocked, id=5616, stack(0x000000001c1a0000,0x000000001c2a0000)]
  0x0000000018e28800 JavaThread "Worker-1" [_thread_blocked, id=6724, stack(0x000000001b670000,0x000000001b770000)]
  0x000000001871e800 JavaThread "Worker-JM" [_thread_blocked, id=1924, stack(0x000000001a1a0000,0x000000001a2a0000)]
  0x00000000194ec000 JavaThread "Bundle File Closer" daemon [_thread_blocked, id=6340, stack(0x000000001a350000,0x000000001a450000)]
  0x0000000019278800 JavaThread "Start Level: Equinox Container: b9ab6b4a-8307-4329-84ee-f74759f06fed" daemon [_thread_blocked, id=5768, stack(0x0000000019b70000,0x0000000019c70000)]
  0x00000000191e7000 JavaThread "Framework Event Dispatcher: Equinox Container: b9ab6b4a-8307-4329-84ee-f74759f06fed" daemon [_thread_blocked, id=6268, stack(0x0000000019990000,0x0000000019a90000)]
  0x00000000185b0800 JavaThread "Active Thread: Equinox Container: b9ab6b4a-8307-4329-84ee-f74759f06fed" [_thread_blocked, id=4332, stack(0x0000000019680000,0x0000000019780000)]
  0x00000000185d2800 JavaThread "Service Thread" daemon [_thread_blocked, id=6752, stack(0x0000000018a80000,0x0000000018b80000)]
  0x0000000018405800 JavaThread "C1 CompilerThread1" daemon [_thread_blocked, id=1120, stack(0x00000000187c0000,0x00000000188c0000)]
  0x00000000183a8000 JavaThread "C2 CompilerThread0" daemon [_thread_in_native, id=3116, stack(0x0000000018920000,0x0000000018a20000)]
  0x0000000017ca2800 JavaThread "Attach Listener" daemon [_thread_blocked, id=7164, stack(0x0000000018270000,0x0000000018370000)]
  0x0000000017ca1800 JavaThread "Signal Dispatcher" daemon [_thread_blocked, id=5268, stack(0x00000000180a0000,0x00000000181a0000)]
  0x0000000017ca0800 JavaThread "Surrogate Locker Thread (Concurrent GC)" daemon [_thread_blocked, id=3364, stack(0x0000000017d60000,0x0000000017e60000)]
  0x0000000017c79800 JavaThread "Finalizer" daemon [_thread_blocked, id=6728, stack(0x0000000017fa0000,0x00000000180a0000)]
  0x0000000017c70800 JavaThread "Reference Handler" daemon [_thread_blocked, id=2828, stack(0x0000000017ea0000,0x0000000017fa0000)]
  0x00000000000af800 JavaThread "main" [_thread_blocked, id=6712, stack(0x0000000002080000,0x0000000002180000)]

Other Threads:
  0x0000000017c6c800 VMThread [stack: 0x0000000017090000,0x0000000017190000] [id=6272]
  0x0000000018542000 WatcherThread [stack: 0x0000000018d20000,0x0000000018e20000] [id=6212]

=>0x00000000000c3800 (exited) GCTaskThread [stack: 0x0000000011890000,0x0000000011990000] [id=896]

VM state:at safepoint (normal execution)

VM Mutex/Monitor currently owned by a thread:  ([mutex/lock_event])
[0x00000000000ac260] Threads_lock - owner thread: 0x0000000017c6c800
[0x00000000000ac760] Heap_lock - owner thread: 0x000000001dfd6000

heap address: 0x00000000c0000000, size: 1024 MB, Compressed Oops mode: 32-bit
Narrow klass base: 0x0000000000000000, Narrow klass shift: 0
Compressed class space size: 1073741824 Address: 0x000000007fff0000

Heap:
 garbage-first heap   total 145408K, used 125194K [0x00000000c0000000, 0x00000000c0100470, 0x0000000100000000)
  region size 1024K, 31 young (31744K), 3 survivors (3072K)
 Metaspace       used 65226K, capacity 69132K, committed 69244K, reserved 1112064K
  class space    used 6306K, capacity 7508K, committed 7548K, reserved 1048576K

Heap Regions: (Y=young(eden), SU=young(survivor), HS=humongous(starts), HC=humongous(continues), CS=collection set, F=free, TS=gc time stamp, PTAMS=previous top-at-mark-start, NTAMS=next top-at-mark-start)
AC   0  O    TS     0 PTAMS 0x00000000c0100000 NTAMS 0x00000000c0100000 space 1024K, 100% used [0x00000000c0000000, 0x00000000c0100000)
AC   0  O    TS     0 PTAMS 0x00000000c0200000 NTAMS 0x00000000c0200000 space 1024K, 100% used [0x00000000c0100000, 0x00000000c0200000)
AC   0  O    TS     0 PTAMS 0x00000000c0300000 NTAMS 0x00000000c0300000 space 1024K, 100% used [0x00000000c0200000, 0x00000000c0300000)
AC   0  O    TS     0 PTAMS 0x00000000c0400000 NTAMS 0x00000000c0400000 space 1024K, 100% used [0x00000000c0300000, 0x00000000c0400000)
AC   0  O    TS     0 PTAMS 0x00000000c0500000 NTAMS 0x00000000c0500000 space 1024K, 100% used [0x00000000c0400000, 0x00000000c0500000)
AC   0  O    TS     0 PTAMS 0x00000000c0600000 NTAMS 0x00000000c0600000 space 1024K, 100% used [0x00000000c0500000, 0x00000000c0600000)
AC   0  O    TS     0 PTAMS 0x00000000c0700000 NTAMS 0x00000000c0700000 space 1024K, 100% used [0x00000000c0600000, 0x00000000c0700000)
AC   0  O    TS     0 PTAMS 0x00000000c0800000 NTAMS 0x00000000c0800000 space 1024K, 100% used [0x00000000c0700000, 0x00000000c0800000)
AC   0  O    TS     0 PTAMS 0x00000000c0900000 NTAMS 0x00000000c0900000 space 1024K, 100% used [0x00000000c0800000, 0x00000000c0900000)
AC   0  O    TS     0 PTAMS 0x00000000c0a00000 NTAMS 0x00000000c0a00000 space 1024K, 100% used [0x00000000c0900000, 0x00000000c0a00000)
AC   0  O    TS     0 PTAMS 0x00000000c0b00000 NTAMS 0x00000000c0b00000 space 1024K, 100% used [0x00000000c0a00000, 0x00000000c0b00000)
AC   0  O    TS     0 PTAMS 0x00000000c0c00000 NTAMS 0x00000000c0c00000 space 1024K, 100% used [0x00000000c0b00000, 0x00000000c0c00000)
AC   0  O    TS     0 PTAMS 0x00000000c0d00000 NTAMS 0x00000000c0d00000 space 1024K, 100% used [0x00000000c0c00000, 0x00000000c0d00000)
AC   0  O    TS     0 PTAMS 0x00000000c0e00000 NTAMS 0x00000000c0e00000 space 1024K, 100% used [0x00000000c0d00000, 0x00000000c0e00000)
AC   0  O    TS     0 PTAMS 0x00000000c0f00000 NTAMS 0x00000000c0f00000 space 1024K, 100% used [0x00000000c0e00000, 0x00000000c0f00000)
AC   0  O    TS     0 PTAMS 0x00000000c1000000 NTAMS 0x00000000c1000000 space 1024K, 100% used [0x00000000c0f00000, 0x00000000c1000000)
AC   0  O    TS     0 PTAMS 0x00000000c1100000 NTAMS 0x00000000c1100000 space 1024K, 100% used [0x00000000c1000000, 0x00000000c1100000)
AC   0  O    TS     0 PTAMS 0x00000000c1200000 NTAMS 0x00000000c1200000 space 1024K, 100% used [0x00000000c1100000, 0x00000000c1200000)
AC   0  O    TS     0 PTAMS 0x00000000c1300000 NTAMS 0x00000000c1300000 space 1024K, 100% used [0x00000000c1200000, 0x00000000c1300000)
AC   0  O    TS     0 PTAMS 0x00000000c1400000 NTAMS 0x00000000c1400000 space 1024K, 100% used [0x00000000c1300000, 0x00000000c1400000)
AC   0  O    TS     0 PTAMS 0x00000000c1500000 NTAMS 0x00000000c1500000 space 1024K, 100% used [0x00000000c1400000, 0x00000000c1500000)
AC   0  O    TS     0 PTAMS 0x00000000c1600000 NTAMS 0x00000000c1600000 space 1024K, 100% used [0x00000000c1500000, 0x00000000c1600000)
AC   0  O    TS     0 PTAMS 0x00000000c1700000 NTAMS 0x00000000c1700000 space 1024K, 100% used [0x00000000c1600000, 0x00000000c1700000)
AC   0  O    TS     0 PTAMS 0x00000000c1800000 NTAMS 0x00000000c1800000 space 1024K, 100% used [0x00000000c1700000, 0x00000000c1800000)
AC   0 HS    TS     0 PTAMS 0x00000000c1880010 NTAMS 0x00000000c1880010 space 1024K,  50% used [0x00000000c1800000, 0x00000000c1900000)
AC   0  O    TS     0 PTAMS 0x00000000c1a00000 NTAMS 0x00000000c1a00000 space 1024K, 100% used [0x00000000c1900000, 0x00000000c1a00000)
AC   0  O    TS     0 PTAMS 0x00000000c1b00000 NTAMS 0x00000000c1b00000 space 1024K, 100% used [0x00000000c1a00000, 0x00000000c1b00000)
AC   0  O    TS     0 PTAMS 0x00000000c1c00000 NTAMS 0x00000000c1c00000 space 1024K, 100% used [0x00000000c1b00000, 0x00000000c1c00000)
AC   0  O    TS     0 PTAMS 0x00000000c1d00000 NTAMS 0x00000000c1d00000 space 1024K, 100% used [0x00000000c1c00000, 0x00000000c1d00000)
AC   0  O    TS     0 PTAMS 0x00000000c1e00000 NTAMS 0x00000000c1e00000 space 1024K, 100% used [0x00000000c1d00000, 0x00000000c1e00000)
AC   0  O    TS     0 PTAMS 0x00000000c1f00000 NTAMS 0x00000000c1f00000 space 1024K, 100% used [0x00000000c1e00000, 0x00000000c1f00000)
AC   0  O    TS     0 PTAMS 0x00000000c2000000 NTAMS 0x00000000c2000000 space 1024K, 100% used [0x00000000c1f00000, 0x00000000c2000000)
AC   0  O    TS     0 PTAMS 0x00000000c2100000 NTAMS 0x00000000c2100000 space 1024K, 100% used [0x00000000c2000000, 0x00000000c2100000)
AC   0  O    TS     0 PTAMS 0x00000000c2200000 NTAMS 0x00000000c2200000 space 1024K, 100% used [0x00000000c2100000, 0x00000000c2200000)
AC   0  O    TS     0 PTAMS 0x00000000c2300000 NTAMS 0x00000000c2300000 space 1024K, 100% used [0x00000000c2200000, 0x00000000c2300000)
AC   0  O    TS     0 PTAMS 0x00000000c2400000 NTAMS 0x00000000c2400000 space 1024K, 100% used [0x00000000c2300000, 0x00000000c2400000)
AC   0  O    TS     0 PTAMS 0x00000000c2500000 NTAMS 0x00000000c2500000 space 1024K, 100% used [0x00000000c2400000, 0x00000000c2500000)
AC   0  O    TS     0 PTAMS 0x00000000c2600000 NTAMS 0x00000000c2600000 space 1024K, 100% used [0x00000000c2500000, 0x00000000c2600000)
AC   0  O    TS     0 PTAMS 0x00000000c2700000 NTAMS 0x00000000c2700000 space 1024K, 100% used [0x00000000c2600000, 0x00000000c2700000)
AC   0  O    TS     0 PTAMS 0x00000000c2800000 NTAMS 0x00000000c2800000 space 1024K, 100% used [0x00000000c2700000, 0x00000000c2800000)
AC   0  O    TS     0 PTAMS 0x00000000c2900000 NTAMS 0x00000000c2900000 space 1024K, 100% used [0x00000000c2800000, 0x00000000c2900000)
AC   0  O    TS     0 PTAMS 0x00000000c2a00000 NTAMS 0x00000000c2a00000 space 1024K, 100% used [0x00000000c2900000, 0x00000000c2a00000)
AC   0  O    TS     0 PTAMS 0x00000000c2b00000 NTAMS 0x00000000c2b00000 space 1024K, 100% used [0x00000000c2a00000, 0x00000000c2b00000)
AC   0  O    TS     0 PTAMS 0x00000000c2c00000 NTAMS 0x00000000c2c00000 space 1024K, 100% used [0x00000000c2b00000, 0x00000000c2c00000)
AC   0  O    TS     0 PTAMS 0x00000000c2d00000 NTAMS 0x00000000c2d00000 space 1024K, 100% used [0x00000000c2c00000, 0x00000000c2d00000)
AC   0  O    TS     0 PTAMS 0x00000000c2e00000 NTAMS 0x00000000c2e00000 space 1024K, 100% used [0x00000000c2d00000, 0x00000000c2e00000)
AC   0 HS    TS     0 PTAMS 0x00000000c2e832d8 NTAMS 0x00000000c2e832d8 space 1024K,  51% used [0x00000000c2e00000, 0x00000000c2f00000)
AC   0  O    TS     0 PTAMS 0x00000000c3000000 NTAMS 0x00000000c3000000 space 1024K, 100% used [0x00000000c2f00000, 0x00000000c3000000)
AC   0  O    TS     0 PTAMS 0x00000000c3100000 NTAMS 0x00000000c3100000 space 1024K, 100% used [0x00000000c3000000, 0x00000000c3100000)
AC   0  O    TS     0 PTAMS 0x00000000c3200000 NTAMS 0x00000000c3200000 space 1024K, 100% used [0x00000000c3100000, 0x00000000c3200000)
AC   0  O    TS     0 PTAMS 0x00000000c3300000 NTAMS 0x00000000c3300000 space 1024K, 100% used [0x00000000c3200000, 0x00000000c3300000)
AC   0  O    TS     0 PTAMS 0x00000000c3400000 NTAMS 0x00000000c3400000 space 1024K, 100% used [0x00000000c3300000, 0x00000000c3400000)
AC   0  O    TS     0 PTAMS 0x00000000c3500000 NTAMS 0x00000000c3500000 space 1024K, 100% used [0x00000000c3400000, 0x00000000c3500000)
AC   0  O    TS     0 PTAMS 0x00000000c3600000 NTAMS 0x00000000c3600000 space 1024K, 100% used [0x00000000c3500000, 0x00000000c3600000)
AC   0  O    TS     0 PTAMS 0x00000000c3700000 NTAMS 0x00000000c3700000 space 1024K, 100% used [0x00000000c3600000, 0x00000000c3700000)
AC   0  O    TS     0 PTAMS 0x00000000c3800000 NTAMS 0x00000000c3800000 space 1024K, 100% used [0x00000000c3700000, 0x00000000c3800000)
AC   0  O    TS     0 PTAMS 0x00000000c3900000 NTAMS 0x00000000c3900000 space 1024K, 100% used [0x00000000c3800000, 0x00000000c3900000)
AC   0  O    TS     0 PTAMS 0x00000000c3a00000 NTAMS 0x00000000c3a00000 space 1024K, 100% used [0x00000000c3900000, 0x00000000c3a00000)
AC   0  O    TS     0 PTAMS 0x00000000c3b00000 NTAMS 0x00000000c3b00000 space 1024K, 100% used [0x00000000c3a00000, 0x00000000c3b00000)
AC   0  O    TS     0 PTAMS 0x00000000c3c00000 NTAMS 0x00000000c3c00000 space 1024K, 100% used [0x00000000c3b00000, 0x00000000c3c00000)
AC   0  O    TS     0 PTAMS 0x00000000c3d00000 NTAMS 0x00000000c3d00000 space 1024K, 100% used [0x00000000c3c00000, 0x00000000c3d00000)
AC   0  O    TS     0 PTAMS 0x00000000c3e00000 NTAMS 0x00000000c3e00000 space 1024K, 100% used [0x00000000c3d00000, 0x00000000c3e00000)
AC   0  O    TS     0 PTAMS 0x00000000c3f00000 NTAMS 0x00000000c3f00000 space 1024K, 100% used [0x00000000c3e00000, 0x00000000c3f00000)
AC   0  O    TS     0 PTAMS 0x00000000c4000000 NTAMS 0x00000000c4000000 space 1024K, 100% used [0x00000000c3f00000, 0x00000000c4000000)
AC   0  O    TS     0 PTAMS 0x00000000c4100000 NTAMS 0x00000000c4100000 space 1024K, 100% used [0x00000000c4000000, 0x00000000c4100000)
AC   0  O    TS     1 PTAMS 0x00000000c4163000 NTAMS 0x00000000c4163000 space 1024K,  42% used [0x00000000c4100000, 0x00000000c4200000)
AC   0  O    TS     0 PTAMS 0x00000000c4300000 NTAMS 0x00000000c4300000 space 1024K, 100% used [0x00000000c4200000, 0x00000000c4300000)
AC   0  F    TS     0 PTAMS 0x00000000c4300000 NTAMS 0x00000000c4300000 space 1024K,   0% used [0x00000000c4300000, 0x00000000c4400000)
AC   0  F    TS     0 PTAMS 0x00000000c4400000 NTAMS 0x00000000c4400000 space 1024K,   0% used [0x00000000c4400000, 0x00000000c4500000)
AC   0  O    TS     0 PTAMS 0x00000000c4600000 NTAMS 0x00000000c4600000 space 1024K, 100% used [0x00000000c4500000, 0x00000000c4600000)
AC   0  O    TS     0 PTAMS 0x00000000c4700000 NTAMS 0x00000000c4700000 space 1024K, 100% used [0x00000000c4600000, 0x00000000c4700000)
AC   0  O    TS     0 PTAMS 0x00000000c4800000 NTAMS 0x00000000c4800000 space 1024K, 100% used [0x00000000c4700000, 0x00000000c4800000)
AC   0  O    TS     0 PTAMS 0x00000000c4900000 NTAMS 0x00000000c4900000 space 1024K, 100% used [0x00000000c4800000, 0x00000000c4900000)
AC   0  O    TS     0 PTAMS 0x00000000c4a00000 NTAMS 0x00000000c4a00000 space 1024K, 100% used [0x00000000c4900000, 0x00000000c4a00000)
AC   0  O    TS     0 PTAMS 0x00000000c4b00000 NTAMS 0x00000000c4b00000 space 1024K, 100% used [0x00000000c4a00000, 0x00000000c4b00000)
AC   0  F    TS     0 PTAMS 0x00000000c4b00000 NTAMS 0x00000000c4b00000 space 1024K,   0% used [0x00000000c4b00000, 0x00000000c4c00000)
AC   0  O    TS     0 PTAMS 0x00000000c4d00000 NTAMS 0x00000000c4d00000 space 1024K, 100% used [0x00000000c4c00000, 0x00000000c4d00000)
AC   0  O    TS     0 PTAMS 0x00000000c4e00000 NTAMS 0x00000000c4e00000 space 1024K, 100% used [0x00000000c4d00000, 0x00000000c4e00000)
AC   0  O    TS     0 PTAMS 0x00000000c4f00000 NTAMS 0x00000000c4f00000 space 1024K, 100% used [0x00000000c4e00000, 0x00000000c4f00000)
AC   0  O    TS     0 PTAMS 0x00000000c5000000 NTAMS 0x00000000c5000000 space 1024K, 100% used [0x00000000c4f00000, 0x00000000c5000000)
AC   0  O    TS     0 PTAMS 0x00000000c5100000 NTAMS 0x00000000c5100000 space 1024K, 100% used [0x00000000c5000000, 0x00000000c5100000)
AC   0  O    TS     0 PTAMS 0x00000000c5200000 NTAMS 0x00000000c5200000 space 1024K, 100% used [0x00000000c5100000, 0x00000000c5200000)
AC   0  O    TS     0 PTAMS 0x00000000c5300000 NTAMS 0x00000000c5300000 space 1024K, 100% used [0x00000000c5200000, 0x00000000c5300000)
AC   0  O    TS     0 PTAMS 0x00000000c5400000 NTAMS 0x00000000c5400000 space 1024K, 100% used [0x00000000c5300000, 0x00000000c5400000)
AC   0  O    TS     0 PTAMS 0x00000000c5500000 NTAMS 0x00000000c5500000 space 1024K, 100% used [0x00000000c5400000, 0x00000000c5500000)
AC   0  O    TS     0 PTAMS 0x00000000c5600000 NTAMS 0x00000000c5600000 space 1024K, 100% used [0x00000000c5500000, 0x00000000c5600000)
AC   0  F    TS     0 PTAMS 0x00000000c5600000 NTAMS 0x00000000c5600000 space 1024K,   0% used [0x00000000c5600000, 0x00000000c5700000)
AC   0  F    TS     0 PTAMS 0x00000000c5700000 NTAMS 0x00000000c5700000 space 1024K,   0% used [0x00000000c5700000, 0x00000000c5800000)
AC   0  O    TS     0 PTAMS 0x00000000c5900000 NTAMS 0x00000000c5900000 space 1024K, 100% used [0x00000000c5800000, 0x00000000c5900000)
AC   0  F    TS     0 PTAMS 0x00000000c5900000 NTAMS 0x00000000c5900000 space 1024K,   0% used [0x00000000c5900000, 0x00000000c5a00000)
AC   0  O    TS     0 PTAMS 0x00000000c5b00000 NTAMS 0x00000000c5b00000 space 1024K, 100% used [0x00000000c5a00000, 0x00000000c5b00000)
AC   0  O    TS     0 PTAMS 0x00000000c5c00000 NTAMS 0x00000000c5c00000 space 1024K, 100% used [0x00000000c5b00000, 0x00000000c5c00000)
AC   0  F    TS     0 PTAMS 0x00000000c5c00000 NTAMS 0x00000000c5c00000 space 1024K,   0% used [0x00000000c5c00000, 0x00000000c5d00000)
AC   0  F    TS     0 PTAMS 0x00000000c5d00000 NTAMS 0x00000000c5d00000 space 1024K,   0% used [0x00000000c5d00000, 0x00000000c5e00000)
AC   0  F    TS     0 PTAMS 0x00000000c5e00000 NTAMS 0x00000000c5e00000 space 1024K,   0% used [0x00000000c5e00000, 0x00000000c5f00000)
AC   0  F    TS     0 PTAMS 0x00000000c5f00000 NTAMS 0x00000000c5f00000 space 1024K,   0% used [0x00000000c5f00000, 0x00000000c6000000)
AC   0  F    TS     0 PTAMS 0x00000000c6000000 NTAMS 0x00000000c6000000 space 1024K,   0% used [0x00000000c6000000, 0x00000000c6100000)
AC   0  F    TS     0 PTAMS 0x00000000c6100000 NTAMS 0x00000000c6100000 space 1024K,   0% used [0x00000000c6100000, 0x00000000c6200000)
AC   0  F    TS     0 PTAMS 0x00000000c6200000 NTAMS 0x00000000c6200000 space 1024K,   0% used [0x00000000c6200000, 0x00000000c6300000)
AC   0  F    TS     0 PTAMS 0x00000000c6300000 NTAMS 0x00000000c6300000 space 1024K,   0% used [0x00000000c6300000, 0x00000000c6400000)
AC   0  E CS TS     0 PTAMS 0x00000000c6400000 NTAMS 0x00000000c6400000 space 1024K,  86% used [0x00000000c6400000, 0x00000000c6500000)
AC   0  S    TS     1 PTAMS 0x00000000c6500000 NTAMS 0x00000000c6500000 space 1024K,  49% used [0x00000000c6500000, 0x00000000c6600000)
AC   0  S    TS     1 PTAMS 0x00000000c6600000 NTAMS 0x00000000c6600000 space 1024K, 100% used [0x00000000c6600000, 0x00000000c6700000)
AC   0  E CS TS     0 PTAMS 0x00000000c6700000 NTAMS 0x00000000c6700000 space 1024K, 100% used [0x00000000c6700000, 0x00000000c6800000)
AC   0  E CS TS     0 PTAMS 0x00000000c6800000 NTAMS 0x00000000c6800000 space 1024K, 100% used [0x00000000c6800000, 0x00000000c6900000)
AC   0  S    TS     1 PTAMS 0x00000000c6900000 NTAMS 0x00000000c6900000 space 1024K, 100% used [0x00000000c6900000, 0x00000000c6a00000)
AC   0  S    TS     1 PTAMS 0x00000000c6a00000 NTAMS 0x00000000c6a00000 space 1024K, 100% used [0x00000000c6a00000, 0x00000000c6b00000)
AC   0  E CS TS     0 PTAMS 0x00000000c6b00000 NTAMS 0x00000000c6b00000 space 1024K, 100% used [0x00000000c6b00000, 0x00000000c6c00000)
AC   0  E CS TS     0 PTAMS 0x00000000c6c00000 NTAMS 0x00000000c6c00000 space 1024K, 100% used [0x00000000c6c00000, 0x00000000c6d00000)
AC   0  E CS TS     0 PTAMS 0x00000000c6d00000 NTAMS 0x00000000c6d00000 space 1024K, 100% used [0x00000000c6d00000, 0x00000000c6e00000)
AC   0  E CS TS     0 PTAMS 0x00000000c6e00000 NTAMS 0x00000000c6e00000 space 1024K, 100% used [0x00000000c6e00000, 0x00000000c6f00000)
AC   0  E CS TS     0 PTAMS 0x00000000c6f00000 NTAMS 0x00000000c6f00000 space 1024K, 100% used [0x00000000c6f00000, 0x00000000c7000000)
AC   0  E CS TS     0 PTAMS 0x00000000c7000000 NTAMS 0x00000000c7000000 space 1024K, 100% used [0x00000000c7000000, 0x00000000c7100000)
AC   0  E CS TS     0 PTAMS 0x00000000c7100000 NTAMS 0x00000000c7100000 space 1024K, 100% used [0x00000000c7100000, 0x00000000c7200000)
AC   0  E CS TS     0 PTAMS 0x00000000c7200000 NTAMS 0x00000000c7200000 space 1024K, 100% used [0x00000000c7200000, 0x00000000c7300000)
AC   0  E CS TS     0 PTAMS 0x00000000c7300000 NTAMS 0x00000000c7300000 space 1024K, 100% used [0x00000000c7300000, 0x00000000c7400000)
AC   0  E CS TS     0 PTAMS 0x00000000c7400000 NTAMS 0x00000000c7400000 space 1024K, 100% used [0x00000000c7400000, 0x00000000c7500000)
AC   0  E CS TS     0 PTAMS 0x00000000c7500000 NTAMS 0x00000000c7500000 space 1024K, 100% used [0x00000000c7500000, 0x00000000c7600000)
AC   0  E CS TS     0 PTAMS 0x00000000c7600000 NTAMS 0x00000000c7600000 space 1024K, 100% used [0x00000000c7600000, 0x00000000c7700000)
AC   0  O    TS     0 PTAMS 0x00000000c7800000 NTAMS 0x00000000c7800000 space 1024K, 100% used [0x00000000c7700000, 0x00000000c7800000)
AC   0  E CS TS     0 PTAMS 0x00000000c7800000 NTAMS 0x00000000c7800000 space 1024K, 100% used [0x00000000c7800000, 0x00000000c7900000)
AC   0  E CS TS     0 PTAMS 0x00000000c7900000 NTAMS 0x00000000c7900000 space 1024K, 100% used [0x00000000c7900000, 0x00000000c7a00000)
AC   0  O    TS     0 PTAMS 0x00000000c7b00000 NTAMS 0x00000000c7b00000 space 1024K, 100% used [0x00000000c7a00000, 0x00000000c7b00000)
AC   0  E CS TS     0 PTAMS 0x00000000c7b00000 NTAMS 0x00000000c7b00000 space 1024K, 100% used [0x00000000c7b00000, 0x00000000c7c00000)
AC   0  E CS TS     0 PTAMS 0x00000000c7c00000 NTAMS 0x00000000c7c00000 space 1024K, 100% used [0x00000000c7c00000, 0x00000000c7d00000)
AC   0  E CS TS     0 PTAMS 0x00000000c7d00000 NTAMS 0x00000000c7d00000 space 1024K, 100% used [0x00000000c7d00000, 0x00000000c7e00000)
AC   0  E CS TS     0 PTAMS 0x00000000c7e00000 NTAMS 0x00000000c7e00000 space 1024K, 100% used [0x00000000c7e00000, 0x00000000c7f00000)
AC   0  O    TS     0 PTAMS 0x00000000c8000000 NTAMS 0x00000000c8000000 space 1024K, 100% used [0x00000000c7f00000, 0x00000000c8000000)
AC   0  O    TS     0 PTAMS 0x00000000c8100000 NTAMS 0x00000000c8100000 space 1024K, 100% used [0x00000000c8000000, 0x00000000c8100000)
AC   0  O    TS     0 PTAMS 0x00000000c8200000 NTAMS 0x00000000c8200000 space 1024K, 100% used [0x00000000c8100000, 0x00000000c8200000)
AC   0  E CS TS     0 PTAMS 0x00000000c8200000 NTAMS 0x00000000c8200000 space 1024K, 100% used [0x00000000c8200000, 0x00000000c8300000)
AC   0  O    TS     0 PTAMS 0x00000000c8400000 NTAMS 0x00000000c8400000 space 1024K, 100% used [0x00000000c8300000, 0x00000000c8400000)
AC   0  O    TS     0 PTAMS 0x00000000c8500000 NTAMS 0x00000000c8500000 space 1024K, 100% used [0x00000000c8400000, 0x00000000c8500000)
AC   0  E CS TS     0 PTAMS 0x00000000c8500000 NTAMS 0x00000000c8500000 space 1024K, 100% used [0x00000000c8500000, 0x00000000c8600000)
AC   0  E CS TS     0 PTAMS 0x00000000c8600000 NTAMS 0x00000000c8600000 space 1024K, 100% used [0x00000000c8600000, 0x00000000c8700000)
AC   0  E CS TS     0 PTAMS 0x00000000c8700000 NTAMS 0x00000000c8700000 space 1024K, 100% used [0x00000000c8700000, 0x00000000c8800000)
AC   0  E CS TS     0 PTAMS 0x00000000c8800000 NTAMS 0x00000000c8800000 space 1024K, 100% used [0x00000000c8800000, 0x00000000c8900000)
AC   0  E CS TS     0 PTAMS 0x00000000c8900000 NTAMS 0x00000000c8900000 space 1024K, 100% used [0x00000000c8900000, 0x00000000c8a00000)
AC   0  E CS TS     0 PTAMS 0x00000000c8a00000 NTAMS 0x00000000c8a00000 space 1024K, 100% used [0x00000000c8a00000, 0x00000000c8b00000)
AC   0  E CS TS     0 PTAMS 0x00000000c8b00000 NTAMS 0x00000000c8b00000 space 1024K, 100% used [0x00000000c8b00000, 0x00000000c8c00000)
AC   0  E CS TS     0 PTAMS 0x00000000c8c00000 NTAMS 0x00000000c8c00000 space 1024K, 100% used [0x00000000c8c00000, 0x00000000c8d00000)
AC   0  E CS TS     0 PTAMS 0x00000000c8d00000 NTAMS 0x00000000c8d00000 space 1024K, 100% used [0x00000000c8d00000, 0x00000000c8e00000)

Card table byte_map: [0x00000000127a0000,0x00000000129a0000] byte_map_base: 0x00000000121a0000

Marking Bits (Prev, Next): (CMBitMap*) 0x00000000000dffb8, (CMBitMap*) 0x00000000000e0010
 Prev Bits: [0x0000000012ba0000, 0x0000000013ba0000)
 Next Bits: [0x0000000013ba0000, 0x0000000014ba0000)

Polling page: 0x0000000001ee0000

CodeCache: size=245760Kb used=47146Kb max_used=47293Kb free=198613Kb
 bounds [0x0000000002450000, 0x00000000052d0000, 0x0000000011450000]
 total_blobs=12237 nmethods=11607 adapters=541
 compilation: enabled

Compilation events (10 events):
Event: 638.444 Thread 0x00000000183a8000 nmethod 14668 0x00000000045f7a90 code [0x00000000045f7bc0, 0x00000000045f7c38]
Event: 638.445 Thread 0x0000000018405800 14669       3       org.eclipse.jdt.internal.corext.dom.GenericVisitor::<init> (6 bytes)
Event: 638.445 Thread 0x0000000018405800 nmethod 14669 0x0000000002594910 code [0x0000000002594a80, 0x0000000002594c90]
Event: 638.446 Thread 0x00000000183a8000 14670       4       org.eclipse.jdt.ls.core.internal.contentassist.CompletionProposalDescriptionProvider::findSimpleNameStart (47 bytes)
Event: 638.449 Thread 0x00000000183a8000 nmethod 14670 0x00000000034f0ed0 code [0x00000000034f1000, 0x00000000034f1198]
Event: 638.452 Thread 0x00000000183a8000 14671       4       lombok.core.handlers.InclusionExclusionUtils::handleIncludeExcludeMarking (802 bytes)
Event: 638.629 Thread 0x0000000018405800 14672       3       org.eclipse.jdt.internal.core.util.ReferenceInfoAdapter::acceptTypeReference (1 bytes)
Event: 638.630 Thread 0x0000000018405800 nmethod 14672 0x0000000003cdc4d0 code [0x0000000003cdc620, 0x0000000003cdc770]
Event: 638.637 Thread 0x0000000018405800 14673       1       org.eclipse.jdt.internal.core.LocalVariable::getElementName (5 bytes)
Event: 638.637 Thread 0x0000000018405800 nmethod 14673 0x00000000052b2910 code [0x00000000052b2a60, 0x00000000052b2b70]

GC Heap History (10 events):
Event: 632.257 GC heap after
Heap after GC invocations=224 (full 0):
 garbage-first heap   total 145408K, used 95141K [0x00000000c0000000, 0x00000000c0100470, 0x0000000100000000)
  region size 1024K, 2 young (2048K), 2 survivors (2048K)
 Metaspace       used 65110K, capacity 69004K, committed 69244K, reserved 1112064K
  class space    used 6306K, capacity 7508K, committed 7548K, reserved 1048576K
}
Event: 632.942 GC heap before
{Heap before GC invocations=224 (full 0):
 garbage-first heap   total 145408K, used 125861K [0x00000000c0000000, 0x00000000c0100470, 0x0000000100000000)
  region size 1024K, 32 young (32768K), 2 survivors (2048K)
 Metaspace       used 65163K, capacity 69068K, committed 69244K, reserved 1112064K
  class space    used 6306K, capacity 7508K, committed 7548K, reserved 1048576K
Event: 632.955 GC heap after
Heap after GC invocations=225 (full 0):
 garbage-first heap   total 145408K, used 96078K [0x00000000c0000000, 0x00000000c0100470, 0x0000000100000000)
  region size 1024K, 3 young (3072K), 3 survivors (3072K)
 Metaspace       used 65163K, capacity 69068K, committed 69244K, reserved 1112064K
  class space    used 6306K, capacity 7508K, committed 7548K, reserved 1048576K
}
Event: 634.753 GC heap before
{Heap before GC invocations=226 (full 0):
 garbage-first heap   total 145408K, used 124750K [0x00000000c0000000, 0x00000000c0100470, 0x0000000100000000)
  region size 1024K, 31 young (31744K), 3 survivors (3072K)
 Metaspace       used 65220K, capacity 69132K, committed 69244K, reserved 1112064K
  class space    used 6306K, capacity 7508K, committed 7548K, reserved 1048576K
Event: 634.765 GC heap after
Heap after GC invocations=227 (full 0):
 garbage-first heap   total 145408K, used 94965K [0x00000000c0000000, 0x00000000c0100470, 0x0000000100000000)
  region size 1024K, 2 young (2048K), 2 survivors (2048K)
 Metaspace       used 65220K, capacity 69132K, committed 69244K, reserved 1112064K
  class space    used 6306K, capacity 7508K, committed 7548K, reserved 1048576K
}
Event: 638.047 GC heap before
{Heap before GC invocations=227 (full 0):
 garbage-first heap   total 145408K, used 125685K [0x00000000c0000000, 0x00000000c0100470, 0x0000000100000000)
  region size 1024K, 32 young (32768K), 2 survivors (2048K)
 Metaspace       used 65223K, capacity 69132K, committed 69244K, reserved 1112064K
  class space    used 6306K, capacity 7508K, committed 7548K, reserved 1048576K
Event: 638.057 GC heap after
Heap after GC invocations=228 (full 0):
 garbage-first heap   total 145408K, used 95299K [0x00000000c0000000, 0x00000000c0100470, 0x0000000100000000)
  region size 1024K, 2 young (2048K), 2 survivors (2048K)
 Metaspace       used 65223K, capacity 69132K, committed 69244K, reserved 1112064K
  class space    used 6306K, capacity 7508K, committed 7548K, reserved 1048576K
}
Event: 638.189 GC heap before
{Heap before GC invocations=228 (full 0):
 garbage-first heap   total 145408K, used 126019K [0x00000000c0000000, 0x00000000c0100470, 0x0000000100000000)
  region size 1024K, 32 young (32768K), 2 survivors (2048K)
 Metaspace       used 65225K, capacity 69132K, committed 69244K, reserved 1112064K
  class space    used 6306K, capacity 7508K, committed 7548K, reserved 1048576K
Event: 638.203 GC heap after
Heap after GC invocations=229 (full 0):
 garbage-first heap   total 145408K, used 96522K [0x00000000c0000000, 0x00000000c0100470, 0x0000000100000000)
  region size 1024K, 3 young (3072K), 3 survivors (3072K)
 Metaspace       used 65225K, capacity 69132K, committed 69244K, reserved 1112064K
  class space    used 6306K, capacity 7508K, committed 7548K, reserved 1048576K
}
Event: 638.706 GC heap before
{Heap before GC invocations=230 (full 0):
 garbage-first heap   total 145408K, used 125194K [0x00000000c0000000, 0x00000000c0100470, 0x0000000100000000)
  region size 1024K, 31 young (31744K), 3 survivors (3072K)
 Metaspace       used 65226K, capacity 69132K, committed 69244K, reserved 1112064K
  class space    used 6306K, capacity 7508K, committed 7548K, reserved 1048576K

Deoptimization events (10 events):
Event: 631.332 Thread 0x000000001dfd1800 Uncommon trap: reason=class_check action=maybe_recompile pc=0x0000000004b886d0 method=org.eclipse.jdt.core.dom.ASTConverter.convert(Lorg/eclipse/jdt/internal/compiler/ast/Reference;)Lorg/eclipse/jdt/core/dom/Expression; @ 9
Event: 631.332 Thread 0x000000001dfd1800 Uncommon trap: reason=unstable_if action=reinterpret pc=0x00000000046143b8 method=org.eclipse.jdt.core.dom.ASTConverter.lookupScope(Lorg/eclipse/jdt/core/dom/ASTNode;)Lorg/eclipse/jdt/internal/compiler/lookup/BlockScope; @ 32
Event: 631.333 Thread 0x000000001dfd1800 Uncommon trap: reason=unstable_if action=reinterpret pc=0x00000000052404d0 method=org.eclipse.jdt.core.dom.DefaultBindingResolver.resolveName(Lorg/eclipse/jdt/core/dom/Name;)Lorg/eclipse/jdt/core/dom/IBinding; @ 23
Event: 631.508 Thread 0x000000001dfd1800 Uncommon trap: reason=class_check action=maybe_recompile pc=0x0000000004b886d0 method=org.eclipse.jdt.core.dom.ASTConverter.convert(Lorg/eclipse/jdt/internal/compiler/ast/Reference;)Lorg/eclipse/jdt/core/dom/Expression; @ 9
Event: 631.508 Thread 0x000000001dfd1800 Uncommon trap: reason=unstable_if action=reinterpret pc=0x00000000035175a0 method=org.eclipse.jdt.internal.core.dom.rewrite.imports.ImportName.hashCode()I @ 16
Event: 631.521 Thread 0x000000001dfd1800 Uncommon trap: reason=class_check action=maybe_recompile pc=0x0000000004b886d0 method=org.eclipse.jdt.core.dom.ASTConverter.convert(Lorg/eclipse/jdt/internal/compiler/ast/Reference;)Lorg/eclipse/jdt/core/dom/Expression; @ 9
Event: 631.537 Thread 0x000000001dfd1800 Uncommon trap: reason=class_check action=maybe_recompile pc=0x0000000002e98d68 method=org.eclipse.jdt.internal.compiler.ast.Expression.computeConversion(Lorg/eclipse/jdt/internal/compiler/lookup/Scope;Lorg/eclipse/jdt/internal/compiler/lookup/TypeBinding;
Event: 631.556 Thread 0x000000001dfd1800 Uncommon trap: reason=class_check action=maybe_recompile pc=0x0000000004b886d0 method=org.eclipse.jdt.core.dom.ASTConverter.convert(Lorg/eclipse/jdt/internal/compiler/ast/Reference;)Lorg/eclipse/jdt/core/dom/Expression; @ 9
Event: 631.565 Thread 0x000000001dfd1800 Uncommon trap: reason=class_check action=maybe_recompile pc=0x0000000002e98d68 method=org.eclipse.jdt.internal.compiler.ast.Expression.computeConversion(Lorg/eclipse/jdt/internal/compiler/lookup/Scope;Lorg/eclipse/jdt/internal/compiler/lookup/TypeBinding;
Event: 631.828 Thread 0x000000001cb53000 Uncommon trap: reason=class_check action=maybe_recompile pc=0x0000000002e98d68 method=org.eclipse.jdt.internal.compiler.ast.Expression.computeConversion(Lorg/eclipse/jdt/internal/compiler/lookup/Scope;Lorg/eclipse/jdt/internal/compiler/lookup/TypeBinding;

Classes redefined (0 events):
No events

Internal exceptions (10 events):
Event: 634.852 Thread 0x000000001cb52800 Exception <a 'java/lang/NullPointerException'> (0x00000000c721a5e0) thrown at [C:\cygwin64\tmp\openjdk-jdk8u-windows-x64-hotspot\workspace\build\src\hotspot\src\share\vm\runtime\sharedRuntime.cpp, line 605]
Event: 634.853 Thread 0x000000001cb52800 Implicit null exception at 0x00000000045b4970 to 0x00000000045b64ac
Event: 634.853 Thread 0x000000001cb52800 Exception <a 'java/lang/NullPointerException'> (0x00000000c7293b70) thrown at [C:\cygwin64\tmp\openjdk-jdk8u-windows-x64-hotspot\workspace\build\src\hotspot\src\share\vm\runtime\sharedRuntime.cpp, line 605]
Event: 638.037 Thread 0x000000001dfd6000 Exception <a 'java/lang/ArrayIndexOutOfBoundsException'> (0x00000000c6cc1210) thrown at [C:\cygwin64\tmp\openjdk-jdk8u-windows-x64-hotspot\workspace\build\src\hotspot\src\share\vm\runtime\sharedRuntime.cpp, line 605]
Event: 638.037 Thread 0x000000001dfd6000 Exception <a 'java/lang/ArrayIndexOutOfBoundsException'> (0x00000000c6cc14b0) thrown at [C:\cygwin64\tmp\openjdk-jdk8u-windows-x64-hotspot\workspace\build\src\hotspot\src\share\vm\runtime\sharedRuntime.cpp, line 605]
Event: 638.038 Thread 0x000000001dfd6000 Exception <a 'java/lang/ArrayIndexOutOfBoundsException'> (0x00000000c6cc1750) thrown at [C:\cygwin64\tmp\openjdk-jdk8u-windows-x64-hotspot\workspace\build\src\hotspot\src\share\vm\runtime\sharedRuntime.cpp, line 605]
Event: 638.419 Thread 0x000000001dfd6000 Implicit null exception at 0x00000000045b4970 to 0x00000000045b64ac
Event: 638.419 Thread 0x000000001dfd6000 Exception <a 'java/lang/NullPointerException'> (0x00000000c8aa9560) thrown at [C:\cygwin64\tmp\openjdk-jdk8u-windows-x64-hotspot\workspace\build\src\hotspot\src\share\vm\runtime\sharedRuntime.cpp, line 605]
Event: 638.420 Thread 0x000000001dfd6000 Implicit null exception at 0x00000000045b4970 to 0x00000000045b64ac
Event: 638.420 Thread 0x000000001dfd6000 Exception <a 'java/lang/NullPointerException'> (0x00000000c8922b68) thrown at [C:\cygwin64\tmp\openjdk-jdk8u-windows-x64-hotspot\workspace\build\src\hotspot\src\share\vm\runtime\sharedRuntime.cpp, line 605]

Events (10 events):
Event: 638.456 Thread 0x000000001cb54000 Thread added: 0x000000001cb54000
Event: 638.457 Thread 0x000000001a82d000 Thread added: 0x000000001a82d000
Event: 638.557 Executing VM operation: CGC_Operation
Event: 638.620 Executing VM operation: CGC_Operation done
Event: 638.621 Executing VM operation: CGC_Operation
Event: 638.623 Executing VM operation: CGC_Operation done
Event: 638.664 Thread 0x000000001a82d000 Thread exited: 0x000000001a82d000
Event: 638.665 Thread 0x000000001cb55000 Thread exited: 0x000000001cb55000
Event: 638.666 Thread 0x000000001dfd1800 Thread exited: 0x000000001dfd1800
Event: 638.691 Executing VM operation: G1IncCollectionPause


Dynamic libraries:
0x000000013f400000 - 0x000000013f43a000 	C:\Program Files\AdoptOpenJDK\jdk-8.0.242.08-hotspot\bin\java.exe
0x0000000077c90000 - 0x0000000077e2f000 	C:\Windows\SYSTEM32\ntdll.dll
0x000007fef2520000 - 0x000007fef2533000 	C:\Program Files\AVAST Software\Avast\aswhook.dll
0x0000000077a70000 - 0x0000000077b8f000 	C:\Windows\system32\kernel32.dll
0x000007fefd880000 - 0x000007fefd8e7000 	C:\Windows\system32\KERNELBASE.dll
0x000007feffbd0000 - 0x000007feffcab000 	C:\Windows\system32\ADVAPI32.dll
0x000007fefdcd0000 - 0x000007fefdd6f000 	C:\Windows\system32\msvcrt.dll
0x000007feff700000 - 0x000007feff71f000 	C:\Windows\SYSTEM32\sechost.dll
0x000007fefdba0000 - 0x000007fefdccc000 	C:\Windows\system32\RPCRT4.dll
0x0000000077b90000 - 0x0000000077c8a000 	C:\Windows\system32\USER32.dll
0x000007feffcb0000 - 0x000007feffd17000 	C:\Windows\system32\GDI32.dll
0x000007feff420000 - 0x000007feff42e000 	C:\Windows\system32\LPK.dll
0x000007fefedd0000 - 0x000007fefee9b000 	C:\Windows\system32\USP10.dll
0x000007fefc230000 - 0x000007fefc425000 	C:\Windows\WinSxS\amd64_microsoft.windows.common-controls_6595b64144ccf1df_6.0.7601.24483_none_e372d88f30fbb845\COMCTL32.dll
0x000007fefdeb0000 - 0x000007fefdf21000 	C:\Windows\system32\SHLWAPI.dll
0x000007feff1b0000 - 0x000007feff1de000 	C:\Windows\system32\IMM32.DLL
0x000007fefdf30000 - 0x000007fefe03b000 	C:\Windows\system32\MSCTF.dll
0x000007feef440000 - 0x000007feef52f000 	C:\Program Files\AdoptOpenJDK\jdk-8.0.242.08-hotspot\jre\bin\msvcr120.dll
0x000007feef570000 - 0x000007feef616000 	C:\Program Files\AdoptOpenJDK\jdk-8.0.242.08-hotspot\jre\bin\msvcp120.dll
0x0000000065070000 - 0x0000000065871000 	C:\Program Files\AdoptOpenJDK\jdk-8.0.242.08-hotspot\jre\bin\server\jvm.dll
0x000007fefa920000 - 0x000007fefa929000 	C:\Windows\system32\WSOCK32.dll
0x000007feff240000 - 0x000007feff28d000 	C:\Windows\system32\WS2_32.dll
0x000007feff0c0000 - 0x000007feff0c8000 	C:\Windows\system32\NSI.dll
0x000007fefb920000 - 0x000007fefb95b000 	C:\Windows\system32\WINMM.dll
0x000007fefc8c0000 - 0x000007fefc8cc000 	C:\Windows\system32\VERSION.dll
0x0000000077e40000 - 0x0000000077e47000 	C:\Windows\system32\PSAPI.DLL
0x000007fef51d0000 - 0x000007fef51df000 	C:\Program Files\AdoptOpenJDK\jdk-8.0.242.08-hotspot\jre\bin\verify.dll
0x000007fef39b0000 - 0x000007fef39d8000 	C:\Program Files\AdoptOpenJDK\jdk-8.0.242.08-hotspot\jre\bin\java.dll
0x000007fef39e0000 - 0x000007fef3a0a000 	C:\Program Files\AdoptOpenJDK\jdk-8.0.242.08-hotspot\jre\bin\instrument.dll
0x000007fef2cc0000 - 0x000007fef2cd6000 	C:\Program Files\AdoptOpenJDK\jdk-8.0.242.08-hotspot\jre\bin\zip.dll
0x000007fefe040000 - 0x000007fefedcb000 	C:\Windows\system32\SHELL32.dll
0x000007fefeec0000 - 0x000007feff0bf000 	C:\Windows\system32\ole32.dll
0x000007fefd7e0000 - 0x000007fefd7ef000 	C:\Windows\system32\profapi.dll
0x000007fef2680000 - 0x000007fef269a000 	C:\Program Files\AdoptOpenJDK\jdk-8.0.242.08-hotspot\jre\bin\net.dll
0x000007fefcf20000 - 0x000007fefcf75000 	C:\Windows\system32\mswsock.dll
0x000007fefcf10000 - 0x000007fefcf17000 	C:\Windows\System32\wship6.dll
0x000007fef2580000 - 0x000007fef2592000 	C:\Program Files\AdoptOpenJDK\jdk-8.0.242.08-hotspot\jre\bin\nio.dll
0x000007fefcf80000 - 0x000007fefcf98000 	C:\Windows\system32\CRYPTSP.dll
0x000007fefcc80000 - 0x000007fefccc7000 	C:\Windows\system32\rsaenh.dll
0x000007fefd850000 - 0x000007fefd86f000 	C:\Windows\system32\USERENV.dll
0x000007fefd640000 - 0x000007fefd64f000 	C:\Windows\system32\CRYPTBASE.dll
0x000007fefaa30000 - 0x000007fefaa57000 	C:\Windows\system32\IPHLPAPI.DLL
0x000007fefaa20000 - 0x000007fefaa2b000 	C:\Windows\system32\WINNSI.DLL
0x000007fefa500000 - 0x000007fefa518000 	C:\Windows\system32\dhcpcsvc.DLL
0x000007fefa4e0000 - 0x000007fefa4f1000 	C:\Windows\system32\dhcpcsvc6.DLL
0x000007feef890000 - 0x000007feef8b9000 	C:\Users\FamiliaBraz\AppData\Roaming\Code\User\globalStorage\redhat.java\0.63.0\config_win\org.eclipse.equinox.launcher\org.eclipse.equinox.launcher.win32.win32.x86_64_1.1.1200.v20200508-1552\eclipse_11000.dll
0x000007fef2560000 - 0x000007fef2571000 	C:\Users\FamiliaBraz\AppData\Roaming\Code\User\globalStorage\redhat.java\0.63.0\config_win\org.eclipse.osgi\20\0\.cp\jWinHttp-1.0.0.dll
0x000007fef93d0000 - 0x000007fef9441000 	C:\Windows\system32\WINHTTP.dll
0x000007fef9360000 - 0x000007fef93c5000 	C:\Windows\system32\webio.dll
0x000007fefd5b0000 - 0x000007fefd5d5000 	C:\Windows\system32\SspiCli.dll
0x000007fefcbd0000 - 0x000007fefcbda000 	C:\Windows\system32\credssp.dll
0x000007fefd800000 - 0x000007fefd836000 	C:\Windows\system32\CFGMGR32.dll
0x000007feef6f0000 - 0x000007feef713000 	C:\Program Files\AdoptOpenJDK\jdk-8.0.242.08-hotspot\jre\bin\sunec.dll
0x000007fef8e40000 - 0x000007fef8f65000 	C:\Windows\system32\dbghelp.dll

VM Arguments:
jvm_args: -Declipse.application=org.eclipse.jdt.ls.core.id1 -Dosgi.bundles.defaultStartLevel=4 -Declipse.product=org.eclipse.jdt.ls.core.product -Dfile.encoding=utf8 -DwatchParentProcess=false -Xmx1G -XX:+UseG1GC -XX:+UseStringDeduplication -javaagent:c:\Users\FamiliaBraz\.vscode\extensions\gabrielbb.vscode-lombok-1.0.1\server\lombok.jar -Xverify:none 
java_command: c:\Users\FamiliaBraz\.vscode\extensions\redhat.java-0.63.0\server\plugins\org.eclipse.equinox.launcher_1.5.700.v20200207-2156.jar -configuration c:\Users\FamiliaBraz\AppData\Roaming\Code\User\globalStorage\redhat.java\0.63.0\config_win -data c:\Users\FamiliaBraz\AppData\Roaming\Code\User\workspaceStorage\b96c7a3a862e0534ff9deb7426ed5608\redhat.java\jdt_ws
java_class_path (initial): c:\Users\FamiliaBraz\.vscode\extensions\redhat.java-0.63.0\server\plugins\org.eclipse.equinox.launcher_1.5.700.v20200207-2156.jar;c:\Users\FamiliaBraz\.vscode\extensions\gabrielbb.vscode-lombok-1.0.1\server\lombok.jar
Launcher Type: SUN_STANDARD

Environment Variables:
JAVA_HOME=C:\Program Files\AdoptOpenJDK\jdk-8.0.242.08-hotspot\
PATH=C:\Program Files\AdoptOpenJDK\jdk-8.0.242.08-hotspot\bin;C:\Program Files (x86)\Common Files\Oracle\Java\javapath;C:\Windows\system32;C:\Windows;C:\Windows\System32\Wbem;C:\Windows\System32\WindowsPowerShell\v1.0\;C:\Program Files\nodejs\;C:\Program Files (x86)\Intel\OpenCL SDK\2.0\bin\x86;C:\Program Files (x86)\Intel\OpenCL SDK\2.0\bin\x64;C:\Program Files\Git\cmd;;C:\Users\FamiliaBraz\AppData\Local\Programs\Microsoft VS Code\bin;C:\Users\FamiliaBraz\AppData\Roaming\npm
USERNAME=FamiliaBraz
OS=Windows_NT
PROCESSOR_IDENTIFIER=Intel64 Family 6 Model 42 Stepping 7, GenuineIntel



---------------  S Y S T E M  ---------------

OS: Windows 7 , 64 bit Build 7601 (6.1.7601.24545)

CPU:total 2 (initial active 2) (2 cores per cpu, 1 threads per core) family 6 model 42 stepping 7, cmov, cx8, fxsr, mmx, sse, sse2, sse3, ssse3, sse4.1, sse4.2, popcnt, clmul, tsc, tscinvbit

Memory: 4k page, physical 6182256k(2377380k free), swap 12362612k(8235124k free)

vm_info: OpenJDK 64-Bit Server VM (25.242-b08) for windows-amd64 JRE (1.8.0_242-b08), built on Jan 19 2020 14:45:52 by "jenkins" with MS VC++ 12.0 (VS2013)

time: Wed Jul 01 11:53:09 2020
timezone: Hora oficial do Brasil
elapsed time: 638 seconds (0d 0h 10m 38s)

