#
# A fatal error has been detected by the Java Runtime Environment:
#
#  EXCEPTION_ACCESS_VIOLATION (0xc0000005) at pc=0x0000000063d1d13e, pid=7244, tid=0x0000000000001cc4
#
# JRE version: OpenJDK Runtime Environment (8.0_242-b08) (build 1.8.0_242-b08)
# Java VM: OpenJDK 64-Bit Server VM (25.242-b08 mixed mode windows-amd64 compressed oops)
# Problematic frame:
# V  [jvm.dll+0x36d13e]
#
# Failed to write core dump. Minidumps are not enabled by default on client versions of Windows
#
# If you would like to submit a bug report, please visit:
#   
#

---------------  T H R E A D  ---------------

Current thread (0x0000000000373800):  GCTaskThread [stack: 0x0000000002220000,0x0000000002320000] [id=7364]

siginfo: ExceptionCode=0xc0000005, reading address 0xffffffffffffffff

Registers:
RAX=0x0000000063f771f0, RBX=0x000000001d38b3b0, RCX=0x0000000017deed40, RDX=0x000000001d38b3c0
RSP=0x000000000231f5a0, RBP=0x0000000000000000, RSI=0x0000000017deecc0, RDI=0x0100000000000000
R8 =0x0000000000000000, R9 =0x00000000c0d11200, R10=0x0000000000370140, R11=0x0000000000000246
R12=0x000000000000000c, R13=0x0000000000000000, R14=0x000000000001d842, R15=0x0000000000000000
RIP=0x0000000063d1d13e, EFLAGS=0x0000000000010202

Top of Stack: (sp=0x000000000231f5a0)
0x000000000231f5a0:   0000000000000000 0000000063b8a643
0x000000000231f5b0:   0000000000000000 000000000231f420
0x000000000231f5c0:   000000000000da00 0000000017deecc0
0x000000000231f5d0:   0000000000000000 0000000000000000
0x000000000231f5e0:   0000000000000200 0000000063d1d338
0x000000000231f5f0:   000000000000d800 0000000000000004
0x000000000231f600:   000000000001da00 0000000000010000
0x000000000231f610:   0000000000000000 0000000000373800
0x000000000231f620:   0000000000000000 0000000000000000
0x000000000231f630:   0000000017deecb0 0000000063d1b200
0x000000000231f640:   0000000000000001 000000000035d560
0x000000000231f650:   0000000000000000 0000000063b8a3f0
0x000000000231f660:   40b5a8ad651ba2fd 000000000000001a
0x000000000231f670:   000000000036d590 0000000000000000
0x000000000231f680:   0000000017deecb0 0000000063bed799
0x000000000231f690:   0000000000000001 000000000000059f 

Instructions: (pc=0x0000000063d1d13e)
0x0000000063d1d11e:   4a 8d 1c f2 0f 84 4e 01 00 00 41 bc 0c 00 00 00
0x0000000063d1d12e:   66 90 48 8b 0e 48 8b 3b 48 85 c9 74 59 48 8b 01
0x0000000063d1d13e:   48 8b 57 10 ff 10 84 c0 75 4c 48 8b 13 4d 8b c7
0x0000000063d1d14e:   48 8b 02 49 c1 e0 06 48 89 03 4c 8b 0d c1 aa 41 


Register to memory mapping:

RAX=0x0000000063f771f0 is an unknown value
RBX=0x000000001d38b3b0 is an unknown value
RCX=0x0000000017deed40 is an unknown value
RDX=0x000000001d38b3c0 is an unknown value
RSP=0x000000000231f5a0 is an unknown value
RBP=0x0000000000000000 is an unknown value
RSI=0x0000000017deecc0 is an unknown value
RDI=0x0100000000000000 is an unknown value
R8 =0x0000000000000000 is an unknown value
R9 =0x00000000c0d11200 is an oop
[C 
 - klass: {type array char}
 - length: 17
R10=0x0000000000370140 is an unknown value
R11=0x0000000000000246 is an unknown value
R12=0x000000000000000c is an unknown value
R13=0x0000000000000000 is an unknown value
R14=0x000000000001d842 is an unknown value
R15=0x0000000000000000 is an unknown value


Stack: [0x0000000002220000,0x0000000002320000],  sp=0x000000000231f5a0,  free space=1021k
Native frames: (J=compiled Java code, j=interpreted, Vv=VM code, C=native code)


---------------  P R O C E S S  ---------------

Java Threads: ( => current thread )
  0x000000001a0cf800 JavaThread "Thread-1152" [_thread_blocked, id=2520, stack(0x0000000026b20000,0x0000000026c20000)]
  0x000000001a0cf000 JavaThread "Thread-1151" [_thread_blocked, id=1604, stack(0x0000000025290000,0x0000000025390000)]
  0x000000001cb37800 JavaThread "Thread-1137" [_thread_blocked, id=8140, stack(0x00000000269c0000,0x0000000026ac0000)]
  0x000000001a0d1800 JavaThread "OkHttp ConnectionPool" daemon [_thread_blocked, id=6060, stack(0x00000000196a0000,0x00000000197a0000)]
  0x000000001cb3b000 JavaThread "pool-22-thread-1" [_thread_blocked, id=6408, stack(0x0000000025550000,0x0000000025650000)]
  0x0000000020694800 JavaThread "Worker-15" [_thread_blocked, id=7084, stack(0x0000000023ef0000,0x0000000023ff0000)]
  0x0000000020696000 JavaThread "Worker-14" [_thread_blocked, id=8152, stack(0x0000000025090000,0x0000000025190000)]
  0x000000002081f000 JavaThread "Okio Watchdog" daemon [_thread_blocked, id=7544, stack(0x0000000020380000,0x0000000020480000)]
  0x0000000020820800 JavaThread "OkHttp ConnectionPool" daemon [_thread_blocked, id=4984, stack(0x000000001efa0000,0x000000001f0a0000)]
  0x0000000020821000 JavaThread "Worker-13" [_thread_blocked, id=7872, stack(0x000000001b3a0000,0x000000001b4a0000)]
  0x0000000020697800 JavaThread "Worker-9" [_thread_blocked, id=1136, stack(0x0000000020030000,0x0000000020130000)]
  0x000000002081f800 JavaThread "Worker-7" [_thread_blocked, id=8048, stack(0x0000000024710000,0x0000000024810000)]
  0x0000000020690800 JavaThread "RxCachedWorkerPoolEvictor-1" daemon [_thread_blocked, id=3380, stack(0x0000000021ce0000,0x0000000021de0000)]
  0x000000001a0d2000 JavaThread "RxSchedulerPurge-1" daemon [_thread_blocked, id=504, stack(0x0000000021900000,0x0000000021a00000)]
  0x000000001a0cd800 JavaThread "Java Debug Server" [_thread_in_native, id=7204, stack(0x000000001ff30000,0x0000000020030000)]
  0x000000001a0cc800 JavaThread "Bundle File Closer" daemon [_thread_blocked, id=7432, stack(0x000000001f830000,0x000000001f930000)]
  0x000000001c758800 JavaThread "pool-1-thread-1" [_thread_in_native, id=6916, stack(0x000000001d830000,0x000000001d930000)]
  0x0000000018886000 JavaThread "Java indexing" daemon [_thread_blocked, id=7916, stack(0x000000001bce0000,0x000000001bde0000)]
  0x00000000190f3800 JavaThread "Worker-JM" [_thread_blocked, id=7688, stack(0x000000001b0a0000,0x000000001b1a0000)]
  0x0000000019458800 JavaThread "Start Level: Equinox Container: 7ab9cccf-049f-480d-acd7-c6a585b6831a" daemon [_thread_blocked, id=7600, stack(0x000000001a9e0000,0x000000001aae0000)]
  0x0000000019458000 JavaThread "Framework Event Dispatcher: Equinox Container: 7ab9cccf-049f-480d-acd7-c6a585b6831a" daemon [_thread_blocked, id=7596, stack(0x000000001ab20000,0x000000001ac20000)]
  0x0000000018ebd000 JavaThread "Active Thread: Equinox Container: 7ab9cccf-049f-480d-acd7-c6a585b6831a" [_thread_blocked, id=7584, stack(0x0000000019910000,0x0000000019a10000)]
  0x0000000018729000 JavaThread "Service Thread" daemon [_thread_blocked, id=7500, stack(0x0000000018da0000,0x0000000018ea0000)]
  0x000000001852f800 JavaThread "C1 CompilerThread1" daemon [_thread_blocked, id=7496, stack(0x0000000018c60000,0x0000000018d60000)]
  0x000000001852c800 JavaThread "C2 CompilerThread0" daemon [_thread_in_native, id=7492, stack(0x0000000018a50000,0x0000000018b50000)]
  0x0000000017b96000 JavaThread "Attach Listener" daemon [_thread_blocked, id=7444, stack(0x00000000183f0000,0x00000000184f0000)]
  0x0000000017b95000 JavaThread "Signal Dispatcher" daemon [_thread_blocked, id=7440, stack(0x0000000018250000,0x0000000018350000)]
  0x0000000017b93800 JavaThread "Surrogate Locker Thread (Concurrent GC)" daemon [_thread_blocked, id=7436, stack(0x0000000017f40000,0x0000000018040000)]
  0x0000000017b6b000 JavaThread "Finalizer" daemon [_thread_blocked, id=7424, stack(0x00000000180b0000,0x00000000181b0000)]
  0x0000000017b5e000 JavaThread "Reference Handler" daemon [_thread_blocked, id=7416, stack(0x0000000017e10000,0x0000000017f10000)]
  0x000000000035f800 JavaThread "main" [_thread_blocked, id=7340, stack(0x0000000002320000,0x0000000002420000)]

Other Threads:
  0x0000000017b4f000 VMThread [stack: 0x0000000017cf0000,0x0000000017df0000] [id=7408]
  0x0000000018733800 WatcherThread [stack: 0x0000000018940000,0x0000000018a40000] [id=7504]

=>0x0000000000373800 (exited) GCTaskThread [stack: 0x0000000002220000,0x0000000002320000] [id=7364]

VM state:at safepoint (normal execution)

VM Mutex/Monitor currently owned by a thread:  ([mutex/lock_event])
[0x000000000035c260] Threads_lock - owner thread: 0x0000000017b4f000
[0x000000000035c760] Heap_lock - owner thread: 0x000000001cb37800

heap address: 0x00000000c0000000, size: 1024 MB, Compressed Oops mode: 32-bit
Narrow klass base: 0x0000000000000000, Narrow klass shift: 0
Compressed class space size: 1073741824 Address: 0x000000007fff0000

Heap:
 garbage-first heap   total 178176K, used 101867K [0x00000000c0000000, 0x00000000c0100570, 0x0000000100000000)
  region size 1024K, 8 young (8192K), 1 survivors (1024K)
 Metaspace       used 79982K, capacity 84322K, committed 84608K, reserved 1124352K
  class space    used 7731K, capacity 9044K, committed 9088K, reserved 1048576K

Heap Regions: (Y=young(eden), SU=young(survivor), HS=humongous(starts), HC=humongous(continues), CS=collection set, F=free, TS=gc time stamp, PTAMS=previous top-at-mark-start, NTAMS=next top-at-mark-start)
AC   0  O    TS     0 PTAMS 0x00000000c0100000 NTAMS 0x00000000c0100000 space 1024K, 100% used [0x00000000c0000000, 0x00000000c0100000)
AC   0  O    TS     0 PTAMS 0x00000000c0200000 NTAMS 0x00000000c0200000 space 1024K, 100% used [0x00000000c0100000, 0x00000000c0200000)
AC   0  O    TS     0 PTAMS 0x00000000c0300000 NTAMS 0x00000000c0300000 space 1024K, 100% used [0x00000000c0200000, 0x00000000c0300000)
AC   0  O    TS     0 PTAMS 0x00000000c0400000 NTAMS 0x00000000c0400000 space 1024K, 100% used [0x00000000c0300000, 0x00000000c0400000)
AC   0  O    TS     0 PTAMS 0x00000000c0500000 NTAMS 0x00000000c0500000 space 1024K, 100% used [0x00000000c0400000, 0x00000000c0500000)
AC   0  O    TS     0 PTAMS 0x00000000c0600000 NTAMS 0x00000000c0600000 space 1024K, 100% used [0x00000000c0500000, 0x00000000c0600000)
AC   0  O    TS     0 PTAMS 0x00000000c0700000 NTAMS 0x00000000c0700000 space 1024K, 100% used [0x00000000c0600000, 0x00000000c0700000)
AC   0  O    TS     0 PTAMS 0x00000000c0800000 NTAMS 0x00000000c0800000 space 1024K, 100% used [0x00000000c0700000, 0x00000000c0800000)
AC   0  O    TS     0 PTAMS 0x00000000c0900000 NTAMS 0x00000000c0900000 space 1024K, 100% used [0x00000000c0800000, 0x00000000c0900000)
AC   0  O    TS     0 PTAMS 0x00000000c0a00000 NTAMS 0x00000000c0a00000 space 1024K, 100% used [0x00000000c0900000, 0x00000000c0a00000)
AC   0  O    TS     0 PTAMS 0x00000000c0b00000 NTAMS 0x00000000c0b00000 space 1024K, 100% used [0x00000000c0a00000, 0x00000000c0b00000)
AC   0  O    TS     0 PTAMS 0x00000000c0c00000 NTAMS 0x00000000c0c00000 space 1024K, 100% used [0x00000000c0b00000, 0x00000000c0c00000)
AC   0  O    TS     3 PTAMS 0x00000000c0c00000 NTAMS 0x00000000c0c00000 space 1024K, 100% used [0x00000000c0c00000, 0x00000000c0d00000)
AC   0  O    TS     0 PTAMS 0x00000000c0e00000 NTAMS 0x00000000c0e00000 space 1024K, 100% used [0x00000000c0d00000, 0x00000000c0e00000)
AC   0  O    TS     5 PTAMS 0x00000000c0e00000 NTAMS 0x00000000c0e00000 space 1024K, 100% used [0x00000000c0e00000, 0x00000000c0f00000)
AC   0  O    TS     0 PTAMS 0x00000000c1000000 NTAMS 0x00000000c1000000 space 1024K, 100% used [0x00000000c0f00000, 0x00000000c1000000)
AC   0  O    TS     0 PTAMS 0x00000000c1100000 NTAMS 0x00000000c1100000 space 1024K, 100% used [0x00000000c1000000, 0x00000000c1100000)
AC   0  O    TS     0 PTAMS 0x00000000c1200000 NTAMS 0x00000000c1200000 space 1024K, 100% used [0x00000000c1100000, 0x00000000c1200000)
AC   0  O    TS     0 PTAMS 0x00000000c1300000 NTAMS 0x00000000c1300000 space 1024K, 100% used [0x00000000c1200000, 0x00000000c1300000)
AC   0  O    TS     0 PTAMS 0x00000000c1400000 NTAMS 0x00000000c1400000 space 1024K, 100% used [0x00000000c1300000, 0x00000000c1400000)
AC   0  O    TS     0 PTAMS 0x00000000c1500000 NTAMS 0x00000000c1500000 space 1024K, 100% used [0x00000000c1400000, 0x00000000c1500000)
AC   0  O    TS     0 PTAMS 0x00000000c1600000 NTAMS 0x00000000c1600000 space 1024K, 100% used [0x00000000c1500000, 0x00000000c1600000)
AC   0  O    TS     0 PTAMS 0x00000000c1700000 NTAMS 0x00000000c1700000 space 1024K, 100% used [0x00000000c1600000, 0x00000000c1700000)
AC   0 HS    TS     0 PTAMS 0x00000000c1780010 NTAMS 0x00000000c1780010 space 1024K,  50% used [0x00000000c1700000, 0x00000000c1800000)
AC   0  O    TS     0 PTAMS 0x00000000c1900000 NTAMS 0x00000000c1900000 space 1024K, 100% used [0x00000000c1800000, 0x00000000c1900000)
AC   0  O    TS     0 PTAMS 0x00000000c1a00000 NTAMS 0x00000000c1a00000 space 1024K, 100% used [0x00000000c1900000, 0x00000000c1a00000)
AC   0  O    TS     5 PTAMS 0x00000000c1a00000 NTAMS 0x00000000c1a00000 space 1024K, 100% used [0x00000000c1a00000, 0x00000000c1b00000)
AC   0  O    TS     0 PTAMS 0x00000000c1c00000 NTAMS 0x00000000c1c00000 space 1024K, 100% used [0x00000000c1b00000, 0x00000000c1c00000)
AC   0  O    TS     0 PTAMS 0x00000000c1d00000 NTAMS 0x00000000c1d00000 space 1024K, 100% used [0x00000000c1c00000, 0x00000000c1d00000)
AC   0  O    TS     0 PTAMS 0x00000000c1e00000 NTAMS 0x00000000c1e00000 space 1024K, 100% used [0x00000000c1d00000, 0x00000000c1e00000)
AC   0  O    TS     0 PTAMS 0x00000000c1f00000 NTAMS 0x00000000c1f00000 space 1024K, 100% used [0x00000000c1e00000, 0x00000000c1f00000)
AC   0  O    TS     5 PTAMS 0x00000000c1f00000 NTAMS 0x00000000c1f00000 space 1024K, 100% used [0x00000000c1f00000, 0x00000000c2000000)
AC   0  O    TS     0 PTAMS 0x00000000c2100000 NTAMS 0x00000000c2100000 space 1024K, 100% used [0x00000000c2000000, 0x00000000c2100000)
AC   0  O    TS     0 PTAMS 0x00000000c2200000 NTAMS 0x00000000c2200000 space 1024K, 100% used [0x00000000c2100000, 0x00000000c2200000)
AC   0  O    TS     0 PTAMS 0x00000000c2300000 NTAMS 0x00000000c2300000 space 1024K, 100% used [0x00000000c2200000, 0x00000000c2300000)
AC   0  O    TS     0 PTAMS 0x00000000c2400000 NTAMS 0x00000000c2400000 space 1024K, 100% used [0x00000000c2300000, 0x00000000c2400000)
AC   0  O    TS     0 PTAMS 0x00000000c2500000 NTAMS 0x00000000c2500000 space 1024K, 100% used [0x00000000c2400000, 0x00000000c2500000)
AC   0  O    TS     0 PTAMS 0x00000000c2600000 NTAMS 0x00000000c2600000 space 1024K, 100% used [0x00000000c2500000, 0x00000000c2600000)
AC   0  O    TS     0 PTAMS 0x00000000c2700000 NTAMS 0x00000000c2700000 space 1024K, 100% used [0x00000000c2600000, 0x00000000c2700000)
AC   0  O CS TS     0 PTAMS 0x00000000c2800000 NTAMS 0x00000000c2800000 space 1024K, 100% used [0x00000000c2700000, 0x00000000c2800000)
AC   0  O    TS     0 PTAMS 0x00000000c2900000 NTAMS 0x00000000c2900000 space 1024K, 100% used [0x00000000c2800000, 0x00000000c2900000)
AC   0  O    TS     0 PTAMS 0x00000000c2a00000 NTAMS 0x00000000c2a00000 space 1024K, 100% used [0x00000000c2900000, 0x00000000c2a00000)
AC   0  O    TS     5 PTAMS 0x00000000c2a00000 NTAMS 0x00000000c2a00000 space 1024K, 100% used [0x00000000c2a00000, 0x00000000c2b00000)
AC   0  O CS TS     0 PTAMS 0x00000000c2c00000 NTAMS 0x00000000c2c00000 space 1024K, 100% used [0x00000000c2b00000, 0x00000000c2c00000)
AC   0  O    TS     0 PTAMS 0x00000000c2d00000 NTAMS 0x00000000c2d00000 space 1024K, 100% used [0x00000000c2c00000, 0x00000000c2d00000)
AC   0  O    TS     0 PTAMS 0x00000000c2e00000 NTAMS 0x00000000c2e00000 space 1024K, 100% used [0x00000000c2d00000, 0x00000000c2e00000)
AC   0  O    TS     0 PTAMS 0x00000000c2f00000 NTAMS 0x00000000c2f00000 space 1024K, 100% used [0x00000000c2e00000, 0x00000000c2f00000)
AC   0  O    TS     0 PTAMS 0x00000000c3000000 NTAMS 0x00000000c3000000 space 1024K, 100% used [0x00000000c2f00000, 0x00000000c3000000)
AC   0  O    TS     0 PTAMS 0x00000000c3100000 NTAMS 0x00000000c3100000 space 1024K, 100% used [0x00000000c3000000, 0x00000000c3100000)
AC   0  O CS TS     0 PTAMS 0x00000000c3200000 NTAMS 0x00000000c3200000 space 1024K, 100% used [0x00000000c3100000, 0x00000000c3200000)
AC   0  O    TS     0 PTAMS 0x00000000c3300000 NTAMS 0x00000000c3300000 space 1024K, 100% used [0x00000000c3200000, 0x00000000c3300000)
AC   0  O    TS     5 PTAMS 0x00000000c3300000 NTAMS 0x00000000c3300000 space 1024K, 100% used [0x00000000c3300000, 0x00000000c3400000)
AC   0  O    TS     5 PTAMS 0x00000000c3400000 NTAMS 0x00000000c3400000 space 1024K,  49% used [0x00000000c3400000, 0x00000000c3500000)
AC   0  F    TS     0 PTAMS 0x00000000c3500000 NTAMS 0x00000000c3500000 space 1024K,   0% used [0x00000000c3500000, 0x00000000c3600000)
AC   0  O    TS     0 PTAMS 0x00000000c3700000 NTAMS 0x00000000c3700000 space 1024K, 100% used [0x00000000c3600000, 0x00000000c3700000)
AC   0  O    TS     0 PTAMS 0x00000000c3800000 NTAMS 0x00000000c3800000 space 1024K, 100% used [0x00000000c3700000, 0x00000000c3800000)
AC   0  O    TS     0 PTAMS 0x00000000c3900000 NTAMS 0x00000000c3900000 space 1024K, 100% used [0x00000000c3800000, 0x00000000c3900000)
AC   0  O    TS     3 PTAMS 0x00000000c3906a00 NTAMS 0x00000000c3906a00 space 1024K, 100% used [0x00000000c3900000, 0x00000000c3a00000)
AC   0  O    TS     0 PTAMS 0x00000000c3b00000 NTAMS 0x00000000c3b00000 space 1024K, 100% used [0x00000000c3a00000, 0x00000000c3b00000)
AC   0  O    TS     0 PTAMS 0x00000000c3c00000 NTAMS 0x00000000c3c00000 space 1024K, 100% used [0x00000000c3b00000, 0x00000000c3c00000)
AC   0  O    TS     0 PTAMS 0x00000000c3d00000 NTAMS 0x00000000c3d00000 space 1024K, 100% used [0x00000000c3c00000, 0x00000000c3d00000)
AC   0  O    TS     0 PTAMS 0x00000000c3e00000 NTAMS 0x00000000c3e00000 space 1024K, 100% used [0x00000000c3d00000, 0x00000000c3e00000)
AC   0  O    TS     0 PTAMS 0x00000000c3f00000 NTAMS 0x00000000c3f00000 space 1024K, 100% used [0x00000000c3e00000, 0x00000000c3f00000)
AC   0  O    TS     0 PTAMS 0x00000000c4000000 NTAMS 0x00000000c4000000 space 1024K, 100% used [0x00000000c3f00000, 0x00000000c4000000)
AC   0  F    TS     0 PTAMS 0x00000000c4000000 NTAMS 0x00000000c4000000 space 1024K,   0% used [0x00000000c4000000, 0x00000000c4100000)
AC   0  F    TS     0 PTAMS 0x00000000c4100000 NTAMS 0x00000000c4100000 space 1024K,   0% used [0x00000000c4100000, 0x00000000c4200000)
AC   0  F    TS     0 PTAMS 0x00000000c4200000 NTAMS 0x00000000c4200000 space 1024K,   0% used [0x00000000c4200000, 0x00000000c4300000)
AC   0  O    TS     0 PTAMS 0x00000000c4400000 NTAMS 0x00000000c4400000 space 1024K, 100% used [0x00000000c4300000, 0x00000000c4400000)
AC   0  F    TS     0 PTAMS 0x00000000c4400000 NTAMS 0x00000000c4400000 space 1024K,   0% used [0x00000000c4400000, 0x00000000c4500000)
AC   0  O    TS     3 PTAMS 0x00000000c4500000 NTAMS 0x00000000c4500000 space 1024K, 100% used [0x00000000c4500000, 0x00000000c4600000)
AC   0  O    TS     5 PTAMS 0x00000000c4600000 NTAMS 0x00000000c4600000 space 1024K, 100% used [0x00000000c4600000, 0x00000000c4700000)
AC   0  O    TS     0 PTAMS 0x00000000c4800000 NTAMS 0x00000000c4800000 space 1024K, 100% used [0x00000000c4700000, 0x00000000c4800000)
AC   0  O    TS     0 PTAMS 0x00000000c4900000 NTAMS 0x00000000c4900000 space 1024K, 100% used [0x00000000c4800000, 0x00000000c4900000)
AC   0  O    TS     0 PTAMS 0x00000000c4a00000 NTAMS 0x00000000c4a00000 space 1024K, 100% used [0x00000000c4900000, 0x00000000c4a00000)
AC   0  F    TS     0 PTAMS 0x00000000c4a00000 NTAMS 0x00000000c4a00000 space 1024K,   0% used [0x00000000c4a00000, 0x00000000c4b00000)
AC   0  F    TS     0 PTAMS 0x00000000c4b00000 NTAMS 0x00000000c4b00000 space 1024K,   0% used [0x00000000c4b00000, 0x00000000c4c00000)
AC   0  F    TS     0 PTAMS 0x00000000c4c00000 NTAMS 0x00000000c4c00000 space 1024K,   0% used [0x00000000c4c00000, 0x00000000c4d00000)
AC   0  O    TS     0 PTAMS 0x00000000c4e00000 NTAMS 0x00000000c4e00000 space 1024K, 100% used [0x00000000c4d00000, 0x00000000c4e00000)
AC   0  O    TS     0 PTAMS 0x00000000c4f00000 NTAMS 0x00000000c4f00000 space 1024K, 100% used [0x00000000c4e00000, 0x00000000c4f00000)
AC   0  F    TS     0 PTAMS 0x00000000c4f00000 NTAMS 0x00000000c4f00000 space 1024K,   0% used [0x00000000c4f00000, 0x00000000c5000000)
AC   0  F    TS     0 PTAMS 0x00000000c5000000 NTAMS 0x00000000c5000000 space 1024K,   0% used [0x00000000c5000000, 0x00000000c5100000)
AC   0  O    TS     0 PTAMS 0x00000000c5200000 NTAMS 0x00000000c5200000 space 1024K, 100% used [0x00000000c5100000, 0x00000000c5200000)
AC   0  O    TS     0 PTAMS 0x00000000c5300000 NTAMS 0x00000000c5300000 space 1024K, 100% used [0x00000000c5200000, 0x00000000c5300000)
AC   0  F    TS     0 PTAMS 0x00000000c5300000 NTAMS 0x00000000c5300000 space 1024K,   0% used [0x00000000c5300000, 0x00000000c5400000)
AC   0  O    TS     0 PTAMS 0x00000000c5500000 NTAMS 0x00000000c5500000 space 1024K, 100% used [0x00000000c5400000, 0x00000000c5500000)
AC   0  O    TS     0 PTAMS 0x00000000c5600000 NTAMS 0x00000000c5600000 space 1024K, 100% used [0x00000000c5500000, 0x00000000c5600000)
AC   0  F    TS     0 PTAMS 0x00000000c5600000 NTAMS 0x00000000c5600000 space 1024K,   0% used [0x00000000c5600000, 0x00000000c5700000)
AC   0  O    TS     0 PTAMS 0x00000000c5800000 NTAMS 0x00000000c5800000 space 1024K, 100% used [0x00000000c5700000, 0x00000000c5800000)
AC   0  O CS TS     0 PTAMS 0x00000000c5900000 NTAMS 0x00000000c5900000 space 1024K, 100% used [0x00000000c5800000, 0x00000000c5900000)
AC   0  F    TS     0 PTAMS 0x00000000c5900000 NTAMS 0x00000000c5900000 space 1024K,   0% used [0x00000000c5900000, 0x00000000c5a00000)
AC   0  F    TS     0 PTAMS 0x00000000c5a00000 NTAMS 0x00000000c5a00000 space 1024K,   0% used [0x00000000c5a00000, 0x00000000c5b00000)
AC   0  O    TS     0 PTAMS 0x00000000c5c00000 NTAMS 0x00000000c5c00000 space 1024K, 100% used [0x00000000c5b00000, 0x00000000c5c00000)
AC   0  O    TS     0 PTAMS 0x00000000c5d00000 NTAMS 0x00000000c5d00000 space 1024K, 100% used [0x00000000c5c00000, 0x00000000c5d00000)
AC   0  O    TS     0 PTAMS 0x00000000c5e00000 NTAMS 0x00000000c5e00000 space 1024K, 100% used [0x00000000c5d00000, 0x00000000c5e00000)
AC   0  O    TS     0 PTAMS 0x00000000c5f00000 NTAMS 0x00000000c5f00000 space 1024K, 100% used [0x00000000c5e00000, 0x00000000c5f00000)
AC   0  O    TS     0 PTAMS 0x00000000c6000000 NTAMS 0x00000000c6000000 space 1024K, 100% used [0x00000000c5f00000, 0x00000000c6000000)
AC   0  O    TS     0 PTAMS 0x00000000c6100000 NTAMS 0x00000000c6100000 space 1024K, 100% used [0x00000000c6000000, 0x00000000c6100000)
AC   0  O    TS     0 PTAMS 0x00000000c6200000 NTAMS 0x00000000c6200000 space 1024K, 100% used [0x00000000c6100000, 0x00000000c6200000)
AC   0  O    TS     0 PTAMS 0x00000000c6300000 NTAMS 0x00000000c6300000 space 1024K, 100% used [0x00000000c6200000, 0x00000000c6300000)
AC   0  O    TS     0 PTAMS 0x00000000c6400000 NTAMS 0x00000000c6400000 space 1024K, 100% used [0x00000000c6300000, 0x00000000c6400000)
AC   0  O    TS     0 PTAMS 0x00000000c6500000 NTAMS 0x00000000c6500000 space 1024K, 100% used [0x00000000c6400000, 0x00000000c6500000)
AC   0  O CS TS     0 PTAMS 0x00000000c6600000 NTAMS 0x00000000c6600000 space 1024K, 100% used [0x00000000c6500000, 0x00000000c6600000)
AC   0  F    TS     0 PTAMS 0x00000000c6600000 NTAMS 0x00000000c6600000 space 1024K,   0% used [0x00000000c6600000, 0x00000000c6700000)
AC   0  F    TS     0 PTAMS 0x00000000c6700000 NTAMS 0x00000000c6700000 space 1024K,   0% used [0x00000000c6700000, 0x00000000c6800000)
AC   0  O CS TS     0 PTAMS 0x00000000c6900000 NTAMS 0x00000000c6900000 space 1024K, 100% used [0x00000000c6800000, 0x00000000c6900000)
AC   0  F    TS     0 PTAMS 0x00000000c6900000 NTAMS 0x00000000c6900000 space 1024K,   0% used [0x00000000c6900000, 0x00000000c6a00000)
AC   0  F    TS     0 PTAMS 0x00000000c6a00000 NTAMS 0x00000000c6a00000 space 1024K,   0% used [0x00000000c6a00000, 0x00000000c6b00000)
AC   0  F    TS     0 PTAMS 0x00000000c6b00000 NTAMS 0x00000000c6b00000 space 1024K,   0% used [0x00000000c6b00000, 0x00000000c6c00000)
AC   0  F    TS     0 PTAMS 0x00000000c6c00000 NTAMS 0x00000000c6c00000 space 1024K,   0% used [0x00000000c6c00000, 0x00000000c6d00000)
AC   0  F    TS     0 PTAMS 0x00000000c6d00000 NTAMS 0x00000000c6d00000 space 1024K,   0% used [0x00000000c6d00000, 0x00000000c6e00000)
AC   0  F    TS     0 PTAMS 0x00000000c6e00000 NTAMS 0x00000000c6e00000 space 1024K,   0% used [0x00000000c6e00000, 0x00000000c6f00000)
AC   0  O    TS     0 PTAMS 0x00000000c7000000 NTAMS 0x00000000c7000000 space 1024K, 100% used [0x00000000c6f00000, 0x00000000c7000000)
AC   0  O    TS     0 PTAMS 0x00000000c7100000 NTAMS 0x00000000c7100000 space 1024K, 100% used [0x00000000c7000000, 0x00000000c7100000)
AC   0  O CS TS     0 PTAMS 0x00000000c7200000 NTAMS 0x00000000c7200000 space 1024K, 100% used [0x00000000c7100000, 0x00000000c7200000)
AC   0  F    TS     0 PTAMS 0x00000000c7200000 NTAMS 0x00000000c7200000 space 1024K,   0% used [0x00000000c7200000, 0x00000000c7300000)
AC   0  F    TS     0 PTAMS 0x00000000c7300000 NTAMS 0x00000000c7300000 space 1024K,   0% used [0x00000000c7300000, 0x00000000c7400000)
AC   0  F    TS     0 PTAMS 0x00000000c7400000 NTAMS 0x00000000c7400000 space 1024K,   0% used [0x00000000c7400000, 0x00000000c7500000)
AC   0  O    TS     0 PTAMS 0x00000000c7600000 NTAMS 0x00000000c7600000 space 1024K, 100% used [0x00000000c7500000, 0x00000000c7600000)
AC   0  F    TS     0 PTAMS 0x00000000c7600000 NTAMS 0x00000000c7600000 space 1024K,   0% used [0x00000000c7600000, 0x00000000c7700000)
AC   0  F    TS     0 PTAMS 0x00000000c7700000 NTAMS 0x00000000c7700000 space 1024K,   0% used [0x00000000c7700000, 0x00000000c7800000)
AC   0  F    TS     1 PTAMS 0x00000000c7800000 NTAMS 0x00000000c7800000 space 1024K,   0% used [0x00000000c7800000, 0x00000000c7900000)
AC   0  F    TS     1 PTAMS 0x00000000c7900000 NTAMS 0x00000000c7900000 space 1024K,   0% used [0x00000000c7900000, 0x00000000c7a00000)
AC   0  F    TS     1 PTAMS 0x00000000c7a00000 NTAMS 0x00000000c7a00000 space 1024K,   0% used [0x00000000c7a00000, 0x00000000c7b00000)
AC   0  F    TS     0 PTAMS 0x00000000c7b00000 NTAMS 0x00000000c7b00000 space 1024K,   0% used [0x00000000c7b00000, 0x00000000c7c00000)
AC   0  F    TS     0 PTAMS 0x00000000c7c00000 NTAMS 0x00000000c7c00000 space 1024K,   0% used [0x00000000c7c00000, 0x00000000c7d00000)
AC   0  F    TS     0 PTAMS 0x00000000c7d00000 NTAMS 0x00000000c7d00000 space 1024K,   0% used [0x00000000c7d00000, 0x00000000c7e00000)
AC   0  F    TS     0 PTAMS 0x00000000c7e00000 NTAMS 0x00000000c7e00000 space 1024K,   0% used [0x00000000c7e00000, 0x00000000c7f00000)
AC   0  F    TS     0 PTAMS 0x00000000c7f00000 NTAMS 0x00000000c7f00000 space 1024K,   0% used [0x00000000c7f00000, 0x00000000c8000000)
AC   0  F    TS     0 PTAMS 0x00000000c8000000 NTAMS 0x00000000c8000000 space 1024K,   0% used [0x00000000c8000000, 0x00000000c8100000)
AC   0  F    TS     0 PTAMS 0x00000000c8100000 NTAMS 0x00000000c8100000 space 1024K,   0% used [0x00000000c8100000, 0x00000000c8200000)
AC   0  F    TS     0 PTAMS 0x00000000c8200000 NTAMS 0x00000000c8200000 space 1024K,   0% used [0x00000000c8200000, 0x00000000c8300000)
AC   0  F    TS     0 PTAMS 0x00000000c8300000 NTAMS 0x00000000c8300000 space 1024K,   0% used [0x00000000c8300000, 0x00000000c8400000)
AC   0  F    TS     0 PTAMS 0x00000000c8400000 NTAMS 0x00000000c8400000 space 1024K,   0% used [0x00000000c8400000, 0x00000000c8500000)
AC   0  F    TS     0 PTAMS 0x00000000c8500000 NTAMS 0x00000000c8500000 space 1024K,   0% used [0x00000000c8500000, 0x00000000c8600000)
AC   0  F    TS     0 PTAMS 0x00000000c8600000 NTAMS 0x00000000c8600000 space 1024K,   0% used [0x00000000c8600000, 0x00000000c8700000)
AC   0  F    TS     0 PTAMS 0x00000000c8700000 NTAMS 0x00000000c8700000 space 1024K,   0% used [0x00000000c8700000, 0x00000000c8800000)
AC   0  F    TS     0 PTAMS 0x00000000c8800000 NTAMS 0x00000000c8800000 space 1024K,   0% used [0x00000000c8800000, 0x00000000c8900000)
AC   0  F    TS     0 PTAMS 0x00000000c8900000 NTAMS 0x00000000c8900000 space 1024K,   0% used [0x00000000c8900000, 0x00000000c8a00000)
AC   0  F    TS     0 PTAMS 0x00000000c8a00000 NTAMS 0x00000000c8a00000 space 1024K,   0% used [0x00000000c8a00000, 0x00000000c8b00000)
AC   0  F    TS     0 PTAMS 0x00000000c8b00000 NTAMS 0x00000000c8b00000 space 1024K,   0% used [0x00000000c8b00000, 0x00000000c8c00000)
AC   0  F    TS     0 PTAMS 0x00000000c8c00000 NTAMS 0x00000000c8c00000 space 1024K,   0% used [0x00000000c8c00000, 0x00000000c8d00000)
AC   0  F    TS     0 PTAMS 0x00000000c8d00000 NTAMS 0x00000000c8d00000 space 1024K,   0% used [0x00000000c8d00000, 0x00000000c8e00000)
AC   0  F    TS     0 PTAMS 0x00000000c8e00000 NTAMS 0x00000000c8e00000 space 1024K,   0% used [0x00000000c8e00000, 0x00000000c8f00000)
AC   0  F    TS     0 PTAMS 0x00000000c8f00000 NTAMS 0x00000000c8f00000 space 1024K,   0% used [0x00000000c8f00000, 0x00000000c9000000)
AC   0  F    TS     0 PTAMS 0x00000000c9000000 NTAMS 0x00000000c9000000 space 1024K,   0% used [0x00000000c9000000, 0x00000000c9100000)
AC   0  F    TS     0 PTAMS 0x00000000c9100000 NTAMS 0x00000000c9100000 space 1024K,   0% used [0x00000000c9100000, 0x00000000c9200000)
AC   0  F    TS     0 PTAMS 0x00000000c9200000 NTAMS 0x00000000c9200000 space 1024K,   0% used [0x00000000c9200000, 0x00000000c9300000)
AC   0  F    TS     0 PTAMS 0x00000000c9300000 NTAMS 0x00000000c9300000 space 1024K,   0% used [0x00000000c9300000, 0x00000000c9400000)
AC   0  F    TS     0 PTAMS 0x00000000c9400000 NTAMS 0x00000000c9400000 space 1024K,   0% used [0x00000000c9400000, 0x00000000c9500000)
AC   0  F    TS     0 PTAMS 0x00000000c9500000 NTAMS 0x00000000c9500000 space 1024K,   0% used [0x00000000c9500000, 0x00000000c9600000)
AC   0  O    TS     0 PTAMS 0x00000000c9700000 NTAMS 0x00000000c9700000 space 1024K, 100% used [0x00000000c9600000, 0x00000000c9700000)
AC   0  O    TS     0 PTAMS 0x00000000c9800000 NTAMS 0x00000000c9800000 space 1024K, 100% used [0x00000000c9700000, 0x00000000c9800000)
AC   0  O    TS     0 PTAMS 0x00000000c9900000 NTAMS 0x00000000c9900000 space 1024K, 100% used [0x00000000c9800000, 0x00000000c9900000)
AC   0  O    TS     0 PTAMS 0x00000000c9a00000 NTAMS 0x00000000c9a00000 space 1024K, 100% used [0x00000000c9900000, 0x00000000c9a00000)
AC   0  O    TS     0 PTAMS 0x00000000c9b00000 NTAMS 0x00000000c9b00000 space 1024K, 100% used [0x00000000c9a00000, 0x00000000c9b00000)
AC   0  F    TS     0 PTAMS 0x00000000c9b00000 NTAMS 0x00000000c9b00000 space 1024K,   0% used [0x00000000c9b00000, 0x00000000c9c00000)
AC   0  F    TS     0 PTAMS 0x00000000c9c00000 NTAMS 0x00000000c9c00000 space 1024K,   0% used [0x00000000c9c00000, 0x00000000c9d00000)
AC   0  F    TS     0 PTAMS 0x00000000c9d00000 NTAMS 0x00000000c9d00000 space 1024K,   0% used [0x00000000c9d00000, 0x00000000c9e00000)
AC   0  F    TS     0 PTAMS 0x00000000c9e00000 NTAMS 0x00000000c9e00000 space 1024K,   0% used [0x00000000c9e00000, 0x00000000c9f00000)
AC   0  F    TS     0 PTAMS 0x00000000c9f00000 NTAMS 0x00000000c9f00000 space 1024K,   0% used [0x00000000c9f00000, 0x00000000ca000000)
AC   0  F    TS     0 PTAMS 0x00000000ca000000 NTAMS 0x00000000ca000000 space 1024K,   0% used [0x00000000ca000000, 0x00000000ca100000)
AC   0  F    TS     0 PTAMS 0x00000000ca100000 NTAMS 0x00000000ca100000 space 1024K,   0% used [0x00000000ca100000, 0x00000000ca200000)
AC   0  F    TS     0 PTAMS 0x00000000ca200000 NTAMS 0x00000000ca200000 space 1024K,   0% used [0x00000000ca200000, 0x00000000ca300000)
AC   0  F    TS     0 PTAMS 0x00000000ca300000 NTAMS 0x00000000ca300000 space 1024K,   0% used [0x00000000ca300000, 0x00000000ca400000)
AC   0  F    TS     0 PTAMS 0x00000000ca400000 NTAMS 0x00000000ca400000 space 1024K,   0% used [0x00000000ca400000, 0x00000000ca500000)
AC   0  S    TS     5 PTAMS 0x00000000ca500000 NTAMS 0x00000000ca500000 space 1024K, 100% used [0x00000000ca500000, 0x00000000ca600000)
AC   0  E CS TS     0 PTAMS 0x00000000ca600000 NTAMS 0x00000000ca600000 space 1024K, 100% used [0x00000000ca600000, 0x00000000ca700000)
AC   0  E CS TS     0 PTAMS 0x00000000ca700000 NTAMS 0x00000000ca700000 space 1024K, 100% used [0x00000000ca700000, 0x00000000ca800000)
AC   0  E CS TS     3 PTAMS 0x00000000ca800000 NTAMS 0x00000000ca800000 space 1024K, 100% used [0x00000000ca800000, 0x00000000ca900000)
AC   0  E CS TS     0 PTAMS 0x00000000ca900000 NTAMS 0x00000000ca900000 space 1024K, 100% used [0x00000000ca900000, 0x00000000caa00000)
AC   0  E CS TS     0 PTAMS 0x00000000caa00000 NTAMS 0x00000000caa00000 space 1024K, 100% used [0x00000000caa00000, 0x00000000cab00000)
AC   0  E CS TS     0 PTAMS 0x00000000cab00000 NTAMS 0x00000000cab00000 space 1024K, 100% used [0x00000000cab00000, 0x00000000cac00000)
AC   0  E CS TS     0 PTAMS 0x00000000cac00000 NTAMS 0x00000000cac00000 space 1024K, 100% used [0x00000000cac00000, 0x00000000cad00000)
AC   0  E CS TS     0 PTAMS 0x00000000cad00000 NTAMS 0x00000000cad00000 space 1024K, 100% used [0x00000000cad00000, 0x00000000cae00000)

Card table byte_map: [0x00000000127e0000,0x00000000129e0000] byte_map_base: 0x00000000121e0000

Marking Bits (Prev, Next): (CMBitMap*) 0x000000000038ac00, (CMBitMap*) 0x000000000038aba8
 Prev Bits: [0x0000000013be0000, 0x0000000014be0000)
 Next Bits: [0x0000000012be0000, 0x0000000013be0000)

Polling page: 0x0000000000240000

CodeCache: size=245760Kb used=59425Kb max_used=59560Kb free=186334Kb
 bounds [0x00000000026f0000, 0x0000000006190000, 0x00000000116f0000]
 total_blobs=15663 nmethods=14916 adapters=652
 compilation: enabled

Compilation events (10 events):
Event: 5544.102 Thread 0x000000001852f800 nmethod 20288 0x000000000576c390 code [0x000000000576c500, 0x000000000576c788]
Event: 5544.120 Thread 0x000000001852c800 20289       4       org.eclipse.jdt.internal.core.JavaModelManager::getLocalFile (131 bytes)
Event: 5544.141 Thread 0x000000001852c800 nmethod 20289 0x0000000005762450 code [0x0000000005762660, 0x0000000005763410]
Event: 5544.144 Thread 0x000000001852c800 20290   !   4       java.text.MessageFormat::makeFormat (654 bytes)
Event: 5544.153 Thread 0x000000001852f800 20292   !   3       java.io.PrintStream::flush (35 bytes)
Event: 5544.153 Thread 0x000000001852f800 nmethod 20292 0x0000000002a16cd0 code [0x0000000002a16e60, 0x0000000002a173d8]
Event: 5544.186 Thread 0x000000001852c800 nmethod 20290 0x0000000005760110 code [0x0000000005760300, 0x00000000057613e8]
Event: 5544.187 Thread 0x000000001852c800 20293   !   4       org.eclipse.jdt.internal.compiler.classfmt.ClassFileReader::<init> (1982 bytes)
Event: 5544.514 Thread 0x000000001852f800 20294       1       sun.nio.cs.US_ASCII$Encoder::implReplaceWith (8 bytes)
Event: 5544.514 Thread 0x000000001852f800 nmethod 20294 0x0000000002e68c90 code [0x0000000002e68de0, 0x0000000002e68f10]

GC Heap History (10 events):
Event: 5542.932 GC heap after
Heap after GC invocations=254 (full 0):
 garbage-first heap   total 178176K, used 111130K [0x00000000c0000000, 0x00000000c0100570, 0x0000000100000000)
  region size 1024K, 3 young (3072K), 3 survivors (3072K)
 Metaspace       used 79981K, capacity 84322K, committed 84608K, reserved 1124352K
  class space    used 7731K, capacity 9044K, committed 9088K, reserved 1048576K
}
Event: 5543.397 GC heap before
{Heap before GC invocations=254 (full 0):
 garbage-first heap   total 178176K, used 155162K [0x00000000c0000000, 0x00000000c0100570, 0x0000000100000000)
  region size 1024K, 46 young (47104K), 3 survivors (3072K)
 Metaspace       used 79981K, capacity 84322K, committed 84608K, reserved 1124352K
  class space    used 7731K, capacity 9044K, committed 9088K, reserved 1048576K
Event: 5543.414 GC heap after
Heap after GC invocations=255 (full 0):
 garbage-first heap   total 178176K, used 111642K [0x00000000c0000000, 0x00000000c0100570, 0x0000000100000000)
  region size 1024K, 4 young (4096K), 4 survivors (4096K)
 Metaspace       used 79981K, capacity 84322K, committed 84608K, reserved 1124352K
  class space    used 7731K, capacity 9044K, committed 9088K, reserved 1048576K
}
Event: 5543.886 GC heap before
{Heap before GC invocations=255 (full 0):
 garbage-first heap   total 178176K, used 153626K [0x00000000c0000000, 0x00000000c0100570, 0x0000000100000000)
  region size 1024K, 45 young (46080K), 4 survivors (4096K)
 Metaspace       used 79982K, capacity 84322K, committed 84608K, reserved 1124352K
  class space    used 7731K, capacity 9044K, committed 9088K, reserved 1048576K
Event: 5543.903 GC heap after
Heap after GC invocations=256 (full 0):
 garbage-first heap   total 178176K, used 110618K [0x00000000c0000000, 0x00000000c0100570, 0x0000000100000000)
  region size 1024K, 3 young (3072K), 3 survivors (3072K)
 Metaspace       used 79982K, capacity 84322K, committed 84608K, reserved 1124352K
  class space    used 7731K, capacity 9044K, committed 9088K, reserved 1048576K
}
Event: 5544.495 GC heap before
{Heap before GC invocations=257 (full 0):
 garbage-first heap   total 178176K, used 154650K [0x00000000c0000000, 0x00000000c0100570, 0x0000000100000000)
  region size 1024K, 46 young (47104K), 3 survivors (3072K)
 Metaspace       used 79982K, capacity 84322K, committed 84608K, reserved 1124352K
  class space    used 7731K, capacity 9044K, committed 9088K, reserved 1048576K
Event: 5544.511 GC heap after
Heap after GC invocations=258 (full 0):
 garbage-first heap   total 178176K, used 111130K [0x00000000c0000000, 0x00000000c0100570, 0x0000000100000000)
  region size 1024K, 3 young (3072K), 3 survivors (3072K)
 Metaspace       used 79982K, capacity 84322K, committed 84608K, reserved 1124352K
  class space    used 7731K, capacity 9044K, committed 9088K, reserved 1048576K
}
Event: 5544.529 GC heap before
{Heap before GC invocations=258 (full 0):
 garbage-first heap   total 178176K, used 116250K [0x00000000c0000000, 0x00000000c0100570, 0x0000000100000000)
  region size 1024K, 8 young (8192K), 3 survivors (3072K)
 Metaspace       used 79982K, capacity 84322K, committed 84608K, reserved 1124352K
  class space    used 7731K, capacity 9044K, committed 9088K, reserved 1048576K
Event: 5544.564 GC heap after
Heap after GC invocations=259 (full 0):
 garbage-first heap   total 178176K, used 94699K [0x00000000c0000000, 0x00000000c0100570, 0x0000000100000000)
  region size 1024K, 1 young (1024K), 1 survivors (1024K)
 Metaspace       used 79982K, capacity 84322K, committed 84608K, reserved 1124352K
  class space    used 7731K, capacity 9044K, committed 9088K, reserved 1048576K
}
Event: 5544.640 GC heap before
{Heap before GC invocations=259 (full 0):
 garbage-first heap   total 178176K, used 101867K [0x00000000c0000000, 0x00000000c0100570, 0x0000000100000000)
  region size 1024K, 8 young (8192K), 1 survivors (1024K)
 Metaspace       used 79982K, capacity 84322K, committed 84608K, reserved 1124352K
  class space    used 7731K, capacity 9044K, committed 9088K, reserved 1048576K

Deoptimization events (10 events):
Event: 5541.427 Thread 0x0000000020821000 Uncommon trap: reason=predicate action=maybe_recompile pc=0x0000000004d7d768 method=java.util.Vector.indexOf(Ljava/lang/Object;I)I @ 44
Event: 5541.436 Thread 0x0000000020821000 Uncommon trap: reason=class_check action=maybe_recompile pc=0x0000000003502694 method=org.apache.lucene.store.BufferedIndexInput.readBytes([BIIZ)V @ 182
Event: 5541.436 Thread 0x0000000020821000 Uncommon trap: reason=class_check action=maybe_recompile pc=0x0000000003502694 method=org.apache.lucene.store.BufferedIndexInput.readBytes([BIIZ)V @ 182
Event: 5541.488 Thread 0x0000000020821000 Uncommon trap: reason=unstable_if action=reinterpret pc=0x0000000003502868 method=org.apache.lucene.store.BufferedIndexInput.readBytes([BIIZ)V @ 57
Event: 5542.097 Thread 0x0000000020821000 Uncommon trap: reason=class_check action=maybe_recompile pc=0x00000000041cad48 method=org.eclipse.core.internal.resources.Workspace.getResourceInfo(Lorg/eclipse/core/runtime/IPath;ZZ)Lorg/eclipse/core/internal/resources/ResourceInfo; @ 60
Event: 5542.120 Thread 0x0000000020821000 Uncommon trap: reason=unstable_if action=reinterpret pc=0x0000000005e389f8 method=java.util.HashMap.getNode(ILjava/lang/Object;)Ljava/util/HashMap$Node; @ 84
Event: 5542.120 Thread 0x0000000020821000 Uncommon trap: reason=unstable_if action=reinterpret pc=0x0000000005e4d88c method=java.util.HashMap.removeNode(ILjava/lang/Object;Ljava/lang/Object;ZZ)Ljava/util/HashMap$Node; @ 97
Event: 5542.132 Thread 0x0000000020821000 Uncommon trap: reason=unstable_if action=reinterpret pc=0x00000000028d1048 method=java.util.HashMap.getNode(ILjava/lang/Object;)Ljava/util/HashMap$Node; @ 84
Event: 5542.132 Thread 0x0000000020821000 Uncommon trap: reason=unstable_if action=reinterpret pc=0x0000000003e67270 method=java.util.HashMap.removeNode(ILjava/lang/Object;Ljava/lang/Object;ZZ)Ljava/util/HashMap$Node; @ 97
Event: 5542.488 Thread 0x000000001cb37800 Uncommon trap: reason=null_check action=make_not_entrant pc=0x00000000056cb068 method=org.eclipse.jdt.internal.core.JavaModelManager.determineIfOnClasspath(Lorg/eclipse/core/resources/IResource;Lorg/eclipse/jdt/core/IJavaProject;)Lorg/eclipse/jdt/core/IJa

Classes redefined (0 events):
No events

Internal exceptions (10 events):
Event: 5542.683 Thread 0x0000000020694800 Implicit null exception at 0x00000000051d14c1 to 0x00000000051d4948
Event: 5542.683 Thread 0x0000000020694800 Exception <a 'java/lang/NullPointerException'> (0x00000000ca52c138) thrown at [C:\cygwin64\tmp\openjdk-jdk8u-windows-x64-hotspot\workspace\build\src\hotspot\src\share\vm\runtime\sharedRuntime.cpp, line 605]
Event: 5542.683 Thread 0x0000000020694800 Implicit null exception at 0x00000000051d14c1 to 0x00000000051d4948
Event: 5542.683 Thread 0x0000000020694800 Exception <a 'java/lang/NullPointerException'> (0x00000000ca52c350) thrown at [C:\cygwin64\tmp\openjdk-jdk8u-windows-x64-hotspot\workspace\build\src\hotspot\src\share\vm\runtime\sharedRuntime.cpp, line 605]
Event: 5542.683 Thread 0x0000000020694800 Implicit null exception at 0x00000000051d14c1 to 0x00000000051d4948
Event: 5542.683 Thread 0x0000000020694800 Exception <a 'java/lang/NullPointerException'> (0x00000000ca52cb90) thrown at [C:\cygwin64\tmp\openjdk-jdk8u-windows-x64-hotspot\workspace\build\src\hotspot\src\share\vm\runtime\sharedRuntime.cpp, line 605]
Event: 5542.683 Thread 0x0000000020694800 Implicit null exception at 0x00000000051d14c1 to 0x00000000051d4948
Event: 5542.683 Thread 0x0000000020694800 Exception <a 'java/lang/NullPointerException'> (0x00000000ca52cda8) thrown at [C:\cygwin64\tmp\openjdk-jdk8u-windows-x64-hotspot\workspace\build\src\hotspot\src\share\vm\runtime\sharedRuntime.cpp, line 605]
Event: 5542.683 Thread 0x0000000020694800 Implicit null exception at 0x00000000051d14c1 to 0x00000000051d4948
Event: 5542.683 Thread 0x0000000020694800 Exception <a 'java/lang/NullPointerException'> (0x00000000ca52cfc0) thrown at [C:\cygwin64\tmp\openjdk-jdk8u-windows-x64-hotspot\workspace\build\src\hotspot\src\share\vm\runtime\sharedRuntime.cpp, line 605]

Events (10 events):
Event: 5544.528 Executing VM operation: G1IncCollectionPause
Event: 5544.564 Executing VM operation: G1IncCollectionPause done
Event: 5544.570 Thread 0x0000000020693000 Thread exited: 0x0000000020693000
Event: 5544.571 Thread 0x000000001a0cf800 Thread exited: 0x000000001a0cf800
Event: 5544.578 Thread 0x000000001cb3a800 Thread exited: 0x000000001cb3a800
Event: 5544.582 Thread 0x00000000211d0000 Thread exited: 0x00000000211d0000
Event: 5544.584 Thread 0x000000001a0cf000 Thread exited: 0x000000001a0cf000
Event: 5544.585 Thread 0x000000001a0cf000 Thread added: 0x000000001a0cf000
Event: 5544.587 Thread 0x000000001a0cf800 Thread added: 0x000000001a0cf800
Event: 5544.619 Executing VM operation: G1IncCollectionPause


Dynamic libraries:
0x000000013f4b0000 - 0x000000013f4ea000 	C:\Program Files\AdoptOpenJDK\jdk-8.0.242.08-hotspot\bin\java.exe
0x0000000076f90000 - 0x000000007712f000 	C:\Windows\SYSTEM32\ntdll.dll
0x000007fef44a0000 - 0x000007fef44b3000 	C:\Program Files\AVAST Software\Avast\aswhook.dll
0x0000000076d70000 - 0x0000000076e8f000 	C:\Windows\system32\kernel32.dll
0x000007fefcd80000 - 0x000007fefcde7000 	C:\Windows\system32\KERNELBASE.dll
0x000007fefe530000 - 0x000007fefe60b000 	C:\Windows\system32\ADVAPI32.dll
0x000007fefe490000 - 0x000007fefe52f000 	C:\Windows\system32\msvcrt.dll
0x000007fefd1f0000 - 0x000007fefd20f000 	C:\Windows\SYSTEM32\sechost.dll
0x000007fefe360000 - 0x000007fefe48c000 	C:\Windows\system32\RPCRT4.dll
0x0000000076e90000 - 0x0000000076f8a000 	C:\Windows\system32\USER32.dll
0x000007fefd500000 - 0x000007fefd567000 	C:\Windows\system32\GDI32.dll
0x000007fefeb10000 - 0x000007fefeb1e000 	C:\Windows\system32\LPK.dll
0x000007fefcfa0000 - 0x000007fefd06b000 	C:\Windows\system32\USP10.dll
0x000007fefb530000 - 0x000007fefb725000 	C:\Windows\WinSxS\amd64_microsoft.windows.common-controls_6595b64144ccf1df_6.0.7601.24483_none_e372d88f30fbb845\COMCTL32.dll
0x000007fefd080000 - 0x000007fefd0f1000 	C:\Windows\system32\SHLWAPI.dll
0x000007fefed20000 - 0x000007fefed4e000 	C:\Windows\system32\IMM32.DLL
0x000007fefd210000 - 0x000007fefd31b000 	C:\Windows\system32\MSCTF.dll
0x000007fee0db0000 - 0x000007fee0e9f000 	C:\Program Files\AdoptOpenJDK\jdk-8.0.242.08-hotspot\jre\bin\msvcr120.dll
0x000007fedf610000 - 0x000007fedf6b6000 	C:\Program Files\AdoptOpenJDK\jdk-8.0.242.08-hotspot\jre\bin\msvcp120.dll
0x00000000639b0000 - 0x00000000641b1000 	C:\Program Files\AdoptOpenJDK\jdk-8.0.242.08-hotspot\jre\bin\server\jvm.dll
0x000007fef9b50000 - 0x000007fef9b59000 	C:\Windows\system32\WSOCK32.dll
0x000007fefd1a0000 - 0x000007fefd1ed000 	C:\Windows\system32\WS2_32.dll
0x000007fefd070000 - 0x000007fefd078000 	C:\Windows\system32\NSI.dll
0x000007fefa8b0000 - 0x000007fefa8eb000 	C:\Windows\system32\WINMM.dll
0x000007fefbbc0000 - 0x000007fefbbcc000 	C:\Windows\system32\VERSION.dll
0x0000000077130000 - 0x0000000077137000 	C:\Windows\system32\PSAPI.DLL
0x000007fef2c20000 - 0x000007fef2c2f000 	C:\Program Files\AdoptOpenJDK\jdk-8.0.242.08-hotspot\jre\bin\verify.dll
0x000007fef2680000 - 0x000007fef26a8000 	C:\Program Files\AdoptOpenJDK\jdk-8.0.242.08-hotspot\jre\bin\java.dll
0x000007feeda20000 - 0x000007feeda4a000 	C:\Program Files\AdoptOpenJDK\jdk-8.0.242.08-hotspot\jre\bin\instrument.dll
0x000007feedf50000 - 0x000007feedf66000 	C:\Program Files\AdoptOpenJDK\jdk-8.0.242.08-hotspot\jre\bin\zip.dll
0x000007fefd570000 - 0x000007fefe2fb000 	C:\Windows\system32\SHELL32.dll
0x000007fefeb20000 - 0x000007fefed1f000 	C:\Windows\system32\ole32.dll
0x000007fefcaf0000 - 0x000007fefcaff000 	C:\Windows\system32\profapi.dll
0x000007feeda00000 - 0x000007feeda1a000 	C:\Program Files\AdoptOpenJDK\jdk-8.0.242.08-hotspot\jre\bin\net.dll
0x000007fefc2b0000 - 0x000007fefc305000 	C:\Windows\system32\mswsock.dll
0x000007fefc430000 - 0x000007fefc437000 	C:\Windows\System32\wship6.dll
0x000007feed9c0000 - 0x000007feed9d2000 	C:\Program Files\AdoptOpenJDK\jdk-8.0.242.08-hotspot\jre\bin\nio.dll
0x000007fefc490000 - 0x000007fefc4a8000 	C:\Windows\system32\CRYPTSP.dll
0x000007fefbfa0000 - 0x000007fefbfe7000 	C:\Windows\system32\rsaenh.dll
0x000007fefcd30000 - 0x000007fefcd4f000 	C:\Windows\system32\USERENV.dll
0x000007fefc940000 - 0x000007fefc94f000 	C:\Windows\system32\CRYPTBASE.dll
0x000007fef9d40000 - 0x000007fef9d67000 	C:\Windows\system32\IPHLPAPI.DLL
0x000007fef9d20000 - 0x000007fef9d2b000 	C:\Windows\system32\WINNSI.DLL
0x000007fef9800000 - 0x000007fef9818000 	C:\Windows\system32\dhcpcsvc.DLL
0x000007fef97e0000 - 0x000007fef97f1000 	C:\Windows\system32\dhcpcsvc6.DLL
0x000007feed7a0000 - 0x000007feed7c9000 	C:\Users\FamiliaBraz\AppData\Roaming\Code\User\globalStorage\redhat.java\0.63.0\config_win\org.eclipse.equinox.launcher\org.eclipse.equinox.launcher.win32.win32.x86_64_1.1.1200.v20200508-1552\eclipse_11000.dll
0x000007fecf400000 - 0x000007fecf411000 	C:\Users\FamiliaBraz\AppData\Roaming\Code\User\globalStorage\redhat.java\0.63.0\config_win\org.eclipse.osgi\20\0\.cp\jWinHttp-1.0.0.dll
0x000007fef86d0000 - 0x000007fef8741000 	C:\Windows\system32\WINHTTP.dll
0x000007fef8660000 - 0x000007fef86c5000 	C:\Windows\system32\webio.dll
0x000007fefc8b0000 - 0x000007fefc8d5000 	C:\Windows\system32\SspiCli.dll
0x000007fefc290000 - 0x000007fefc29a000 	C:\Windows\system32\credssp.dll
0x000007fefce60000 - 0x000007fefce96000 	C:\Windows\system32\CFGMGR32.dll
0x000007fefc8e0000 - 0x000007fefc937000 	C:\Windows\system32\apphelp.dll
0x000007feed740000 - 0x000007feed763000 	C:\Program Files\AdoptOpenJDK\jdk-8.0.242.08-hotspot\jre\bin\sunec.dll
0x000007fee1620000 - 0x000007fee162d000 	C:\Program Files\AdoptOpenJDK\jdk-8.0.242.08-hotspot\jre\bin\management.dll
0x000007fee1990000 - 0x000007fee199b000 	C:\Program Files\AdoptOpenJDK\jdk-8.0.242.08-hotspot\jre\bin\sunmscapi.dll
0x000007fefcbb0000 - 0x000007fefcd1d000 	C:\Windows\system32\CRYPT32.dll
0x000007fefcae0000 - 0x000007fefcaef000 	C:\Windows\system32\MSASN1.dll
0x000007fefbc90000 - 0x000007fefbc97000 	C:\Windows\System32\wshtcpip.dll
0x000007fefbf00000 - 0x000007fefbf5b000 	C:\Windows\system32\DNSAPI.dll
0x000007fef5f50000 - 0x000007fef5f58000 	C:\Windows\system32\rasadhlp.dll
0x000007fef9b60000 - 0x000007fef9bb3000 	C:\Windows\System32\fwpuclnt.dll
0x000007fef8140000 - 0x000007fef8265000 	C:\Windows\system32\dbghelp.dll

VM Arguments:
jvm_args: -Declipse.application=org.eclipse.jdt.ls.core.id1 -Dosgi.bundles.defaultStartLevel=4 -Declipse.product=org.eclipse.jdt.ls.core.product -Dfile.encoding=utf8 -DwatchParentProcess=false -Xmx1G -XX:+UseG1GC -XX:+UseStringDeduplication -javaagent:c:\Users\FamiliaBraz\.vscode\extensions\gabrielbb.vscode-lombok-1.0.1\server\lombok.jar -Xverify:none 
java_command: c:\Users\FamiliaBraz\.vscode\extensions\redhat.java-0.63.0\server\plugins\org.eclipse.equinox.launcher_1.5.700.v20200207-2156.jar -configuration c:\Users\FamiliaBraz\AppData\Roaming\Code\User\globalStorage\redhat.java\0.63.0\config_win -data c:\Users\FamiliaBraz\AppData\Roaming\Code\User\workspaceStorage\b96c7a3a862e0534ff9deb7426ed5608\redhat.java\jdt_ws
java_class_path (initial): c:\Users\FamiliaBraz\.vscode\extensions\redhat.java-0.63.0\server\plugins\org.eclipse.equinox.launcher_1.5.700.v20200207-2156.jar;c:\Users\FamiliaBraz\.vscode\extensions\gabrielbb.vscode-lombok-1.0.1\server\lombok.jar
Launcher Type: SUN_STANDARD

Environment Variables:
JAVA_HOME=C:\Program Files\AdoptOpenJDK\jdk-8.0.242.08-hotspot\
PATH=C:\Program Files\AdoptOpenJDK\jdk-8.0.242.08-hotspot\bin;C:\Program Files (x86)\Common Files\Oracle\Java\javapath;C:\Windows\system32;C:\Windows;C:\Windows\System32\Wbem;C:\Windows\System32\WindowsPowerShell\v1.0\;C:\Program Files\nodejs\;C:\Program Files (x86)\Intel\OpenCL SDK\2.0\bin\x86;C:\Program Files (x86)\Intel\OpenCL SDK\2.0\bin\x64;C:\Program Files\Git\cmd;;C:\Users\FamiliaBraz\AppData\Local\Programs\Microsoft VS Code\bin;C:\Users\FamiliaBraz\AppData\Roaming\npm
USERNAME=FamiliaBraz
OS=Windows_NT
PROCESSOR_IDENTIFIER=Intel64 Family 6 Model 42 Stepping 7, GenuineIntel



---------------  S Y S T E M  ---------------

OS: Windows 7 , 64 bit Build 7601 (6.1.7601.24545)

CPU:total 2 (initial active 2) (2 cores per cpu, 1 threads per core) family 6 model 42 stepping 7, cmov, cx8, fxsr, mmx, sse, sse2, sse3, ssse3, sse4.1, sse4.2, popcnt, clmul, tsc, tscinvbit

Memory: 4k page, physical 6182256k(1438972k free), swap 12362612k(7180692k free)

vm_info: OpenJDK 64-Bit Server VM (25.242-b08) for windows-amd64 JRE (1.8.0_242-b08), built on Jan 19 2020 14:45:52 by "jenkins" with MS VC++ 12.0 (VS2013)

time: Mon Jun 29 17:51:01 2020
timezone: Hora oficial do Brasil
elapsed time: 5544 seconds (0d 1h 32m 24s)

