#
# A fatal error has been detected by the Java Runtime Environment:
#
#  EXCEPTION_ACCESS_VIOLATION (0xc0000005) at pc=0x0000000065105f36, pid=3480, tid=0x0000000000000fb4
#
# JRE version: OpenJDK Runtime Environment (8.0_242-b08) (build 1.8.0_242-b08)
# Java VM: OpenJDK 64-Bit Server VM (25.242-b08 mixed mode windows-amd64 compressed oops)
# Problematic frame:
# V  [jvm.dll+0x495f36]
#
# Failed to write core dump. Minidumps are not enabled by default on client versions of Windows
#
# If you would like to submit a bug report, please visit:
#   
#

---------------  T H R E A D  ---------------

Current thread (0x00000000183ec000):  JavaThread "C2 CompilerThread0" daemon [_thread_in_native, id=4020, stack(0x0000000017b80000,0x0000000017c80000)]

siginfo: ExceptionCode=0xc0000005, reading address 0xffffffffffffffff

Registers:
RAX=0x0000000000000092, RBX=0x0100000000000000, RCX=0x0000000019540cc0, RDX=0x0000000019540d08
RSP=0x0000000017c7bec0, RBP=0x0000000000001ef0, RSI=0x0000000000000003, RDI=0x0000000017c7d558
R8 =0x0000000019540d08, R9 =0x0000000019540d20, R10=0x0000000000003fff, R11=0x0000000017c7cbd0
R12=0x0000000000001ef1, R13=0x0000000000000092, R14=0x0000000019540cc0, R15=0x0000000000000000
RIP=0x0000000065105f36, EFLAGS=0x0000000000010206

Top of Stack: (sp=0x0000000017c7bec0)
0x0000000017c7bec0:   0000000000000213 0000000019542c38
0x0000000017c7bed0:   00000000183ecf80 0000000000000000
0x0000000017c7bee0:   0000000000000201 0000000019540c70
0x0000000017c7bef0:   0000000000000000 0000000017c7d558
0x0000000017c7bf00:   0000000019540cc0 0000000065106cce
0x0000000017c7bf10:   00000000193a6550 0000000000000001
0x0000000017c7bf20:   0000000019540d20 0000000000000213
0x0000000017c7bf30:   0000000019540cc0 0000000000000213
0x0000000017c7bf40:   0000000019542c38 0000000000000000
0x0000000017c7bf50:   0000000017c7cbd0 00000000183ecf80
0x0000000017c7bf60:   00000000193a6550 0000000000000015
0x0000000017c7bf70:   0000000019540c70 00000000651073df
0x0000000017c7bf80:   0000000017c7cbd0 0000000019540d20
0x0000000017c7bf90:   0000000017c7d558 0000000019540d20
0x0000000017c7bfa0:   0000000000000213 0000000017c7cbd0
0x0000000017c7bfb0:   0000000019540c70 00000000651062cd 

Instructions: (pc=0x0000000065105f36)
0x0000000065105f16:   89 6c 24 28 4c 89 7c 24 20 45 33 ff 48 3b 5f 20
0x0000000065105f26:   49 8b ce 44 0f 44 fd ff 10 41 8b 76 18 44 8b e8
0x0000000065105f36:   39 73 18 75 4d 48 8b 13 48 8b cb ff 12 41 3b c5
0x0000000065105f46:   75 40 33 c0 85 f6 74 2a 4c 8b 43 08 4d 8b 4e 08 


Register to memory mapping:

RAX=0x0000000000000092 is an unknown value
RBX=0x0100000000000000 is an unknown value
RCX=0x0000000019540cc0 is an unknown value
RDX=0x0000000019540d08 is an unknown value
RSP=0x0000000017c7bec0 is pointing into the stack for thread: 0x00000000183ec000
RBP=0x0000000000001ef0 is an unknown value
RSI=0x0000000000000003 is an unknown value
RDI=0x0000000017c7d558 is pointing into the stack for thread: 0x00000000183ec000
R8 =0x0000000019540d08 is an unknown value
R9 =0x0000000019540d20 is an unknown value
R10=0x0000000000003fff is an unknown value
R11=0x0000000017c7cbd0 is pointing into the stack for thread: 0x00000000183ec000
R12=0x0000000000001ef1 is an unknown value
R13=0x0000000000000092 is an unknown value
R14=0x0000000019540cc0 is an unknown value
R15=0x0000000000000000 is an unknown value


Stack: [0x0000000017b80000,0x0000000017c80000],  sp=0x0000000017c7bec0,  free space=1007k
Native frames: (J=compiled Java code, j=interpreted, Vv=VM code, C=native code)
V  [jvm.dll+0x495f36]
V  [jvm.dll+0x496cce]
V  [jvm.dll+0x4973df]
V  [jvm.dll+0x4962cd]
V  [jvm.dll+0x464d2a]
V  [jvm.dll+0x3f63e9]
V  [jvm.dll+0x3f3c8f]
V  [jvm.dll+0x3dfcf7]
V  [jvm.dll+0x81382]
V  [jvm.dll+0x7fe3f]
V  [jvm.dll+0x20786f]
V  [jvm.dll+0x2500da]
C  [msvcr120.dll+0x24f7f]
C  [msvcr120.dll+0x25126]
C  [kernel32.dll+0x1556d]
C  [ntdll.dll+0x5372d]


Current CompileTask:
C2:11774657 22035       4       org.eclipse.jdt.internal.codeassist.CompletionEngine::isFailedMatch (67 bytes)


---------------  P R O C E S S  ---------------

Java Threads: ( => current thread )
  0x0000000021785800 JavaThread "Thread-4166" [_thread_blocked, id=7360, stack(0x000000001f380000,0x000000001f480000)]
  0x0000000021788800 JavaThread "Thread-4165" [_thread_blocked, id=772, stack(0x0000000020090000,0x0000000020190000)]
  0x0000000021782800 JavaThread "Thread-4164" [_thread_blocked, id=7312, stack(0x0000000023520000,0x0000000023620000)]
  0x0000000021784000 JavaThread "Thread-4163" [_thread_blocked, id=7236, stack(0x000000001f6c0000,0x000000001f7c0000)]
  0x0000000021786800 JavaThread "Thread-4162" [_thread_blocked, id=6296, stack(0x000000001ed80000,0x000000001ee80000)]
  0x0000000021789800 JavaThread "Worker-21" [_thread_blocked, id=3588, stack(0x000000001f250000,0x000000001f350000)]
  0x0000000021787000 JavaThread "pool-154-thread-1" [_thread_blocked, id=6548, stack(0x000000001e910000,0x000000001ea10000)]
  0x00000000217c7800 JavaThread "pool-153-thread-1" [_thread_blocked, id=5480, stack(0x0000000020440000,0x0000000020540000)]
  0x00000000217c5000 JavaThread "Worker-20" [_thread_blocked, id=5924, stack(0x00000000241f0000,0x00000000242f0000)]
  0x00000000217c8000 JavaThread "Worker-14" [_thread_blocked, id=5564, stack(0x000000001af10000,0x000000001b010000)]
  0x000000001a035800 JavaThread "pool-1-thread-1" [_thread_in_native, id=5296, stack(0x000000001ea70000,0x000000001eb70000)]
  0x00000000187b3800 JavaThread "Java indexing" daemon [_thread_blocked, id=5388, stack(0x000000001bb50000,0x000000001bc50000)]
  0x00000000192e7000 JavaThread "Worker-JM" [_thread_blocked, id=5260, stack(0x000000001b430000,0x000000001b530000)]
  0x0000000019ee4000 JavaThread "Bundle File Closer" daemon [_thread_blocked, id=364, stack(0x000000001b0a0000,0x000000001b1a0000)]
  0x0000000018d8f000 JavaThread "Start Level: Equinox Container: a1142bcd-9c59-4882-82df-fa67c56e1ea7" daemon [_thread_blocked, id=5996, stack(0x0000000019a30000,0x0000000019b30000)]
  0x0000000018d8d000 JavaThread "Framework Event Dispatcher: Equinox Container: a1142bcd-9c59-4882-82df-fa67c56e1ea7" daemon [_thread_blocked, id=3628, stack(0x0000000018b50000,0x0000000018c50000)]
  0x000000001905e000 JavaThread "Active Thread: Equinox Container: a1142bcd-9c59-4882-82df-fa67c56e1ea7" [_thread_blocked, id=5748, stack(0x0000000019860000,0x0000000019960000)]
  0x00000000185a4800 JavaThread "Service Thread" daemon [_thread_blocked, id=3808, stack(0x0000000018a50000,0x0000000018b50000)]
  0x0000000018462000 JavaThread "C1 CompilerThread1" daemon [_thread_blocked, id=6184, stack(0x0000000018920000,0x0000000018a20000)]
=>0x00000000183ec000 JavaThread "C2 CompilerThread0" daemon [_thread_in_native, id=4020, stack(0x0000000017b80000,0x0000000017c80000)]
  0x0000000017946000 JavaThread "Attach Listener" daemon [_thread_blocked, id=6256, stack(0x0000000017f90000,0x0000000018090000)]
  0x0000000017945000 JavaThread "Signal Dispatcher" daemon [_thread_blocked, id=1596, stack(0x00000000182c0000,0x00000000183c0000)]
  0x0000000017943800 JavaThread "Surrogate Locker Thread (Concurrent GC)" daemon [_thread_blocked, id=3548, stack(0x00000000180c0000,0x00000000181c0000)]
  0x000000001791b000 JavaThread "Finalizer" daemon [_thread_blocked, id=2928, stack(0x0000000017e60000,0x0000000017f60000)]
  0x000000001790e000 JavaThread "Reference Handler" daemon [_thread_blocked, id=7024, stack(0x0000000017ca0000,0x0000000017da0000)]
  0x000000000035f800 JavaThread "main" [_thread_blocked, id=4296, stack(0x0000000001fc0000,0x00000000020c0000)]

Other Threads:
  0x00000000178ff000 VMThread [stack: 0x0000000017a50000,0x0000000017b50000] [id=3164]
  0x00000000185f0000 WatcherThread [stack: 0x0000000018c80000,0x0000000018d80000] [id=5600]

VM state:not at safepoint (normal execution)

VM Mutex/Monitor currently owned by a thread: None

heap address: 0x00000000c0000000, size: 1024 MB, Compressed Oops mode: 32-bit
Narrow klass base: 0x0000000000000000, Narrow klass shift: 0
Compressed class space size: 1073741824 Address: 0x000000007fff0000

Heap:
 garbage-first heap   total 296960K, used 223777K [0x00000000c0000000, 0x00000000c0100910, 0x0000000100000000)
  region size 1024K, 117 young (119808K), 6 survivors (6144K)
 Metaspace       used 71957K, capacity 76062K, committed 76240K, reserved 1118208K
  class space    used 6708K, capacity 7877K, committed 7940K, reserved 1048576K

Heap Regions: (Y=young(eden), SU=young(survivor), HS=humongous(starts), HC=humongous(continues), CS=collection set, F=free, TS=gc time stamp, PTAMS=previous top-at-mark-start, NTAMS=next top-at-mark-start)
AC   0  O    TS     0 PTAMS 0x00000000c0100000 NTAMS 0x00000000c0100000 space 1024K, 100% used [0x00000000c0000000, 0x00000000c0100000)
AC   0  O    TS     0 PTAMS 0x00000000c0200000 NTAMS 0x00000000c0200000 space 1024K, 100% used [0x00000000c0100000, 0x00000000c0200000)
AC   0  O    TS     0 PTAMS 0x00000000c0300000 NTAMS 0x00000000c0300000 space 1024K, 100% used [0x00000000c0200000, 0x00000000c0300000)
AC   0  O    TS     0 PTAMS 0x00000000c0400000 NTAMS 0x00000000c0400000 space 1024K, 100% used [0x00000000c0300000, 0x00000000c0400000)
AC   0  O    TS     0 PTAMS 0x00000000c0500000 NTAMS 0x00000000c0500000 space 1024K, 100% used [0x00000000c0400000, 0x00000000c0500000)
AC   0  O    TS     0 PTAMS 0x00000000c0600000 NTAMS 0x00000000c0600000 space 1024K, 100% used [0x00000000c0500000, 0x00000000c0600000)
AC   0  O    TS     0 PTAMS 0x00000000c0700000 NTAMS 0x00000000c0700000 space 1024K, 100% used [0x00000000c0600000, 0x00000000c0700000)
AC   0  O    TS     0 PTAMS 0x00000000c0800000 NTAMS 0x00000000c0800000 space 1024K, 100% used [0x00000000c0700000, 0x00000000c0800000)
AC   0  O    TS     0 PTAMS 0x00000000c0900000 NTAMS 0x00000000c0900000 space 1024K, 100% used [0x00000000c0800000, 0x00000000c0900000)
AC   0  O    TS     0 PTAMS 0x00000000c0a00000 NTAMS 0x00000000c0a00000 space 1024K, 100% used [0x00000000c0900000, 0x00000000c0a00000)
AC   0  O    TS     0 PTAMS 0x00000000c0b00000 NTAMS 0x00000000c0b00000 space 1024K, 100% used [0x00000000c0a00000, 0x00000000c0b00000)
AC   0  O    TS     0 PTAMS 0x00000000c0c00000 NTAMS 0x00000000c0c00000 space 1024K, 100% used [0x00000000c0b00000, 0x00000000c0c00000)
AC   0  O    TS     0 PTAMS 0x00000000c0d00000 NTAMS 0x00000000c0d00000 space 1024K, 100% used [0x00000000c0c00000, 0x00000000c0d00000)
AC   0  O    TS     0 PTAMS 0x00000000c0e00000 NTAMS 0x00000000c0e00000 space 1024K, 100% used [0x00000000c0d00000, 0x00000000c0e00000)
AC   0  O    TS     0 PTAMS 0x00000000c0f00000 NTAMS 0x00000000c0f00000 space 1024K, 100% used [0x00000000c0e00000, 0x00000000c0f00000)
AC   0  O    TS     0 PTAMS 0x00000000c1000000 NTAMS 0x00000000c1000000 space 1024K, 100% used [0x00000000c0f00000, 0x00000000c1000000)
AC   0  O    TS     0 PTAMS 0x00000000c1100000 NTAMS 0x00000000c1100000 space 1024K, 100% used [0x00000000c1000000, 0x00000000c1100000)
AC   0  O    TS     0 PTAMS 0x00000000c1200000 NTAMS 0x00000000c1200000 space 1024K, 100% used [0x00000000c1100000, 0x00000000c1200000)
AC   0  O    TS     0 PTAMS 0x00000000c1300000 NTAMS 0x00000000c1300000 space 1024K, 100% used [0x00000000c1200000, 0x00000000c1300000)
AC   0  O    TS     0 PTAMS 0x00000000c1400000 NTAMS 0x00000000c1400000 space 1024K, 100% used [0x00000000c1300000, 0x00000000c1400000)
AC   0  O    TS     0 PTAMS 0x00000000c1500000 NTAMS 0x00000000c1500000 space 1024K, 100% used [0x00000000c1400000, 0x00000000c1500000)
AC   0  O    TS     0 PTAMS 0x00000000c1600000 NTAMS 0x00000000c1600000 space 1024K, 100% used [0x00000000c1500000, 0x00000000c1600000)
AC   0  O    TS     0 PTAMS 0x00000000c1700000 NTAMS 0x00000000c1700000 space 1024K, 100% used [0x00000000c1600000, 0x00000000c1700000)
AC   0  O    TS     0 PTAMS 0x00000000c1800000 NTAMS 0x00000000c1800000 space 1024K, 100% used [0x00000000c1700000, 0x00000000c1800000)
AC   0  O    TS     0 PTAMS 0x00000000c1900000 NTAMS 0x00000000c1900000 space 1024K, 100% used [0x00000000c1800000, 0x00000000c1900000)
AC   0  O    TS     0 PTAMS 0x00000000c1a00000 NTAMS 0x00000000c1a00000 space 1024K, 100% used [0x00000000c1900000, 0x00000000c1a00000)
AC   0  O    TS     0 PTAMS 0x00000000c1b00000 NTAMS 0x00000000c1b00000 space 1024K, 100% used [0x00000000c1a00000, 0x00000000c1b00000)
AC   0  O    TS     0 PTAMS 0x00000000c1c00000 NTAMS 0x00000000c1c00000 space 1024K, 100% used [0x00000000c1b00000, 0x00000000c1c00000)
AC   0  O    TS     0 PTAMS 0x00000000c1d00000 NTAMS 0x00000000c1d00000 space 1024K, 100% used [0x00000000c1c00000, 0x00000000c1d00000)
AC   0  O    TS     0 PTAMS 0x00000000c1e00000 NTAMS 0x00000000c1e00000 space 1024K, 100% used [0x00000000c1d00000, 0x00000000c1e00000)
AC   0  O    TS     0 PTAMS 0x00000000c1f00000 NTAMS 0x00000000c1f00000 space 1024K, 100% used [0x00000000c1e00000, 0x00000000c1f00000)
AC   0  O    TS     0 PTAMS 0x00000000c2000000 NTAMS 0x00000000c2000000 space 1024K, 100% used [0x00000000c1f00000, 0x00000000c2000000)
AC   0  O    TS     0 PTAMS 0x00000000c2100000 NTAMS 0x00000000c2100000 space 1024K, 100% used [0x00000000c2000000, 0x00000000c2100000)
AC   0 HS    TS     0 PTAMS 0x00000000c2180010 NTAMS 0x00000000c2180010 space 1024K,  50% used [0x00000000c2100000, 0x00000000c2200000)
AC   0  O    TS     0 PTAMS 0x00000000c2300000 NTAMS 0x00000000c2300000 space 1024K, 100% used [0x00000000c2200000, 0x00000000c2300000)
AC   0  O    TS     0 PTAMS 0x00000000c2400000 NTAMS 0x00000000c2400000 space 1024K, 100% used [0x00000000c2300000, 0x00000000c2400000)
AC   0  O    TS     0 PTAMS 0x00000000c2500000 NTAMS 0x00000000c2500000 space 1024K, 100% used [0x00000000c2400000, 0x00000000c2500000)
AC   0  O    TS     0 PTAMS 0x00000000c2600000 NTAMS 0x00000000c2600000 space 1024K, 100% used [0x00000000c2500000, 0x00000000c2600000)
AC   0  O    TS     0 PTAMS 0x00000000c2700000 NTAMS 0x00000000c2700000 space 1024K, 100% used [0x00000000c2600000, 0x00000000c2700000)
AC   0  O    TS     0 PTAMS 0x00000000c2800000 NTAMS 0x00000000c2800000 space 1024K, 100% used [0x00000000c2700000, 0x00000000c2800000)
AC   0  O    TS     0 PTAMS 0x00000000c2900000 NTAMS 0x00000000c2900000 space 1024K, 100% used [0x00000000c2800000, 0x00000000c2900000)
AC   0  O    TS     0 PTAMS 0x00000000c2a00000 NTAMS 0x00000000c2a00000 space 1024K, 100% used [0x00000000c2900000, 0x00000000c2a00000)
AC   0  O    TS     0 PTAMS 0x00000000c2b00000 NTAMS 0x00000000c2b00000 space 1024K, 100% used [0x00000000c2a00000, 0x00000000c2b00000)
AC   0  O    TS     0 PTAMS 0x00000000c2c00000 NTAMS 0x00000000c2c00000 space 1024K, 100% used [0x00000000c2b00000, 0x00000000c2c00000)
AC   0  O    TS     0 PTAMS 0x00000000c2d00000 NTAMS 0x00000000c2d00000 space 1024K, 100% used [0x00000000c2c00000, 0x00000000c2d00000)
AC   0  O    TS     0 PTAMS 0x00000000c2e00000 NTAMS 0x00000000c2e00000 space 1024K, 100% used [0x00000000c2d00000, 0x00000000c2e00000)
AC   0  O    TS     0 PTAMS 0x00000000c2f00000 NTAMS 0x00000000c2f00000 space 1024K, 100% used [0x00000000c2e00000, 0x00000000c2f00000)
AC   0  O    TS     0 PTAMS 0x00000000c3000000 NTAMS 0x00000000c3000000 space 1024K, 100% used [0x00000000c2f00000, 0x00000000c3000000)
AC   0  O    TS     0 PTAMS 0x00000000c3100000 NTAMS 0x00000000c3100000 space 1024K, 100% used [0x00000000c3000000, 0x00000000c3100000)
AC   0  O    TS     0 PTAMS 0x00000000c3200000 NTAMS 0x00000000c3200000 space 1024K, 100% used [0x00000000c3100000, 0x00000000c3200000)
AC   0  O    TS     0 PTAMS 0x00000000c3300000 NTAMS 0x00000000c3300000 space 1024K, 100% used [0x00000000c3200000, 0x00000000c3300000)
AC   0  O    TS     0 PTAMS 0x00000000c3400000 NTAMS 0x00000000c3400000 space 1024K, 100% used [0x00000000c3300000, 0x00000000c3400000)
AC   0  O    TS     0 PTAMS 0x00000000c3500000 NTAMS 0x00000000c3500000 space 1024K, 100% used [0x00000000c3400000, 0x00000000c3500000)
AC   0  O    TS     0 PTAMS 0x00000000c3600000 NTAMS 0x00000000c3600000 space 1024K, 100% used [0x00000000c3500000, 0x00000000c3600000)
AC   0  O    TS     0 PTAMS 0x00000000c3700000 NTAMS 0x00000000c3700000 space 1024K, 100% used [0x00000000c3600000, 0x00000000c3700000)
AC   0  O    TS     0 PTAMS 0x00000000c3800000 NTAMS 0x00000000c3800000 space 1024K, 100% used [0x00000000c3700000, 0x00000000c3800000)
AC   0  O    TS     0 PTAMS 0x00000000c3900000 NTAMS 0x00000000c3900000 space 1024K, 100% used [0x00000000c3800000, 0x00000000c3900000)
AC   0  O    TS     0 PTAMS 0x00000000c3a00000 NTAMS 0x00000000c3a00000 space 1024K, 100% used [0x00000000c3900000, 0x00000000c3a00000)
AC   0  O    TS   203 PTAMS 0x00000000c3a00000 NTAMS 0x00000000c3a00000 space 1024K, 100% used [0x00000000c3a00000, 0x00000000c3b00000)
AC   0  O    TS     0 PTAMS 0x00000000c3c00000 NTAMS 0x00000000c3c00000 space 1024K, 100% used [0x00000000c3b00000, 0x00000000c3c00000)
AC   0  O    TS     0 PTAMS 0x00000000c3d00000 NTAMS 0x00000000c3d00000 space 1024K, 100% used [0x00000000c3c00000, 0x00000000c3d00000)
AC   0  O    TS     0 PTAMS 0x00000000c3e00000 NTAMS 0x00000000c3e00000 space 1024K, 100% used [0x00000000c3d00000, 0x00000000c3e00000)
AC   0  O    TS     0 PTAMS 0x00000000c3f00000 NTAMS 0x00000000c3f00000 space 1024K, 100% used [0x00000000c3e00000, 0x00000000c3f00000)
AC   0  O    TS     0 PTAMS 0x00000000c4000000 NTAMS 0x00000000c4000000 space 1024K, 100% used [0x00000000c3f00000, 0x00000000c4000000)
AC   0  O    TS     0 PTAMS 0x00000000c4100000 NTAMS 0x00000000c4100000 space 1024K, 100% used [0x00000000c4000000, 0x00000000c4100000)
AC   0  O    TS     0 PTAMS 0x00000000c4200000 NTAMS 0x00000000c4200000 space 1024K, 100% used [0x00000000c4100000, 0x00000000c4200000)
AC   0  O    TS     0 PTAMS 0x00000000c4300000 NTAMS 0x00000000c4300000 space 1024K, 100% used [0x00000000c4200000, 0x00000000c4300000)
AC   0  O    TS     0 PTAMS 0x00000000c4400000 NTAMS 0x00000000c4400000 space 1024K, 100% used [0x00000000c4300000, 0x00000000c4400000)
AC   0  O    TS     0 PTAMS 0x00000000c4500000 NTAMS 0x00000000c4500000 space 1024K, 100% used [0x00000000c4400000, 0x00000000c4500000)
AC   0  O    TS     0 PTAMS 0x00000000c4600000 NTAMS 0x00000000c4600000 space 1024K, 100% used [0x00000000c4500000, 0x00000000c4600000)
AC   0  O    TS     0 PTAMS 0x00000000c4700000 NTAMS 0x00000000c4700000 space 1024K, 100% used [0x00000000c4600000, 0x00000000c4700000)
AC   0  O    TS     0 PTAMS 0x00000000c4800000 NTAMS 0x00000000c4800000 space 1024K, 100% used [0x00000000c4700000, 0x00000000c4800000)
AC   0  O    TS     0 PTAMS 0x00000000c4900000 NTAMS 0x00000000c4900000 space 1024K, 100% used [0x00000000c4800000, 0x00000000c4900000)
AC   0  O    TS     0 PTAMS 0x00000000c4a00000 NTAMS 0x00000000c4a00000 space 1024K, 100% used [0x00000000c4900000, 0x00000000c4a00000)
AC   0  O    TS     0 PTAMS 0x00000000c4b00000 NTAMS 0x00000000c4b00000 space 1024K, 100% used [0x00000000c4a00000, 0x00000000c4b00000)
AC   0  O    TS     0 PTAMS 0x00000000c4c00000 NTAMS 0x00000000c4c00000 space 1024K, 100% used [0x00000000c4b00000, 0x00000000c4c00000)
AC   0  O    TS     0 PTAMS 0x00000000c4d00000 NTAMS 0x00000000c4d00000 space 1024K, 100% used [0x00000000c4c00000, 0x00000000c4d00000)
AC   0  O    TS     0 PTAMS 0x00000000c4e00000 NTAMS 0x00000000c4e00000 space 1024K, 100% used [0x00000000c4d00000, 0x00000000c4e00000)
AC   0  O    TS     0 PTAMS 0x00000000c4f00000 NTAMS 0x00000000c4f00000 space 1024K, 100% used [0x00000000c4e00000, 0x00000000c4f00000)
AC   0  O    TS     0 PTAMS 0x00000000c5000000 NTAMS 0x00000000c5000000 space 1024K, 100% used [0x00000000c4f00000, 0x00000000c5000000)
AC   0  O    TS     0 PTAMS 0x00000000c5100000 NTAMS 0x00000000c5100000 space 1024K, 100% used [0x00000000c5000000, 0x00000000c5100000)
AC   0  O    TS     0 PTAMS 0x00000000c5200000 NTAMS 0x00000000c5200000 space 1024K, 100% used [0x00000000c5100000, 0x00000000c5200000)
AC   0  O    TS     0 PTAMS 0x00000000c5300000 NTAMS 0x00000000c5300000 space 1024K, 100% used [0x00000000c5200000, 0x00000000c5300000)
AC   0  O    TS     0 PTAMS 0x00000000c5400000 NTAMS 0x00000000c5400000 space 1024K, 100% used [0x00000000c5300000, 0x00000000c5400000)
AC   0  O    TS     0 PTAMS 0x00000000c5500000 NTAMS 0x00000000c5500000 space 1024K, 100% used [0x00000000c5400000, 0x00000000c5500000)
AC   0  O    TS     0 PTAMS 0x00000000c5600000 NTAMS 0x00000000c5600000 space 1024K, 100% used [0x00000000c5500000, 0x00000000c5600000)
AC   0  O    TS     0 PTAMS 0x00000000c5700000 NTAMS 0x00000000c5700000 space 1024K, 100% used [0x00000000c5600000, 0x00000000c5700000)
AC   0  O    TS     0 PTAMS 0x00000000c5800000 NTAMS 0x00000000c5800000 space 1024K, 100% used [0x00000000c5700000, 0x00000000c5800000)
AC   0  O    TS     0 PTAMS 0x00000000c5900000 NTAMS 0x00000000c5900000 space 1024K, 100% used [0x00000000c5800000, 0x00000000c5900000)
AC   0  O    TS     0 PTAMS 0x00000000c5a00000 NTAMS 0x00000000c5a00000 space 1024K, 100% used [0x00000000c5900000, 0x00000000c5a00000)
AC   0  O    TS     0 PTAMS 0x00000000c5b00000 NTAMS 0x00000000c5b00000 space 1024K, 100% used [0x00000000c5a00000, 0x00000000c5b00000)
AC   0  O    TS     0 PTAMS 0x00000000c5c00000 NTAMS 0x00000000c5c00000 space 1024K, 100% used [0x00000000c5b00000, 0x00000000c5c00000)
AC   0  O    TS     0 PTAMS 0x00000000c5d00000 NTAMS 0x00000000c5d00000 space 1024K, 100% used [0x00000000c5c00000, 0x00000000c5d00000)
AC   0  O    TS     0 PTAMS 0x00000000c5e00000 NTAMS 0x00000000c5e00000 space 1024K, 100% used [0x00000000c5d00000, 0x00000000c5e00000)
AC   0  O    TS     0 PTAMS 0x00000000c5f00000 NTAMS 0x00000000c5f00000 space 1024K, 100% used [0x00000000c5e00000, 0x00000000c5f00000)
AC   0  O    TS    27 PTAMS 0x00000000c5ff3200 NTAMS 0x00000000c5ff3200 space 1024K, 100% used [0x00000000c5f00000, 0x00000000c6000000)
AC   0  O    TS   159 PTAMS 0x00000000c6000000 NTAMS 0x00000000c6000000 space 1024K, 100% used [0x00000000c6000000, 0x00000000c6100000)
AC   0  O    TS   195 PTAMS 0x00000000c6100000 NTAMS 0x00000000c6100000 space 1024K, 100% used [0x00000000c6100000, 0x00000000c6200000)
AC   0  O    TS   219 PTAMS 0x00000000c6200000 NTAMS 0x00000000c6200000 space 1024K, 100% used [0x00000000c6200000, 0x00000000c6300000)
AC   0  O    TS   221 PTAMS 0x00000000c6300000 NTAMS 0x00000000c6300000 space 1024K, 100% used [0x00000000c6300000, 0x00000000c6400000)
AC   0  O    TS   223 PTAMS 0x00000000c6400000 NTAMS 0x00000000c6400000 space 1024K, 100% used [0x00000000c6400000, 0x00000000c6500000)
AC   0  O    TS   241 PTAMS 0x00000000c6500000 NTAMS 0x00000000c6500000 space 1024K, 100% used [0x00000000c6500000, 0x00000000c6600000)
AC   0  O    TS   245 PTAMS 0x00000000c6600000 NTAMS 0x00000000c6600000 space 1024K, 100% used [0x00000000c6600000, 0x00000000c6700000)
AC   0  O    TS   283 PTAMS 0x00000000c6700000 NTAMS 0x00000000c6700000 space 1024K,  53% used [0x00000000c6700000, 0x00000000c6800000)
AC   0  F    TS     0 PTAMS 0x00000000c6800000 NTAMS 0x00000000c6800000 space 1024K,   0% used [0x00000000c6800000, 0x00000000c6900000)
AC   0  F    TS     0 PTAMS 0x00000000c6900000 NTAMS 0x00000000c6900000 space 1024K,   0% used [0x00000000c6900000, 0x00000000c6a00000)
AC   0  F    TS     0 PTAMS 0x00000000c6a00000 NTAMS 0x00000000c6a00000 space 1024K,   0% used [0x00000000c6a00000, 0x00000000c6b00000)
AC   0  F    TS     0 PTAMS 0x00000000c6b00000 NTAMS 0x00000000c6b00000 space 1024K,   0% used [0x00000000c6b00000, 0x00000000c6c00000)
AC   0  F    TS     0 PTAMS 0x00000000c6c00000 NTAMS 0x00000000c6c00000 space 1024K,   0% used [0x00000000c6c00000, 0x00000000c6d00000)
AC   0  F    TS     0 PTAMS 0x00000000c6d00000 NTAMS 0x00000000c6d00000 space 1024K,   0% used [0x00000000c6d00000, 0x00000000c6e00000)
AC   0  F    TS     0 PTAMS 0x00000000c6e00000 NTAMS 0x00000000c6e00000 space 1024K,   0% used [0x00000000c6e00000, 0x00000000c6f00000)
AC   0  F    TS     1 PTAMS 0x00000000c6f00000 NTAMS 0x00000000c6f00000 space 1024K,   0% used [0x00000000c6f00000, 0x00000000c7000000)
AC   0  F    TS     0 PTAMS 0x00000000c7000000 NTAMS 0x00000000c7000000 space 1024K,   0% used [0x00000000c7000000, 0x00000000c7100000)
AC   0  F    TS     0 PTAMS 0x00000000c7100000 NTAMS 0x00000000c7100000 space 1024K,   0% used [0x00000000c7100000, 0x00000000c7200000)
AC   0  F    TS     0 PTAMS 0x00000000c7200000 NTAMS 0x00000000c7200000 space 1024K,   0% used [0x00000000c7200000, 0x00000000c7300000)
AC   0  F    TS     0 PTAMS 0x00000000c7300000 NTAMS 0x00000000c7300000 space 1024K,   0% used [0x00000000c7300000, 0x00000000c7400000)
AC   0  F    TS     0 PTAMS 0x00000000c7400000 NTAMS 0x00000000c7400000 space 1024K,   0% used [0x00000000c7400000, 0x00000000c7500000)
AC   0  F    TS     0 PTAMS 0x00000000c7500000 NTAMS 0x00000000c7500000 space 1024K,   0% used [0x00000000c7500000, 0x00000000c7600000)
AC   0  F    TS     0 PTAMS 0x00000000c7600000 NTAMS 0x00000000c7600000 space 1024K,   0% used [0x00000000c7600000, 0x00000000c7700000)
AC   0  F    TS     0 PTAMS 0x00000000c7700000 NTAMS 0x00000000c7700000 space 1024K,   0% used [0x00000000c7700000, 0x00000000c7800000)
AC   0  F    TS     0 PTAMS 0x00000000c7800000 NTAMS 0x00000000c7800000 space 1024K,   0% used [0x00000000c7800000, 0x00000000c7900000)
AC   0  F    TS     0 PTAMS 0x00000000c7900000 NTAMS 0x00000000c7900000 space 1024K,   0% used [0x00000000c7900000, 0x00000000c7a00000)
AC   0  F    TS     0 PTAMS 0x00000000c7a00000 NTAMS 0x00000000c7a00000 space 1024K,   0% used [0x00000000c7a00000, 0x00000000c7b00000)
AC   0  F    TS    99 PTAMS 0x00000000c7b00000 NTAMS 0x00000000c7b00000 space 1024K,   0% used [0x00000000c7b00000, 0x00000000c7c00000)
AC   0  F    TS   153 PTAMS 0x00000000c7c00000 NTAMS 0x00000000c7c00000 space 1024K,   0% used [0x00000000c7c00000, 0x00000000c7d00000)
AC   0  F    TS   211 PTAMS 0x00000000c7d00000 NTAMS 0x00000000c7d00000 space 1024K,   0% used [0x00000000c7d00000, 0x00000000c7e00000)
AC   0  F    TS   217 PTAMS 0x00000000c7e00000 NTAMS 0x00000000c7e00000 space 1024K,   0% used [0x00000000c7e00000, 0x00000000c7f00000)
AC   0  F    TS   217 PTAMS 0x00000000c7f00000 NTAMS 0x00000000c7f00000 space 1024K,   0% used [0x00000000c7f00000, 0x00000000c8000000)
AC   0  F    TS   217 PTAMS 0x00000000c8000000 NTAMS 0x00000000c8000000 space 1024K,   0% used [0x00000000c8000000, 0x00000000c8100000)
AC   0  F    TS   231 PTAMS 0x00000000c8100000 NTAMS 0x00000000c8100000 space 1024K,   0% used [0x00000000c8100000, 0x00000000c8200000)
AC   0  F    TS   273 PTAMS 0x00000000c8200000 NTAMS 0x00000000c8200000 space 1024K,   0% used [0x00000000c8200000, 0x00000000c8300000)
AC   0  F    TS   273 PTAMS 0x00000000c8300000 NTAMS 0x00000000c8300000 space 1024K,   0% used [0x00000000c8300000, 0x00000000c8400000)
AC   0  F    TS   281 PTAMS 0x00000000c8400000 NTAMS 0x00000000c8400000 space 1024K,   0% used [0x00000000c8400000, 0x00000000c8500000)
AC   0  F    TS   281 PTAMS 0x00000000c8500000 NTAMS 0x00000000c8500000 space 1024K,   0% used [0x00000000c8500000, 0x00000000c8600000)
AC   0  F    TS   281 PTAMS 0x00000000c8600000 NTAMS 0x00000000c8600000 space 1024K,   0% used [0x00000000c8600000, 0x00000000c8700000)
AC   0  F    TS   281 PTAMS 0x00000000c8700000 NTAMS 0x00000000c8700000 space 1024K,   0% used [0x00000000c8700000, 0x00000000c8800000)
AC   0  F    TS   281 PTAMS 0x00000000c8800000 NTAMS 0x00000000c8800000 space 1024K,   0% used [0x00000000c8800000, 0x00000000c8900000)
AC   0  F    TS   281 PTAMS 0x00000000c8900000 NTAMS 0x00000000c8900000 space 1024K,   0% used [0x00000000c8900000, 0x00000000c8a00000)
AC   0  F    TS   271 PTAMS 0x00000000c8a00000 NTAMS 0x00000000c8a00000 space 1024K,   0% used [0x00000000c8a00000, 0x00000000c8b00000)
AC   0  S CS TS   283 PTAMS 0x00000000c8b00000 NTAMS 0x00000000c8b00000 space 1024K,  49% used [0x00000000c8b00000, 0x00000000c8c00000)
AC   0  S CS TS   283 PTAMS 0x00000000c8c00000 NTAMS 0x00000000c8c00000 space 1024K, 100% used [0x00000000c8c00000, 0x00000000c8d00000)
AC   0  S CS TS   283 PTAMS 0x00000000c8d00000 NTAMS 0x00000000c8d00000 space 1024K, 100% used [0x00000000c8d00000, 0x00000000c8e00000)
AC   0  S CS TS   283 PTAMS 0x00000000c8e00000 NTAMS 0x00000000c8e00000 space 1024K, 100% used [0x00000000c8e00000, 0x00000000c8f00000)
AC   0  S CS TS   283 PTAMS 0x00000000c8f00000 NTAMS 0x00000000c8f00000 space 1024K, 100% used [0x00000000c8f00000, 0x00000000c9000000)
AC   0  S CS TS   283 PTAMS 0x00000000c9000000 NTAMS 0x00000000c9000000 space 1024K, 100% used [0x00000000c9000000, 0x00000000c9100000)
AC   0  F    TS   275 PTAMS 0x00000000c9100000 NTAMS 0x00000000c9100000 space 1024K,   0% used [0x00000000c9100000, 0x00000000c9200000)
AC   0  F    TS   275 PTAMS 0x00000000c9200000 NTAMS 0x00000000c9200000 space 1024K,   0% used [0x00000000c9200000, 0x00000000c9300000)
AC   0  F    TS     1 PTAMS 0x00000000c9300000 NTAMS 0x00000000c9300000 space 1024K,   0% used [0x00000000c9300000, 0x00000000c9400000)
AC   0  F    TS     1 PTAMS 0x00000000c9400000 NTAMS 0x00000000c9400000 space 1024K,   0% used [0x00000000c9400000, 0x00000000c9500000)
AC   0  F    TS     1 PTAMS 0x00000000c9500000 NTAMS 0x00000000c9500000 space 1024K,   0% used [0x00000000c9500000, 0x00000000c9600000)
AC   0  F    TS     1 PTAMS 0x00000000c9600000 NTAMS 0x00000000c9600000 space 1024K,   0% used [0x00000000c9600000, 0x00000000c9700000)
AC   0  F    TS     1 PTAMS 0x00000000c9700000 NTAMS 0x00000000c9700000 space 1024K,   0% used [0x00000000c9700000, 0x00000000c9800000)
AC   0  F    TS     1 PTAMS 0x00000000c9800000 NTAMS 0x00000000c9800000 space 1024K,   0% used [0x00000000c9800000, 0x00000000c9900000)
AC   0  F    TS     1 PTAMS 0x00000000c9900000 NTAMS 0x00000000c9900000 space 1024K,   0% used [0x00000000c9900000, 0x00000000c9a00000)
AC   0  F    TS     1 PTAMS 0x00000000c9a00000 NTAMS 0x00000000c9a00000 space 1024K,   0% used [0x00000000c9a00000, 0x00000000c9b00000)
AC   0  F    TS     1 PTAMS 0x00000000c9b00000 NTAMS 0x00000000c9b00000 space 1024K,   0% used [0x00000000c9b00000, 0x00000000c9c00000)
AC   0  F    TS     1 PTAMS 0x00000000c9c00000 NTAMS 0x00000000c9c00000 space 1024K,   0% used [0x00000000c9c00000, 0x00000000c9d00000)
AC   0  F    TS     1 PTAMS 0x00000000c9d00000 NTAMS 0x00000000c9d00000 space 1024K,   0% used [0x00000000c9d00000, 0x00000000c9e00000)
AC   0  F    TS     1 PTAMS 0x00000000c9e00000 NTAMS 0x00000000c9e00000 space 1024K,   0% used [0x00000000c9e00000, 0x00000000c9f00000)
AC   0  F    TS     1 PTAMS 0x00000000c9f00000 NTAMS 0x00000000c9f00000 space 1024K,   0% used [0x00000000c9f00000, 0x00000000ca000000)
AC   0  F    TS     1 PTAMS 0x00000000ca000000 NTAMS 0x00000000ca000000 space 1024K,   0% used [0x00000000ca000000, 0x00000000ca100000)
AC   0  F    TS     1 PTAMS 0x00000000ca100000 NTAMS 0x00000000ca100000 space 1024K,   0% used [0x00000000ca100000, 0x00000000ca200000)
AC   0  F    TS     1 PTAMS 0x00000000ca200000 NTAMS 0x00000000ca200000 space 1024K,   0% used [0x00000000ca200000, 0x00000000ca300000)
AC   0  F    TS     1 PTAMS 0x00000000ca300000 NTAMS 0x00000000ca300000 space 1024K,   0% used [0x00000000ca300000, 0x00000000ca400000)
AC   0  F    TS     1 PTAMS 0x00000000ca400000 NTAMS 0x00000000ca400000 space 1024K,   0% used [0x00000000ca400000, 0x00000000ca500000)
AC   0  F    TS     1 PTAMS 0x00000000ca500000 NTAMS 0x00000000ca500000 space 1024K,   0% used [0x00000000ca500000, 0x00000000ca600000)
AC   0  F    TS     1 PTAMS 0x00000000ca600000 NTAMS 0x00000000ca600000 space 1024K,   0% used [0x00000000ca600000, 0x00000000ca700000)
AC   0  F    TS     1 PTAMS 0x00000000ca700000 NTAMS 0x00000000ca700000 space 1024K,   0% used [0x00000000ca700000, 0x00000000ca800000)
AC   0  F    TS     1 PTAMS 0x00000000ca800000 NTAMS 0x00000000ca800000 space 1024K,   0% used [0x00000000ca800000, 0x00000000ca900000)
AC   0  F    TS     1 PTAMS 0x00000000ca900000 NTAMS 0x00000000ca900000 space 1024K,   0% used [0x00000000ca900000, 0x00000000caa00000)
AC   0  F    TS     1 PTAMS 0x00000000caa00000 NTAMS 0x00000000caa00000 space 1024K,   0% used [0x00000000caa00000, 0x00000000cab00000)
AC   0  F    TS     1 PTAMS 0x00000000cab00000 NTAMS 0x00000000cab00000 space 1024K,   0% used [0x00000000cab00000, 0x00000000cac00000)
AC   0  F    TS     1 PTAMS 0x00000000cac00000 NTAMS 0x00000000cac00000 space 1024K,   0% used [0x00000000cac00000, 0x00000000cad00000)
AC   0  F    TS     1 PTAMS 0x00000000cad00000 NTAMS 0x00000000cad00000 space 1024K,   0% used [0x00000000cad00000, 0x00000000cae00000)
AC   0  F    TS     1 PTAMS 0x00000000cae00000 NTAMS 0x00000000cae00000 space 1024K,   0% used [0x00000000cae00000, 0x00000000caf00000)
AC   0  F    TS     1 PTAMS 0x00000000caf00000 NTAMS 0x00000000caf00000 space 1024K,   0% used [0x00000000caf00000, 0x00000000cb000000)
AC   0  F    TS     1 PTAMS 0x00000000cb000000 NTAMS 0x00000000cb000000 space 1024K,   0% used [0x00000000cb000000, 0x00000000cb100000)
AC   0  F    TS     1 PTAMS 0x00000000cb100000 NTAMS 0x00000000cb100000 space 1024K,   0% used [0x00000000cb100000, 0x00000000cb200000)
AC   0  F    TS     1 PTAMS 0x00000000cb200000 NTAMS 0x00000000cb200000 space 1024K,   0% used [0x00000000cb200000, 0x00000000cb300000)
AC   0  E    TS     1 PTAMS 0x00000000cb300000 NTAMS 0x00000000cb300000 space 1024K,  50% used [0x00000000cb300000, 0x00000000cb400000)
AC   0  E CS TS     1 PTAMS 0x00000000cb400000 NTAMS 0x00000000cb400000 space 1024K, 100% used [0x00000000cb400000, 0x00000000cb500000)
AC   0  E CS TS     1 PTAMS 0x00000000cb500000 NTAMS 0x00000000cb500000 space 1024K, 100% used [0x00000000cb500000, 0x00000000cb600000)
AC   0  E CS TS     1 PTAMS 0x00000000cb600000 NTAMS 0x00000000cb600000 space 1024K, 100% used [0x00000000cb600000, 0x00000000cb700000)
AC   0  E CS TS     1 PTAMS 0x00000000cb700000 NTAMS 0x00000000cb700000 space 1024K, 100% used [0x00000000cb700000, 0x00000000cb800000)
AC   0  E CS TS     1 PTAMS 0x00000000cb800000 NTAMS 0x00000000cb800000 space 1024K, 100% used [0x00000000cb800000, 0x00000000cb900000)
AC   0  E CS TS     1 PTAMS 0x00000000cb900000 NTAMS 0x00000000cb900000 space 1024K, 100% used [0x00000000cb900000, 0x00000000cba00000)
AC   0  E CS TS     1 PTAMS 0x00000000cba00000 NTAMS 0x00000000cba00000 space 1024K, 100% used [0x00000000cba00000, 0x00000000cbb00000)
AC   0  E CS TS     1 PTAMS 0x00000000cbb00000 NTAMS 0x00000000cbb00000 space 1024K, 100% used [0x00000000cbb00000, 0x00000000cbc00000)
AC   0  E CS TS     1 PTAMS 0x00000000cbc00000 NTAMS 0x00000000cbc00000 space 1024K, 100% used [0x00000000cbc00000, 0x00000000cbd00000)
AC   0  E CS TS     1 PTAMS 0x00000000cbd00000 NTAMS 0x00000000cbd00000 space 1024K, 100% used [0x00000000cbd00000, 0x00000000cbe00000)
AC   0  E CS TS     1 PTAMS 0x00000000cbe00000 NTAMS 0x00000000cbe00000 space 1024K, 100% used [0x00000000cbe00000, 0x00000000cbf00000)
AC   0  E CS TS     1 PTAMS 0x00000000cbf00000 NTAMS 0x00000000cbf00000 space 1024K, 100% used [0x00000000cbf00000, 0x00000000cc000000)
AC   0  E CS TS     1 PTAMS 0x00000000cc000000 NTAMS 0x00000000cc000000 space 1024K, 100% used [0x00000000cc000000, 0x00000000cc100000)
AC   0  E CS TS     1 PTAMS 0x00000000cc100000 NTAMS 0x00000000cc100000 space 1024K, 100% used [0x00000000cc100000, 0x00000000cc200000)
AC   0  E CS TS     1 PTAMS 0x00000000cc200000 NTAMS 0x00000000cc200000 space 1024K, 100% used [0x00000000cc200000, 0x00000000cc300000)
AC   0  E CS TS     1 PTAMS 0x00000000cc300000 NTAMS 0x00000000cc300000 space 1024K, 100% used [0x00000000cc300000, 0x00000000cc400000)
AC   0  E CS TS     1 PTAMS 0x00000000cc400000 NTAMS 0x00000000cc400000 space 1024K, 100% used [0x00000000cc400000, 0x00000000cc500000)
AC   0  E CS TS     1 PTAMS 0x00000000cc500000 NTAMS 0x00000000cc500000 space 1024K, 100% used [0x00000000cc500000, 0x00000000cc600000)
AC   0  E CS TS     1 PTAMS 0x00000000cc600000 NTAMS 0x00000000cc600000 space 1024K, 100% used [0x00000000cc600000, 0x00000000cc700000)
AC   0  E CS TS     1 PTAMS 0x00000000cc700000 NTAMS 0x00000000cc700000 space 1024K, 100% used [0x00000000cc700000, 0x00000000cc800000)
AC   0  E CS TS     1 PTAMS 0x00000000cc800000 NTAMS 0x00000000cc800000 space 1024K, 100% used [0x00000000cc800000, 0x00000000cc900000)
AC   0  E CS TS     1 PTAMS 0x00000000cc900000 NTAMS 0x00000000cc900000 space 1024K, 100% used [0x00000000cc900000, 0x00000000cca00000)
AC   0  E CS TS     1 PTAMS 0x00000000cca00000 NTAMS 0x00000000cca00000 space 1024K, 100% used [0x00000000cca00000, 0x00000000ccb00000)
AC   0  E CS TS     1 PTAMS 0x00000000ccb00000 NTAMS 0x00000000ccb00000 space 1024K, 100% used [0x00000000ccb00000, 0x00000000ccc00000)
AC   0  E CS TS     1 PTAMS 0x00000000ccc00000 NTAMS 0x00000000ccc00000 space 1024K, 100% used [0x00000000ccc00000, 0x00000000ccd00000)
AC   0  E CS TS     1 PTAMS 0x00000000ccd00000 NTAMS 0x00000000ccd00000 space 1024K, 100% used [0x00000000ccd00000, 0x00000000cce00000)
AC   0  E CS TS     1 PTAMS 0x00000000cce00000 NTAMS 0x00000000cce00000 space 1024K, 100% used [0x00000000cce00000, 0x00000000ccf00000)
AC   0  E CS TS     1 PTAMS 0x00000000ccf00000 NTAMS 0x00000000ccf00000 space 1024K, 100% used [0x00000000ccf00000, 0x00000000cd000000)
AC   0  E CS TS     1 PTAMS 0x00000000cd000000 NTAMS 0x00000000cd000000 space 1024K, 100% used [0x00000000cd000000, 0x00000000cd100000)
AC   0  E CS TS     1 PTAMS 0x00000000cd100000 NTAMS 0x00000000cd100000 space 1024K, 100% used [0x00000000cd100000, 0x00000000cd200000)
AC   0  E CS TS     1 PTAMS 0x00000000cd200000 NTAMS 0x00000000cd200000 space 1024K, 100% used [0x00000000cd200000, 0x00000000cd300000)
AC   0  E CS TS     1 PTAMS 0x00000000cd300000 NTAMS 0x00000000cd300000 space 1024K, 100% used [0x00000000cd300000, 0x00000000cd400000)
AC   0  E CS TS     1 PTAMS 0x00000000cd400000 NTAMS 0x00000000cd400000 space 1024K, 100% used [0x00000000cd400000, 0x00000000cd500000)
AC   0  E CS TS     1 PTAMS 0x00000000cd500000 NTAMS 0x00000000cd500000 space 1024K, 100% used [0x00000000cd500000, 0x00000000cd600000)
AC   0  E CS TS     1 PTAMS 0x00000000cd600000 NTAMS 0x00000000cd600000 space 1024K, 100% used [0x00000000cd600000, 0x00000000cd700000)
AC   0  E CS TS     1 PTAMS 0x00000000cd700000 NTAMS 0x00000000cd700000 space 1024K, 100% used [0x00000000cd700000, 0x00000000cd800000)
AC   0  E CS TS     1 PTAMS 0x00000000cd800000 NTAMS 0x00000000cd800000 space 1024K, 100% used [0x00000000cd800000, 0x00000000cd900000)
AC   0  E CS TS     1 PTAMS 0x00000000cd900000 NTAMS 0x00000000cd900000 space 1024K, 100% used [0x00000000cd900000, 0x00000000cda00000)
AC   0  E CS TS     1 PTAMS 0x00000000cda00000 NTAMS 0x00000000cda00000 space 1024K, 100% used [0x00000000cda00000, 0x00000000cdb00000)
AC   0  E CS TS     1 PTAMS 0x00000000cdb00000 NTAMS 0x00000000cdb00000 space 1024K, 100% used [0x00000000cdb00000, 0x00000000cdc00000)
AC   0  E CS TS     1 PTAMS 0x00000000cdc00000 NTAMS 0x00000000cdc00000 space 1024K, 100% used [0x00000000cdc00000, 0x00000000cdd00000)
AC   0  E CS TS     1 PTAMS 0x00000000cdd00000 NTAMS 0x00000000cdd00000 space 1024K, 100% used [0x00000000cdd00000, 0x00000000cde00000)
AC   0  E CS TS     1 PTAMS 0x00000000cde00000 NTAMS 0x00000000cde00000 space 1024K, 100% used [0x00000000cde00000, 0x00000000cdf00000)
AC   0  E CS TS     1 PTAMS 0x00000000cdf00000 NTAMS 0x00000000cdf00000 space 1024K, 100% used [0x00000000cdf00000, 0x00000000ce000000)
AC   0  E CS TS     1 PTAMS 0x00000000ce000000 NTAMS 0x00000000ce000000 space 1024K, 100% used [0x00000000ce000000, 0x00000000ce100000)
AC   0  E CS TS     1 PTAMS 0x00000000ce100000 NTAMS 0x00000000ce100000 space 1024K, 100% used [0x00000000ce100000, 0x00000000ce200000)
AC   0  E CS TS     1 PTAMS 0x00000000ce200000 NTAMS 0x00000000ce200000 space 1024K, 100% used [0x00000000ce200000, 0x00000000ce300000)
AC   0  E CS TS     1 PTAMS 0x00000000ce300000 NTAMS 0x00000000ce300000 space 1024K, 100% used [0x00000000ce300000, 0x00000000ce400000)
AC   0  E CS TS     1 PTAMS 0x00000000ce400000 NTAMS 0x00000000ce400000 space 1024K, 100% used [0x00000000ce400000, 0x00000000ce500000)
AC   0  E CS TS     1 PTAMS 0x00000000ce500000 NTAMS 0x00000000ce500000 space 1024K, 100% used [0x00000000ce500000, 0x00000000ce600000)
AC   0  E CS TS     1 PTAMS 0x00000000ce600000 NTAMS 0x00000000ce600000 space 1024K, 100% used [0x00000000ce600000, 0x00000000ce700000)
AC   0  E CS TS     1 PTAMS 0x00000000ce700000 NTAMS 0x00000000ce700000 space 1024K, 100% used [0x00000000ce700000, 0x00000000ce800000)
AC   0  E CS TS     1 PTAMS 0x00000000ce800000 NTAMS 0x00000000ce800000 space 1024K, 100% used [0x00000000ce800000, 0x00000000ce900000)
AC   0  E CS TS     1 PTAMS 0x00000000ce900000 NTAMS 0x00000000ce900000 space 1024K, 100% used [0x00000000ce900000, 0x00000000cea00000)
AC   0  E CS TS     1 PTAMS 0x00000000cea00000 NTAMS 0x00000000cea00000 space 1024K, 100% used [0x00000000cea00000, 0x00000000ceb00000)
AC   0  E CS TS     1 PTAMS 0x00000000ceb00000 NTAMS 0x00000000ceb00000 space 1024K, 100% used [0x00000000ceb00000, 0x00000000cec00000)
AC   0  E CS TS     1 PTAMS 0x00000000cec00000 NTAMS 0x00000000cec00000 space 1024K, 100% used [0x00000000cec00000, 0x00000000ced00000)
AC   0  E CS TS     1 PTAMS 0x00000000ced00000 NTAMS 0x00000000ced00000 space 1024K, 100% used [0x00000000ced00000, 0x00000000cee00000)
AC   0  E CS TS     1 PTAMS 0x00000000cee00000 NTAMS 0x00000000cee00000 space 1024K, 100% used [0x00000000cee00000, 0x00000000cef00000)
AC   0  E CS TS     1 PTAMS 0x00000000cef00000 NTAMS 0x00000000cef00000 space 1024K, 100% used [0x00000000cef00000, 0x00000000cf000000)
AC   0  E CS TS     1 PTAMS 0x00000000cf000000 NTAMS 0x00000000cf000000 space 1024K, 100% used [0x00000000cf000000, 0x00000000cf100000)
AC   0  E CS TS     1 PTAMS 0x00000000cf100000 NTAMS 0x00000000cf100000 space 1024K, 100% used [0x00000000cf100000, 0x00000000cf200000)
AC   0  E CS TS     1 PTAMS 0x00000000cf200000 NTAMS 0x00000000cf200000 space 1024K, 100% used [0x00000000cf200000, 0x00000000cf300000)
AC   0  E CS TS     1 PTAMS 0x00000000cf300000 NTAMS 0x00000000cf300000 space 1024K, 100% used [0x00000000cf300000, 0x00000000cf400000)
AC   0  E CS TS     1 PTAMS 0x00000000cf400000 NTAMS 0x00000000cf400000 space 1024K, 100% used [0x00000000cf400000, 0x00000000cf500000)
AC   0  E CS TS     1 PTAMS 0x00000000cf500000 NTAMS 0x00000000cf500000 space 1024K, 100% used [0x00000000cf500000, 0x00000000cf600000)
AC   0  E CS TS     1 PTAMS 0x00000000cf600000 NTAMS 0x00000000cf600000 space 1024K, 100% used [0x00000000cf600000, 0x00000000cf700000)
AC   0  E CS TS     1 PTAMS 0x00000000cf700000 NTAMS 0x00000000cf700000 space 1024K, 100% used [0x00000000cf700000, 0x00000000cf800000)
AC   0  E CS TS     1 PTAMS 0x00000000cf800000 NTAMS 0x00000000cf800000 space 1024K, 100% used [0x00000000cf800000, 0x00000000cf900000)
AC   0  E CS TS     1 PTAMS 0x00000000cf900000 NTAMS 0x00000000cf900000 space 1024K, 100% used [0x00000000cf900000, 0x00000000cfa00000)
AC   0  E CS TS     1 PTAMS 0x00000000cfa00000 NTAMS 0x00000000cfa00000 space 1024K, 100% used [0x00000000cfa00000, 0x00000000cfb00000)
AC   0  E CS TS     1 PTAMS 0x00000000cfb00000 NTAMS 0x00000000cfb00000 space 1024K, 100% used [0x00000000cfb00000, 0x00000000cfc00000)
AC   0  E CS TS     1 PTAMS 0x00000000cfc00000 NTAMS 0x00000000cfc00000 space 1024K, 100% used [0x00000000cfc00000, 0x00000000cfd00000)
AC   0  E CS TS     1 PTAMS 0x00000000cfd00000 NTAMS 0x00000000cfd00000 space 1024K, 100% used [0x00000000cfd00000, 0x00000000cfe00000)
AC   0  E CS TS     1 PTAMS 0x00000000cfe00000 NTAMS 0x00000000cfe00000 space 1024K, 100% used [0x00000000cfe00000, 0x00000000cff00000)
AC   0  E CS TS     1 PTAMS 0x00000000cff00000 NTAMS 0x00000000cff00000 space 1024K, 100% used [0x00000000cff00000, 0x00000000d0000000)
AC   0  E CS TS     1 PTAMS 0x00000000d0000000 NTAMS 0x00000000d0000000 space 1024K, 100% used [0x00000000d0000000, 0x00000000d0100000)
AC   0  E CS TS     1 PTAMS 0x00000000d0100000 NTAMS 0x00000000d0100000 space 1024K, 100% used [0x00000000d0100000, 0x00000000d0200000)
AC   0  E CS TS     1 PTAMS 0x00000000d0200000 NTAMS 0x00000000d0200000 space 1024K, 100% used [0x00000000d0200000, 0x00000000d0300000)
AC   0  E CS TS     1 PTAMS 0x00000000d0300000 NTAMS 0x00000000d0300000 space 1024K, 100% used [0x00000000d0300000, 0x00000000d0400000)
AC   0  E CS TS     1 PTAMS 0x00000000d0400000 NTAMS 0x00000000d0400000 space 1024K, 100% used [0x00000000d0400000, 0x00000000d0500000)
AC   0  E CS TS     1 PTAMS 0x00000000d0500000 NTAMS 0x00000000d0500000 space 1024K, 100% used [0x00000000d0500000, 0x00000000d0600000)
AC   0  E CS TS     1 PTAMS 0x00000000d0600000 NTAMS 0x00000000d0600000 space 1024K, 100% used [0x00000000d0600000, 0x00000000d0700000)
AC   0  E CS TS     1 PTAMS 0x00000000d0700000 NTAMS 0x00000000d0700000 space 1024K, 100% used [0x00000000d0700000, 0x00000000d0800000)
AC   0  E CS TS     1 PTAMS 0x00000000d0800000 NTAMS 0x00000000d0800000 space 1024K, 100% used [0x00000000d0800000, 0x00000000d0900000)
AC   0  E CS TS     1 PTAMS 0x00000000d0900000 NTAMS 0x00000000d0900000 space 1024K, 100% used [0x00000000d0900000, 0x00000000d0a00000)
AC   0  E CS TS     1 PTAMS 0x00000000d0a00000 NTAMS 0x00000000d0a00000 space 1024K, 100% used [0x00000000d0a00000, 0x00000000d0b00000)
AC   0  E CS TS     1 PTAMS 0x00000000d0b00000 NTAMS 0x00000000d0b00000 space 1024K, 100% used [0x00000000d0b00000, 0x00000000d0c00000)
AC   0  E CS TS     1 PTAMS 0x00000000d0c00000 NTAMS 0x00000000d0c00000 space 1024K, 100% used [0x00000000d0c00000, 0x00000000d0d00000)
AC   0  E CS TS     1 PTAMS 0x00000000d0d00000 NTAMS 0x00000000d0d00000 space 1024K, 100% used [0x00000000d0d00000, 0x00000000d0e00000)
AC   0  E CS TS     1 PTAMS 0x00000000d0e00000 NTAMS 0x00000000d0e00000 space 1024K, 100% used [0x00000000d0e00000, 0x00000000d0f00000)
AC   0  E CS TS     1 PTAMS 0x00000000d0f00000 NTAMS 0x00000000d0f00000 space 1024K, 100% used [0x00000000d0f00000, 0x00000000d1000000)
AC   0  E CS TS     1 PTAMS 0x00000000d1000000 NTAMS 0x00000000d1000000 space 1024K, 100% used [0x00000000d1000000, 0x00000000d1100000)
AC   0  E CS TS     1 PTAMS 0x00000000d1100000 NTAMS 0x00000000d1100000 space 1024K, 100% used [0x00000000d1100000, 0x00000000d1200000)
AC   0  E CS TS     1 PTAMS 0x00000000d1200000 NTAMS 0x00000000d1200000 space 1024K, 100% used [0x00000000d1200000, 0x00000000d1300000)
AC   0  E CS TS     1 PTAMS 0x00000000d1300000 NTAMS 0x00000000d1300000 space 1024K, 100% used [0x00000000d1300000, 0x00000000d1400000)
AC   0  E CS TS     1 PTAMS 0x00000000d1400000 NTAMS 0x00000000d1400000 space 1024K, 100% used [0x00000000d1400000, 0x00000000d1500000)
AC   0  E CS TS     1 PTAMS 0x00000000d1500000 NTAMS 0x00000000d1500000 space 1024K, 100% used [0x00000000d1500000, 0x00000000d1600000)
AC   0  E CS TS     1 PTAMS 0x00000000d1600000 NTAMS 0x00000000d1600000 space 1024K, 100% used [0x00000000d1600000, 0x00000000d1700000)
AC   0  E CS TS     1 PTAMS 0x00000000d1700000 NTAMS 0x00000000d1700000 space 1024K, 100% used [0x00000000d1700000, 0x00000000d1800000)
AC   0  E CS TS     1 PTAMS 0x00000000d1800000 NTAMS 0x00000000d1800000 space 1024K, 100% used [0x00000000d1800000, 0x00000000d1900000)
AC   0  E CS TS     1 PTAMS 0x00000000d1900000 NTAMS 0x00000000d1900000 space 1024K, 100% used [0x00000000d1900000, 0x00000000d1a00000)
AC   0  E CS TS     1 PTAMS 0x00000000d1a00000 NTAMS 0x00000000d1a00000 space 1024K, 100% used [0x00000000d1a00000, 0x00000000d1b00000)
AC   0  E CS TS     1 PTAMS 0x00000000d1b00000 NTAMS 0x00000000d1b00000 space 1024K, 100% used [0x00000000d1b00000, 0x00000000d1c00000)
AC   0  E CS TS     1 PTAMS 0x00000000d1c00000 NTAMS 0x00000000d1c00000 space 1024K, 100% used [0x00000000d1c00000, 0x00000000d1d00000)
AC   0  E CS TS     1 PTAMS 0x00000000d1d00000 NTAMS 0x00000000d1d00000 space 1024K, 100% used [0x00000000d1d00000, 0x00000000d1e00000)
AC   0  E CS TS     1 PTAMS 0x00000000d1e00000 NTAMS 0x00000000d1e00000 space 1024K, 100% used [0x00000000d1e00000, 0x00000000d1f00000)
AC   0  E CS TS     1 PTAMS 0x00000000d1f00000 NTAMS 0x00000000d1f00000 space 1024K, 100% used [0x00000000d1f00000, 0x00000000d2000000)
AC   0  E CS TS     1 PTAMS 0x00000000d2000000 NTAMS 0x00000000d2000000 space 1024K, 100% used [0x00000000d2000000, 0x00000000d2100000)
AC   0  E CS TS     1 PTAMS 0x00000000d2100000 NTAMS 0x00000000d2100000 space 1024K, 100% used [0x00000000d2100000, 0x00000000d2200000)

Card table byte_map: [0x00000000126b0000,0x00000000128b0000] byte_map_base: 0x00000000120b0000

Marking Bits (Prev, Next): (CMBitMap*) 0x000000000038ac00, (CMBitMap*) 0x000000000038aba8
 Prev Bits: [0x0000000013ab0000, 0x0000000014ab0000)
 Next Bits: [0x0000000012ab0000, 0x0000000013ab0000)

Polling page: 0x0000000000240000

CodeCache: size=245760Kb used=63743Kb max_used=64051Kb free=182016Kb
 bounds [0x0000000002430000, 0x0000000006330000, 0x0000000011430000]
 total_blobs=15859 nmethods=15185 adapters=582
 compilation: enabled

Compilation events (10 events):
Event: 11771.659 Thread 0x0000000018462000 nmethod 22031 0x00000000061fd690 code [0x00000000061fd800, 0x00000000061fd9e8]
Event: 11772.003 Thread 0x0000000018462000 22032       3       org.eclipse.jdt.internal.codeassist.impl.AssistParser::goForBlockStatementsOrCatchHeader (10 bytes)
Event: 11772.003 Thread 0x0000000018462000 nmethod 22032 0x00000000061fd1d0 code [0x00000000061fd340, 0x00000000061fd510]
Event: 11772.003 Thread 0x0000000018462000 22033       3       org.eclipse.jdt.internal.compiler.parser.Parser::goForBlockStatementsOrCatchHeader (15 bytes)
Event: 11772.004 Thread 0x0000000018462000 nmethod 22033 0x0000000002f6aa50 code [0x0000000002f6aba0, 0x0000000002f6ad10]
Event: 11772.006 Thread 0x00000000183ec000 22034       4       org.eclipse.jdt.internal.compiler.lookup.BinaryTypeBinding::genericTypeSignature (28 bytes)
Event: 11772.063 Thread 0x00000000183ec000 nmethod 22034 0x0000000005bc0c10 code [0x0000000005bc0e00, 0x0000000005bc27d0]
Event: 11772.063 Thread 0x00000000183ec000 22035       4       org.eclipse.jdt.internal.codeassist.CompletionEngine::isFailedMatch (67 bytes)
Event: 11772.112 Thread 0x0000000018462000 22040       3       org.eclipse.jdt.internal.codeassist.InternalCompletionProposal::findMethod (173 bytes)
Event: 11772.115 Thread 0x0000000018462000 nmethod 22040 0x000000000552e1d0 code [0x000000000552e520, 0x00000000055302c8]

GC Heap History (10 events):
Event: 11760.393 GC heap before
{Heap before GC invocations=832 (full 0):
 garbage-first heap   total 296960K, used 259076K [0x00000000c0000000, 0x00000000c0100910, 0x0000000100000000)
  region size 1024K, 150 young (153600K), 7 survivors (7168K)
 Metaspace       used 71897K, capacity 75998K, committed 76240K, reserved 1118208K
  class space    used 6707K, capacity 7877K, committed 7940K, reserved 1048576K
Event: 11760.408 GC heap after
Heap after GC invocations=833 (full 0):
 garbage-first heap   total 296960K, used 110601K [0x00000000c0000000, 0x00000000c0100910, 0x0000000100000000)
  region size 1024K, 5 young (5120K), 5 survivors (5120K)
 Metaspace       used 71897K, capacity 75998K, committed 76240K, reserved 1118208K
  class space    used 6707K, capacity 7877K, committed 7940K, reserved 1048576K
}
Event: 11761.319 GC heap before
{Heap before GC invocations=833 (full 0):
 garbage-first heap   total 296960K, used 261129K [0x00000000c0000000, 0x00000000c0100910, 0x0000000100000000)
  region size 1024K, 152 young (155648K), 5 survivors (5120K)
 Metaspace       used 71903K, capacity 75998K, committed 76240K, reserved 1118208K
  class space    used 6707K, capacity 7877K, committed 7940K, reserved 1048576K
Event: 11761.340 GC heap after
Heap after GC invocations=834 (full 0):
 garbage-first heap   total 296960K, used 111632K [0x00000000c0000000, 0x00000000c0100910, 0x0000000100000000)
  region size 1024K, 6 young (6144K), 6 survivors (6144K)
 Metaspace       used 71903K, capacity 75998K, committed 76240K, reserved 1118208K
  class space    used 6707K, capacity 7877K, committed 7940K, reserved 1048576K
}
Event: 11762.758 GC heap before
{Heap before GC invocations=834 (full 0):
 garbage-first heap   total 296960K, used 260112K [0x00000000c0000000, 0x00000000c0100910, 0x0000000100000000)
  region size 1024K, 151 young (154624K), 6 survivors (6144K)
 Metaspace       used 71908K, capacity 75998K, committed 76240K, reserved 1118208K
  class space    used 6707K, capacity 7877K, committed 7940K, reserved 1048576K
Event: 11762.774 GC heap after
Heap after GC invocations=835 (full 0):
 garbage-first heap   total 296960K, used 110614K [0x00000000c0000000, 0x00000000c0100910, 0x0000000100000000)
  region size 1024K, 5 young (5120K), 5 survivors (5120K)
 Metaspace       used 71908K, capacity 75998K, committed 76240K, reserved 1118208K
  class space    used 6707K, capacity 7877K, committed 7940K, reserved 1048576K
}
Event: 11765.098 GC heap before
{Heap before GC invocations=835 (full 0):
 garbage-first heap   total 296960K, used 261142K [0x00000000c0000000, 0x00000000c0100910, 0x0000000100000000)
  region size 1024K, 152 young (155648K), 5 survivors (5120K)
 Metaspace       used 71914K, capacity 75998K, committed 76240K, reserved 1118208K
  class space    used 6708K, capacity 7877K, committed 7940K, reserved 1048576K
Event: 11765.115 GC heap after
Heap after GC invocations=836 (full 0):
 garbage-first heap   total 296960K, used 111131K [0x00000000c0000000, 0x00000000c0100910, 0x0000000100000000)
  region size 1024K, 6 young (6144K), 6 survivors (6144K)
 Metaspace       used 71914K, capacity 75998K, committed 76240K, reserved 1118208K
  class space    used 6708K, capacity 7877K, committed 7940K, reserved 1048576K
}
Event: 11770.586 GC heap before
{Heap before GC invocations=836 (full 0):
 garbage-first heap   total 296960K, used 259611K [0x00000000c0000000, 0x00000000c0100910, 0x0000000100000000)
  region size 1024K, 151 young (154624K), 6 survivors (6144K)
 Metaspace       used 71937K, capacity 75998K, committed 76240K, reserved 1118208K
  class space    used 6708K, capacity 7877K, committed 7940K, reserved 1048576K
Event: 11770.603 GC heap after
Heap after GC invocations=837 (full 0):
 garbage-first heap   total 296960K, used 111137K [0x00000000c0000000, 0x00000000c0100910, 0x0000000100000000)
  region size 1024K, 6 young (6144K), 6 survivors (6144K)
 Metaspace       used 71937K, capacity 75998K, committed 76240K, reserved 1118208K
  class space    used 6708K, capacity 7877K, committed 7940K, reserved 1048576K
}

Deoptimization events (10 events):
Event: 11759.425 Thread 0x0000000021782800 Uncommon trap: reason=unstable_if action=reinterpret pc=0x0000000005ac080c method=java.util.TimSort.mergeCollapse()V @ 61
Event: 11759.425 Thread 0x0000000021782800 Uncommon trap: reason=unstable_if action=reinterpret pc=0x0000000005300d5c method=java.util.TimSort.mergeAt(I)V @ 170
Event: 11759.463 Thread 0x0000000021782800 Uncommon trap: reason=unstable_if action=reinterpret pc=0x00000000045555cc method=org.eclipse.jdt.core.Signature.getSimpleName(Ljava/lang/String;)Ljava/lang/String; @ 66
Event: 11759.749 Thread 0x0000000021782800 Uncommon trap: reason=bimorphic action=maybe_recompile pc=0x0000000005399ac0 method=java.util.regex.Pattern$BnM.match(Ljava/util/regex/Matcher;ILjava/lang/CharSequence;)Z @ 111
Event: 11760.622 Thread 0x00000000217c7800 Uncommon trap: reason=unstable_if action=reinterpret pc=0x0000000003597b18 method=java.net.URI.decode(Ljava/lang/String;)Ljava/lang/String; @ 262
Event: 11760.641 Thread 0x00000000217c7800 Uncommon trap: reason=class_check action=maybe_recompile pc=0x0000000004edafa8 method=org.eclipse.jdt.internal.core.JavaModelCache.peekAtInfo(Lorg/eclipse/jdt/core/IJavaElement;)Ljava/lang/Object; @ 67
Event: 11760.657 Thread 0x00000000217c7800 Uncommon trap: reason=unstable_if action=reinterpret pc=0x00000000051df538 method=com.overzealous.remark.util.BlockWriter.testFirstPrepend()V @ 11
Event: 11761.646 Thread 0x0000000021784000 Uncommon trap: reason=unstable_if action=reinterpret pc=0x00000000060a9878 method=org.eclipse.jdt.internal.corext.util.JavaModelUtil.isSameMethodSignature(Ljava/lang/String;[Ljava/lang/String;ZLorg/eclipse/jdt/core/IMethod;)Z @ 81
Event: 11764.053 Thread 0x0000000021787000 Uncommon trap: reason=unstable_if action=reinterpret pc=0x0000000005b0754c method=org.eclipse.jdt.internal.core.util.PublicScanner.getNextToken()I @ 2801
Event: 11765.857 Thread 0x0000000021784000 Uncommon trap: reason=unstable_if action=reinterpret pc=0x0000000005f6f2fc method=org.eclipse.jdt.core.dom.DefaultCommentMapper.getExtendedEnd(Lorg/eclipse/jdt/core/dom/ASTNode;)I @ 14

Classes redefined (0 events):
No events

Internal exceptions (10 events):
Event: 11771.649 Thread 0x0000000021784000 Implicit null exception at 0x0000000004706830 to 0x000000000470836c
Event: 11771.649 Thread 0x0000000021784000 Exception <a 'java/lang/NullPointerException'> (0x00000000ce927e68) thrown at [C:\cygwin64\tmp\openjdk-jdk8u-windows-x64-hotspot\workspace\build\src\hotspot\src\share\vm\runtime\sharedRuntime.cpp, line 605]
Event: 11771.985 Thread 0x0000000021784000 Implicit null exception at 0x0000000004706830 to 0x000000000470836c
Event: 11771.985 Thread 0x0000000021784000 Exception <a 'java/lang/NullPointerException'> (0x00000000ce179df8) thrown at [C:\cygwin64\tmp\openjdk-jdk8u-windows-x64-hotspot\workspace\build\src\hotspot\src\share\vm\runtime\sharedRuntime.cpp, line 605]
Event: 11771.986 Thread 0x0000000021784000 Implicit null exception at 0x0000000004706830 to 0x000000000470836c
Event: 11771.986 Thread 0x0000000021784000 Exception <a 'java/lang/NullPointerException'> (0x00000000ce1f2cf8) thrown at [C:\cygwin64\tmp\openjdk-jdk8u-windows-x64-hotspot\workspace\build\src\hotspot\src\share\vm\runtime\sharedRuntime.cpp, line 605]
Event: 11772.025 Thread 0x0000000021784000 Implicit null exception at 0x0000000004706830 to 0x000000000470836c
Event: 11772.025 Thread 0x0000000021784000 Exception <a 'java/lang/NullPointerException'> (0x00000000cd6b11f8) thrown at [C:\cygwin64\tmp\openjdk-jdk8u-windows-x64-hotspot\workspace\build\src\hotspot\src\share\vm\runtime\sharedRuntime.cpp, line 605]
Event: 11772.025 Thread 0x0000000021784000 Implicit null exception at 0x0000000004706830 to 0x000000000470836c
Event: 11772.025 Thread 0x0000000021784000 Exception <a 'java/lang/NullPointerException'> (0x00000000cd52a170) thrown at [C:\cygwin64\tmp\openjdk-jdk8u-windows-x64-hotspot\workspace\build\src\hotspot\src\share\vm\runtime\sharedRuntime.cpp, line 605]

Events (10 events):
Event: 11770.662 Thread 0x0000000021786800 Thread exited: 0x0000000021786800
Event: 11771.497 Thread 0x0000000021786800 Thread added: 0x0000000021786800
Event: 11771.565 Thread 0x0000000021786800 Thread exited: 0x0000000021786800
Event: 11771.625 Thread 0x0000000021786800 Thread added: 0x0000000021786800
Event: 11771.645 Thread 0x0000000021784000 Thread added: 0x0000000021784000
Event: 11771.645 Thread 0x0000000021786800 Thread exited: 0x0000000021786800
Event: 11771.660 Thread 0x0000000021784000 Thread exited: 0x0000000021784000
Event: 11771.980 Thread 0x0000000021784000 Thread added: 0x0000000021784000
Event: 11772.008 Thread 0x0000000021784000 DEOPT PACKING pc=0x000000000515a722 sp=0x000000001f48e370
Event: 11772.008 Thread 0x0000000021784000 DEOPT UNPACKING pc=0x00000000024771d0 sp=0x000000001f48e260 mode 0


Dynamic libraries:
0x000000013ffb0000 - 0x000000013ffea000 	C:\Program Files\AdoptOpenJDK\jdk-8.0.242.08-hotspot\bin\java.exe
0x0000000077570000 - 0x000000007770f000 	C:\Windows\SYSTEM32\ntdll.dll
0x000007fef2ae0000 - 0x000007fef2af3000 	C:\Program Files\AVAST Software\Avast\aswhook.dll
0x0000000077450000 - 0x000000007756f000 	C:\Windows\system32\kernel32.dll
0x000007fefd1d0000 - 0x000007fefd237000 	C:\Windows\system32\KERNELBASE.dll
0x000007fefd480000 - 0x000007fefd55b000 	C:\Windows\system32\ADVAPI32.dll
0x000007feff260000 - 0x000007feff2ff000 	C:\Windows\system32\msvcrt.dll
0x000007feff520000 - 0x000007feff53f000 	C:\Windows\SYSTEM32\sechost.dll
0x000007fefdba0000 - 0x000007fefdccc000 	C:\Windows\system32\RPCRT4.dll
0x0000000077350000 - 0x000000007744a000 	C:\Windows\system32\USER32.dll
0x000007fefdb30000 - 0x000007fefdb97000 	C:\Windows\system32\GDI32.dll
0x000007fefddb0000 - 0x000007fefddbe000 	C:\Windows\system32\LPK.dll
0x000007feff380000 - 0x000007feff44b000 	C:\Windows\system32\USP10.dll
0x000007fefbb10000 - 0x000007fefbd05000 	C:\Windows\WinSxS\amd64_microsoft.windows.common-controls_6595b64144ccf1df_6.0.7601.24483_none_e372d88f30fbb845\COMCTL32.dll
0x000007fefeb80000 - 0x000007fefebf1000 	C:\Windows\system32\SHLWAPI.dll
0x000007fefeb50000 - 0x000007fefeb7e000 	C:\Windows\system32\IMM32.DLL
0x000007feff150000 - 0x000007feff25b000 	C:\Windows\system32\MSCTF.dll
0x000007fed3ac0000 - 0x000007fed3baf000 	C:\Program Files\AdoptOpenJDK\jdk-8.0.242.08-hotspot\jre\bin\msvcr120.dll
0x000007fed51c0000 - 0x000007fed5266000 	C:\Program Files\AdoptOpenJDK\jdk-8.0.242.08-hotspot\jre\bin\msvcp120.dll
0x0000000064c70000 - 0x0000000065471000 	C:\Program Files\AdoptOpenJDK\jdk-8.0.242.08-hotspot\jre\bin\server\jvm.dll
0x000007fefa100000 - 0x000007fefa109000 	C:\Windows\system32\WSOCK32.dll
0x000007feff810000 - 0x000007feff85d000 	C:\Windows\system32\WS2_32.dll
0x000007feff470000 - 0x000007feff478000 	C:\Windows\system32\NSI.dll
0x000007fefafd0000 - 0x000007fefb00b000 	C:\Windows\system32\WINMM.dll
0x000007fefc1a0000 - 0x000007fefc1ac000 	C:\Windows\system32\VERSION.dll
0x0000000077720000 - 0x0000000077727000 	C:\Windows\system32\PSAPI.DLL
0x000007fef3870000 - 0x000007fef387f000 	C:\Program Files\AdoptOpenJDK\jdk-8.0.242.08-hotspot\jre\bin\verify.dll
0x000007feeddd0000 - 0x000007feeddf8000 	C:\Program Files\AdoptOpenJDK\jdk-8.0.242.08-hotspot\jre\bin\java.dll
0x000007fef03e0000 - 0x000007fef040a000 	C:\Program Files\AdoptOpenJDK\jdk-8.0.242.08-hotspot\jre\bin\instrument.dll
0x000007fef1240000 - 0x000007fef1256000 	C:\Program Files\AdoptOpenJDK\jdk-8.0.242.08-hotspot\jre\bin\zip.dll
0x000007fefddc0000 - 0x000007fefeb4b000 	C:\Windows\system32\SHELL32.dll
0x000007fefd560000 - 0x000007fefd75f000 	C:\Windows\system32\ole32.dll
0x000007fefd0c0000 - 0x000007fefd0cf000 	C:\Windows\system32\profapi.dll
0x000007fef3310000 - 0x000007fef332a000 	C:\Program Files\AdoptOpenJDK\jdk-8.0.242.08-hotspot\jre\bin\net.dll
0x000007fefc800000 - 0x000007fefc855000 	C:\Windows\system32\mswsock.dll
0x000007fefc7f0000 - 0x000007fefc7f7000 	C:\Windows\System32\wship6.dll
0x000007fef03c0000 - 0x000007fef03d2000 	C:\Program Files\AdoptOpenJDK\jdk-8.0.242.08-hotspot\jre\bin\nio.dll
0x000007fefc860000 - 0x000007fefc878000 	C:\Windows\system32\CRYPTSP.dll
0x000007fefc560000 - 0x000007fefc5a7000 	C:\Windows\system32\rsaenh.dll
0x000007fefd3c0000 - 0x000007fefd3df000 	C:\Windows\system32\USERENV.dll
0x000007fefcf20000 - 0x000007fefcf2f000 	C:\Windows\system32\CRYPTBASE.dll
0x000007fefa310000 - 0x000007fefa337000 	C:\Windows\system32\IPHLPAPI.DLL
0x000007fefa300000 - 0x000007fefa30b000 	C:\Windows\system32\WINNSI.DLL
0x000007fefa110000 - 0x000007fefa128000 	C:\Windows\system32\dhcpcsvc.DLL
0x000007fef9dc0000 - 0x000007fef9dd1000 	C:\Windows\system32\dhcpcsvc6.DLL
0x000007fee9e90000 - 0x000007fee9eb9000 	C:\Users\FamiliaBraz\AppData\Roaming\Code\User\globalStorage\redhat.java\0.63.0\config_win\org.eclipse.equinox.launcher\org.eclipse.equinox.launcher.win32.win32.x86_64_1.1.1200.v20200508-1552\eclipse_11000.dll
0x000007fee9e70000 - 0x000007fee9e81000 	C:\Users\FamiliaBraz\AppData\Roaming\Code\User\globalStorage\redhat.java\0.63.0\config_win\org.eclipse.osgi\20\0\.cp\jWinHttp-1.0.0.dll
0x000007fef8cb0000 - 0x000007fef8d21000 	C:\Windows\system32\WINHTTP.dll
0x000007fef8c40000 - 0x000007fef8ca5000 	C:\Windows\system32\webio.dll
0x000007fefce80000 - 0x000007fefcea5000 	C:\Windows\system32\SspiCli.dll
0x000007fefc4b0000 - 0x000007fefc4ba000 	C:\Windows\system32\credssp.dll
0x000007fefd160000 - 0x000007fefd196000 	C:\Windows\system32\CFGMGR32.dll
0x000007fee8220000 - 0x000007fee8243000 	C:\Program Files\AdoptOpenJDK\jdk-8.0.242.08-hotspot\jre\bin\sunec.dll
0x000007fef35f0000 - 0x000007fef35fb000 	C:\Program Files\AdoptOpenJDK\jdk-8.0.242.08-hotspot\jre\bin\sunmscapi.dll
0x000007fefd250000 - 0x000007fefd3bd000 	C:\Windows\system32\CRYPT32.dll
0x000007fefd0d0000 - 0x000007fefd0df000 	C:\Windows\system32\MSASN1.dll
0x000007fefc270000 - 0x000007fefc277000 	C:\Windows\System32\wshtcpip.dll
0x000007fefc680000 - 0x000007fefc6db000 	C:\Windows\system32\DNSAPI.dll
0x000007fef6530000 - 0x000007fef6538000 	C:\Windows\system32\rasadhlp.dll
0x000007fefa190000 - 0x000007fefa1e3000 	C:\Windows\System32\fwpuclnt.dll
0x000007fef8720000 - 0x000007fef8845000 	C:\Windows\system32\dbghelp.dll

VM Arguments:
jvm_args: -Declipse.application=org.eclipse.jdt.ls.core.id1 -Dosgi.bundles.defaultStartLevel=4 -Declipse.product=org.eclipse.jdt.ls.core.product -Dfile.encoding=utf8 -DwatchParentProcess=false -Xmx1G -XX:+UseG1GC -XX:+UseStringDeduplication -javaagent:c:\Users\FamiliaBraz\.vscode\extensions\gabrielbb.vscode-lombok-1.0.1\server\lombok.jar -Xverify:none 
java_command: c:\Users\FamiliaBraz\.vscode\extensions\redhat.java-0.63.0\server\plugins\org.eclipse.equinox.launcher_1.5.700.v20200207-2156.jar -configuration c:\Users\FamiliaBraz\AppData\Roaming\Code\User\globalStorage\redhat.java\0.63.0\config_win -data c:\Users\FamiliaBraz\AppData\Roaming\Code\User\workspaceStorage\b96c7a3a862e0534ff9deb7426ed5608\redhat.java\jdt_ws
java_class_path (initial): c:\Users\FamiliaBraz\.vscode\extensions\redhat.java-0.63.0\server\plugins\org.eclipse.equinox.launcher_1.5.700.v20200207-2156.jar;c:\Users\FamiliaBraz\.vscode\extensions\gabrielbb.vscode-lombok-1.0.1\server\lombok.jar
Launcher Type: SUN_STANDARD

Environment Variables:
JAVA_HOME=C:\Program Files\AdoptOpenJDK\jdk-8.0.242.08-hotspot\
PATH=C:\Program Files\AdoptOpenJDK\jdk-8.0.242.08-hotspot\bin;C:\Program Files (x86)\Common Files\Oracle\Java\javapath;C:\Windows\system32;C:\Windows;C:\Windows\System32\Wbem;C:\Windows\System32\WindowsPowerShell\v1.0\;C:\Program Files\nodejs\;C:\Program Files (x86)\Intel\OpenCL SDK\2.0\bin\x86;C:\Program Files (x86)\Intel\OpenCL SDK\2.0\bin\x64;C:\Program Files\Git\cmd;;C:\Users\FamiliaBraz\AppData\Local\Programs\Microsoft VS Code\bin;C:\Users\FamiliaBraz\AppData\Roaming\npm
USERNAME=FamiliaBraz
OS=Windows_NT
PROCESSOR_IDENTIFIER=Intel64 Family 6 Model 42 Stepping 7, GenuineIntel



---------------  S Y S T E M  ---------------

OS: Windows 7 , 64 bit Build 7601 (6.1.7601.24545)

CPU:total 2 (initial active 2) (2 cores per cpu, 1 threads per core) family 6 model 42 stepping 7, cmov, cx8, fxsr, mmx, sse, sse2, sse3, ssse3, sse4.1, sse4.2, popcnt, clmul, tsc, tscinvbit

Memory: 4k page, physical 6182256k(1383980k free), swap 12362612k(7195192k free)

vm_info: OpenJDK 64-Bit Server VM (25.242-b08) for windows-amd64 JRE (1.8.0_242-b08), built on Jan 19 2020 14:45:52 by "jenkins" with MS VC++ 12.0 (VS2013)

time: Mon Jul 06 17:11:00 2020
timezone: Hora oficial do Brasil
elapsed time: 11772 seconds (0d 3h 16m 12s)

